# This file contains stats about hypervolume
1 99032427.734239 
2 99187040.066656 
3 99187040.426371 
4 99350975.649832 
5 99350978.112548 
6 99382307.605777 
7 99426252.211598 
8 99503554.501974 
9 99604175.360517 
10 99604175.433011 
11 99604175.437701 
12 99711113.039533 
13 99769866.468261 
14 99769867.022747 
15 99769867.062562 
16 99810297.687178 
17 99810297.740655 
18 99810297.781483 
19 99833439.729023 
20 99833440.035745 
21 99833440.039871 
22 99833440.039872 
23 99833440.048859 
24 99833440.048859 
25 99876222.061662 
26 99880660.410870 
27 99880660.439120 
28 99880660.492787 
29 99898393.531312 
30 99898393.553014 
31 99898393.564711 
32 99912818.544847 
33 99912818.544847 
34 99912818.544847 
35 99912818.544847 
36 99912818.588305 
37 99916157.563714 
38 99919724.716282 
39 99922021.566679 
40 99922021.583864 
41 99922021.596503 
42 99924411.888049 
43 99939407.932503 
44 99941754.362985 
45 99941754.363059 
46 99947374.402905 
47 99947374.403418 
48 99947374.413854 
49 99958619.967637 
50 99958619.974428 
51 99958619.986748 
52 99958619.999292 
53 99958933.226233 
54 99960303.861855 
55 99960303.861882 
56 99960303.862053 
57 99960303.862086 
58 99960303.869915 
59 99960303.870183 
60 99960303.870337 
61 99960303.870831 
62 99960706.534443 
63 99960706.534922 
64 99967447.632742 
65 99967447.640931 
66 99968179.031500 
67 99969968.492436 
68 99969968.492436 
69 99969968.492468 
70 99969968.498367 
71 99971089.359964 
72 99971089.359964 
73 99977295.472022 
74 99977295.472022 
75 99977295.476375 
76 99977473.295851 
77 99977473.295851 
78 99979593.956108 
79 99984466.032607 
80 99984466.032607 
81 99984466.033279 
82 99984466.033279 
83 99984466.033279 
84 99984466.033280 
85 99984466.033777 
86 99984542.704029 
87 99984542.704031 
88 99985351.879759 
89 99985351.879759 
90 99985351.879804 
91 99986188.279308 
92 99986188.279358 
93 99986188.279390 
94 99987291.487911 
95 99987291.487933 
96 99988040.718110 
97 99988040.718424 
98 99988301.693158 
99 99990558.211327 
100 99990558.216518 
101 99990558.216706 
102 99991120.289886 
103 99991522.032563 
104 99991522.039864 
105 99992080.887925 
106 99992098.096162 
107 99992098.113411 
108 99992204.198810 
109 99992296.992891 
110 99992500.743974 
111 99992958.043484 
112 99992958.045706 
113 99993164.343353 
114 99994588.443206 
115 99994588.451624 
116 99994588.458931 
117 99994588.463422 
118 99994588.463443 
119 99995137.536742 
120 99995748.185085 
121 99995748.188872 
122 99995816.317171 
123 99995816.317913 
124 99996153.877108 
125 99996153.880070 
126 99996738.371097 
127 99996738.372941 
128 99996747.849065 
129 99996783.727985 
130 99996783.728501 
131 99997039.077957 
132 99997039.078983 
133 99997086.734897 
134 99997107.113497 
135 99997107.113753 
136 99997107.114203 
137 99997107.114537 
138 99997179.732787 
139 99997179.732978 
140 99997209.029696 
141 99997453.645017 
142 99997453.645195 
143 99997453.645512 
144 99997453.646091 
145 99997458.170014 
146 99997522.332412 
147 99997522.332663 
148 99997522.333066 
149 99997522.333127 
150 99997525.507265 
151 99997525.507678 
152 99997672.779543 
153 99997672.779663 
154 99997673.927796 
155 99998297.960951 
156 99998297.961152 
157 99998314.418186 
158 99998314.420112 
159 99998314.420465 
160 99998644.748765 
161 99998644.749300 
162 99998644.749805 
163 99998714.144574 
164 99998714.144749 
165 99998714.145183 
166 99998714.145322 
167 99998915.074324 
168 99998915.074505 
169 99998915.074929 
170 99998915.075287 
171 99998922.726915 
172 99998965.533496 
173 99999390.695872 
174 99999394.802015 
175 99999394.802127 
176 99999402.595473 
177 99999402.595533 
178 99999402.596494 
179 99999736.895279 
180 99999736.896193 
181 99999736.896383 
182 99999736.896528 
183 99999736.896867 
184 99999736.897362 
185 99999736.897363 
186 99999736.897617 
187 99999755.683223 
188 99999830.716231 
189 99999830.716504 
190 99999839.478739 
191 99999839.478482 
192 99999863.625054 
193 99999868.996870 
194 99999868.997236 
195 99999868.997270 
196 99999868.997447 
197 99999868.997936 
198 99999868.997987 
199 99999868.998228 
200 99999868.998474 
201 99999868.998659 
202 99999868.998442 
203 99999871.587629 
204 99999876.553655 
205 99999876.553963 
206 99999876.554157 
207 99999876.554092 
208 99999876.554249 
209 99999876.554630 
210 99999876.554623 
211 99999876.554786 
212 99999876.554742 
213 99999876.554962 
214 99999876.555175 
215 99999876.555300 
216 99999876.555593 
217 99999876.555706 
218 99999880.834933 
219 99999884.366357 
220 99999884.366722 
221 99999884.366769 
222 99999895.863368 
223 99999895.863345 
224 99999902.331027 
225 99999902.330935 
226 99999902.331126 
227 99999902.331349 
228 99999902.331150 
229 99999902.331263 
230 99999903.588168 
231 99999903.588498 
232 99999903.588727 
233 99999903.588915 
234 99999903.588880 
235 99999903.588927 
236 99999903.589142 
237 99999908.821697 
238 99999908.821844 
239 99999908.821855 
240 99999908.821711 
241 99999908.821485 
242 99999908.821608 
243 99999908.821578 
244 99999908.822767 
245 99999908.822824 
246 99999908.822837 
247 99999909.407060 
248 99999909.406984 
249 99999911.390336 
250 99999911.390344 
251 99999911.390377 
252 99999911.390505 
253 99999911.390598 
254 99999911.390283 
255 99999911.390188 
256 99999911.390396 
257 99999911.390477 
258 99999911.390558 
259 99999911.390579 
260 99999911.390886 
261 99999911.391010 
262 99999911.390779 
263 99999916.364424 
264 99999916.364496 
265 99999916.364662 
266 99999916.364846 
267 99999916.364837 
268 99999916.364827 
269 99999916.364589 
270 99999916.364608 
271 99999918.335100 
272 99999918.335160 
273 99999918.335301 
274 99999922.603162 
275 99999922.603115 
276 99999922.603116 
277 99999922.603268 
278 99999922.603301 
279 99999922.603310 
280 99999922.603380 
281 99999922.603485 
282 99999922.603569 
283 99999922.603875 
284 99999923.129386 
285 99999923.129315 
286 99999923.129384 
287 99999923.129160 
288 99999923.129400 
289 99999923.129280 
290 99999923.129210 
291 99999923.129495 
292 99999923.129563 
293 99999923.129382 
294 99999923.129385 
295 99999923.129395 
296 99999923.129355 
297 99999923.129469 
298 99999923.129288 
299 99999923.129214 
300 99999923.129559 
301 99999923.129745 
302 99999923.129806 
303 99999923.129973 
304 99999923.130438 
305 99999923.130559 
306 99999923.200452 
307 99999923.200499 
308 99999923.200414 
309 99999923.200528 
310 99999923.282084 
311 99999923.282082 
312 99999923.282338 
313 99999923.282501 
314 99999923.282492 
315 99999923.282679 
316 99999923.282969 
317 99999960.969709 
318 99999960.969990 
319 99999960.970023 
320 99999960.970225 
321 99999960.970377 
322 99999960.970622 
323 99999964.703638 
324 99999964.703834 
325 99999964.703755 
326 99999964.703982 
327 99999964.704090 
328 99999964.866248 
329 99999966.698883 
330 99999966.698938 
331 99999966.698673 
332 99999966.699063 
333 99999966.699515 
334 99999966.699625 
335 99999966.699660 
336 99999966.699885 
337 99999966.700322 
338 99999967.130826 
339 99999967.130840 
340 99999967.131004 
341 99999967.131045 
342 99999967.131185 
343 99999967.131244 
344 99999967.180366 
345 99999967.180357 
346 99999967.211031 
347 99999967.211041 
348 99999967.685762 
349 99999967.685965 
350 99999967.686211 
351 99999967.686349 
352 99999967.686315 
353 99999967.686043 
354 99999967.685824 
355 99999967.685955 
356 99999967.685980 
357 99999967.712577 
358 99999967.712532 
359 99999968.200944 
360 99999968.200827 
361 99999968.201198 
362 99999969.739447 
363 99999982.136978 
364 99999982.136852 
365 99999982.137298 
366 99999988.476660 
367 99999988.761615 
368 99999988.761797 
369 99999988.761912 
370 99999988.762065 
371 99999988.762003 
372 99999988.762173 
373 99999988.762246 
374 99999988.762220 
375 99999988.762258 
376 99999988.762355 
377 99999988.762275 
378 99999988.762156 
379 99999988.762380 
380 99999988.762423 
381 99999988.762488 
382 99999988.762488 
383 99999988.762697 
384 99999988.793095 
385 99999988.793247 
386 99999988.793258 
387 99999988.793331 
388 99999988.793465 
389 99999988.793333 
390 99999988.793380 
391 99999988.793434 
392 99999988.793382 
393 99999988.793398 
394 99999988.793494 
395 99999988.793452 
396 99999988.793354 
397 99999988.793599 
398 99999988.793753 
399 99999988.793609 
400 99999988.793749 
401 99999988.793671 
402 99999988.793661 
403 99999988.793631 
404 99999988.793713 
405 99999988.793689 
406 99999988.793462 
407 99999988.793541 
408 99999988.793191 
409 99999988.793448 
410 99999988.920570 
411 99999988.920720 
412 99999988.922052 
413 99999988.921998 
414 99999988.921928 
415 99999989.409324 
416 99999989.409570 
417 99999989.409429 
418 99999989.885014 
419 99999990.336906 
420 99999990.659467 
421 99999991.257404 
422 99999991.257504 
423 99999991.257377 
424 99999991.257371 
425 99999991.257203 
426 99999991.257178 
427 99999991.257409 
428 99999991.293769 
429 99999991.293877 
430 99999991.294008 
431 99999991.294043 
432 99999991.294165 
433 99999991.294256 
434 99999991.717132 
435 99999991.717309 
436 99999991.717070 
437 99999991.756769 
438 99999991.756856 
439 99999991.756707 
440 99999991.756793 
441 99999991.756847 
442 99999991.851595 
443 99999991.851686 
444 99999991.851654 
445 99999991.851582 
446 99999991.851700 
447 99999991.851664 
448 99999992.193101 
449 99999992.193245 
450 99999992.193222 
451 99999992.193090 
452 99999992.193013 
453 99999992.193180 
454 99999992.193251 
455 99999992.193153 
456 99999992.193185 
457 99999992.193018 
458 99999992.193034 
459 99999992.265870 
460 99999992.265988 
461 99999992.266112 
462 99999992.266206 
463 99999992.265866 
464 99999992.265531 
465 99999992.265436 
466 99999992.265560 
467 99999992.266375 
468 99999992.266545 
469 99999992.266692 
470 99999992.273741 
