# This file contains the data of final population
# of objectives = 2, # of constraints = 0, # of real_var = 10, # of bits of bin_var = 0, constr_violation, rank, crowding_distance
0.000000e+00	1.000056e+00	0.000000e+00	7.220605e-05	-4.745422e-05	-1.259111e-04	1.380465e-05	1.565585e-04	-1.626282e-05	1.779983e-05	2.419679e-05	-1.478805e-04	0.000000e+00	1	1.000000e+14
9.992142e-01	4.321555e-04	9.992142e-01	8.309537e-05	3.212070e-05	-1.225476e-04	-5.198519e-05	1.529057e-04	-6.929169e-05	1.880129e-05	1.410136e-04	-1.579765e-04	0.000000e+00	1	1.000000e+14
6.746531e-02	7.404077e-01	6.746531e-02	3.295632e-04	2.605106e-05	-1.316213e-04	1.542892e-04	1.678310e-04	-9.027574e-05	5.006470e-06	-5.697470e-06	-1.707435e-04	0.000000e+00	1	2.028856e-02
3.879210e-02	8.031734e-01	3.879210e-02	2.496696e-04	7.688131e-05	-1.893632e-04	1.533654e-04	1.723711e-04	-6.256831e-05	5.006470e-06	4.028598e-06	-1.475988e-04	0.000000e+00	1	1.831951e-02
3.543152e-01	4.048737e-01	3.543152e-01	1.952624e-04	7.608453e-05	-3.382545e-04	-2.780391e-06	1.497821e-04	-8.262240e-05	-1.751317e-05	1.041630e-05	-1.538431e-04	0.000000e+00	1	1.798466e-02
5.031092e-01	2.907404e-01	5.031092e-01	5.261419e-05	1.861537e-05	-1.238055e-04	-1.335667e-06	1.546213e-04	-6.759812e-06	-1.395519e-04	-1.788380e-05	-1.440636e-04	0.000000e+00	1	1.623464e-02
5.884213e-02	7.575595e-01	5.884213e-02	2.926960e-04	7.437353e-05	-5.799379e-05	2.384507e-05	1.804200e-04	-8.587516e-07	-1.356877e-04	1.454051e-04	-1.579928e-04	0.000000e+00	1	1.608071e-02
4.451383e-01	3.328781e-01	4.451383e-01	1.794295e-04	-2.590911e-05	-1.244433e-04	1.612757e-04	1.171959e-04	7.687969e-05	8.835499e-05	1.017058e-04	-1.052576e-04	0.000000e+00	1	1.576832e-02
8.360786e-01	8.567164e-02	8.360786e-01	1.960221e-04	1.066702e-04	-1.326981e-04	-2.072133e-05	1.157382e-04	-4.311772e-05	-9.698042e-06	5.932918e-06	-1.469612e-04	0.000000e+00	1	1.542139e-02
6.114218e-03	9.220907e-01	6.114218e-03	5.129068e-04	3.840031e-05	-1.893244e-04	-3.149982e-05	1.743041e-04	-1.011339e-05	7.864539e-06	1.450861e-04	-1.453950e-04	0.000000e+00	1	1.506659e-02
8.493703e-01	7.844150e-02	8.493703e-01	1.985362e-04	9.944666e-05	-1.380127e-04	1.379142e-05	1.169751e-04	-5.368725e-06	-1.789081e-05	1.419541e-04	-1.575320e-04	0.000000e+00	1	1.457087e-02
9.047196e-01	4.887773e-02	9.047196e-01	9.993878e-05	4.223905e-05	-1.433640e-04	1.116625e-04	1.367410e-04	-9.264259e-06	-5.137020e-05	1.462149e-04	-1.467339e-04	0.000000e+00	1	1.422574e-02
9.208038e-01	4.044128e-02	9.208038e-01	5.167077e-05	-3.079037e-05	-1.258744e-05	-4.630914e-05	1.802799e-04	-8.184541e-06	1.814524e-05	6.382823e-05	-1.468361e-04	0.000000e+00	1	1.420404e-02
5.312020e-01	2.713280e-01	5.312020e-01	9.796393e-05	3.252028e-05	-1.468009e-04	5.040051e-06	1.674732e-04	-6.275973e-06	-1.967107e-05	4.944103e-04	-1.459466e-04	0.000000e+00	1	1.385772e-02
7.172838e-01	1.531000e-01	7.172838e-01	8.711548e-05	-2.373428e-05	-6.895497e-05	-3.052200e-05	1.161557e-04	-1.083293e-05	1.239646e-05	5.955214e-05	-1.610331e-04	0.000000e+00	1	1.385095e-02
1.505529e-01	6.120477e-01	1.505529e-01	8.892579e-05	6.705897e-05	-1.509488e-04	-9.690665e-06	1.394336e-04	-7.052507e-05	-8.721756e-06	-1.249831e-05	-1.812934e-04	0.000000e+00	1	1.378298e-02
5.435081e-01	2.628386e-01	5.435081e-01	1.684978e-04	-1.846378e-05	-1.502449e-04	5.235154e-05	1.629799e-04	1.796274e-05	-2.031207e-05	1.421897e-04	-1.895605e-04	0.000000e+00	1	1.364227e-02
6.743107e-01	1.789154e-01	6.743107e-01	2.560720e-04	-1.409288e-05	-1.297248e-04	1.516588e-04	1.675774e-04	-8.936256e-05	6.941481e-06	-2.369058e-06	-1.709372e-04	0.000000e+00	1	1.322853e-02
4.054615e-01	3.633360e-01	4.054615e-01	-3.044162e-04	-7.173713e-05	-1.080574e-04	-4.088251e-05	1.595714e-04	-7.490189e-05	-6.527957e-05	1.714087e-05	-1.697061e-04	0.000000e+00	1	1.297815e-02
2.141650e-01	5.372890e-01	2.141650e-01	9.307962e-05	1.083975e-04	-1.397906e-04	9.302567e-05	1.445784e-04	-9.726915e-07	-5.980965e-06	1.514664e-04	-1.431800e-04	0.000000e+00	1	1.290456e-02
3.635433e-01	3.971869e-01	3.635433e-01	2.686226e-04	5.542550e-05	-1.620356e-04	-2.338971e-04	1.742096e-04	-5.449268e-05	1.051452e-06	1.087855e-04	-1.961354e-04	0.000000e+00	1	1.284410e-02
3.439748e-01	4.135661e-01	3.439748e-01	1.851460e-04	1.101081e-04	-6.782261e-05	-2.358071e-05	1.501939e-04	-1.025013e-04	-2.153963e-05	-4.025254e-08	-1.478801e-04	0.000000e+00	1	1.282839e-02
3.316182e-01	4.242346e-01	3.316182e-01	8.352584e-05	4.448815e-05	-3.382545e-04	-2.780391e-06	1.385686e-04	-8.200251e-05	-1.751317e-05	1.041630e-05	-1.538431e-04	0.000000e+00	1	1.277602e-02
8.549406e-01	7.541062e-02	8.549406e-01	9.594691e-05	1.016057e-04	-1.421323e-04	1.379142e-05	1.566832e-04	-2.425455e-05	-1.789081e-05	1.412145e-04	-1.012510e-04	0.000000e+00	1	1.262194e-02
2.683915e-01	4.820941e-01	2.683915e-01	2.688510e-04	2.654751e-05	-3.658011e-04	-3.920592e-05	1.484969e-04	-8.391535e-05	7.390456e-05	1.313289e-05	-1.696730e-04	0.000000e+00	1	1.257874e-02
7.425192e-01	1.383507e-01	7.425192e-01	8.595208e-05	6.759091e-05	-1.509488e-04	-1.290843e-05	1.448667e-04	-1.022742e-04	7.067513e-05	2.640667e-05	-1.750774e-04	0.000000e+00	1	1.242031e-02
1.072848e-02	8.964732e-01	1.072848e-02	7.876292e-05	2.592646e-05	-7.305094e-05	-1.943116e-05	1.127798e-04	-3.618535e-05	7.288134e-05	1.273156e-04	-1.436487e-04	0.000000e+00	1	1.240889e-02
4.505909e-02	7.878270e-01	4.505909e-02	8.699280e-05	6.004367e-05	-7.436171e-05	-2.235351e-04	1.441955e-04	-1.587687e-05	-5.698873e-05	1.327698e-04	-1.744900e-04	0.000000e+00	1	1.235009e-02
5.271310e-01	2.741598e-01	5.271310e-01	2.644263e-04	2.953161e-05	-1.468009e-04	5.040051e-06	1.457135e-04	-7.330115e-05	-1.967107e-05	5.019444e-04	-1.459466e-04	0.000000e+00	1	1.226665e-02
4.582544e-01	3.230962e-01	4.582544e-01	7.850505e-05	7.515795e-05	-1.234806e-04	-1.138680e-05	1.566683e-04	-6.751279e-05	-5.150624e-06	-2.269468e-05	-1.476461e-04	0.000000e+00	1	1.217599e-02
7.576878e-01	1.295931e-01	7.576878e-01	8.654703e-05	4.897004e-05	-1.020250e-04	-2.358085e-05	1.586231e-04	-7.425597e-05	1.277381e-05	1.312543e-04	-1.831764e-04	0.000000e+00	1	1.205768e-02
7.500789e-01	1.339698e-01	7.500789e-01	5.438770e-05	-1.401948e-04	-9.285026e-05	-3.884044e-05	1.718866e-04	-2.069656e-05	-7.170974e-05	3.160557e-05	-1.487932e-04	0.000000e+00	1	1.197065e-02
3.651339e-03	9.397130e-01	3.651339e-03	2.944246e-04	7.829121e-05	-5.799379e-05	1.405954e-07	1.802583e-04	-8.587516e-07	-1.356877e-04	5.507289e-06	-1.860280e-04	0.000000e+00	1	1.192802e-02
1.572649e-01	6.035047e-01	1.572649e-01	2.258596e-04	-4.711270e-06	-1.353209e-04	-3.572386e-05	1.563824e-04	7.687969e-05	-6.686963e-06	9.752673e-07	-1.052576e-04	0.000000e+00	1	1.174965e-02
7.255104e-02	7.307122e-01	7.255104e-02	8.143637e-05	2.493760e-05	-1.361817e-04	-3.518241e-05	1.707212e-04	-8.776796e-05	-4.487806e-05	2.218402e-05	-1.700666e-04	0.000000e+00	1	1.162880e-02
1.737295e-01	5.832534e-01	1.737295e-01	4.870483e-05	2.240445e-05	-1.542846e-04	-4.520123e-05	1.287020e-04	1.007604e-04	5.956050e-05	1.667351e-04	-1.122594e-04	0.000000e+00	1	1.151393e-02
2.210682e-01	5.298811e-01	2.210682e-01	8.283958e-05	9.137913e-05	-1.607443e-04	1.448999e-04	1.058904e-04	1.146164e-05	-7.096753e-06	6.671944e-05	-1.458424e-04	0.000000e+00	1	1.150183e-02
5.138277e-01	2.833263e-01	5.138277e-01	-2.218058e-04	1.403188e-04	-1.145185e-04	1.303314e-04	1.529298e-04	-3.769134e-05	-1.696660e-04	3.334343e-04	-1.423738e-04	0.000000e+00	1	1.150068e-02
4.002469e-01	3.674083e-01	4.002469e-01	1.671011e-04	1.381365e-04	-1.108476e-04	-2.739642e-05	1.613659e-04	-3.690571e-05	4.383363e-06	1.012779e-06	-1.474923e-04	0.000000e+00	1	1.149249e-02
8.657503e-01	6.959384e-02	8.657503e-01	1.855592e-04	-1.935471e-05	-1.203655e-04	1.340875e-05	1.596455e-04	-9.039517e-06	-6.579593e-06	1.373693e-04	-1.624581e-04	0.000000e+00	1	1.141281e-02
9.753941e-01	1.241433e-02	9.753941e-01	6.277388e-05	3.184932e-05	-1.338383e-04	-2.191089e-05	1.118767e-04	-7.402414e-05	1.860564e-05	1.410136e-04	-1.588688e-04	0.000000e+00	1	1.125796e-02
5.166459e-01	2.812900e-01	5.166459e-01	-2.189503e-04	6.882145e-05	-1.312385e-04	1.516546e-04	1.454672e-04	-1.640677e-05	-1.045150e-05	-2.719868e-05	-1.572725e-04	0.000000e+00	1	1.124185e-02
8.124172e-01	9.871234e-02	8.124172e-01	2.502916e-04	7.513438e-05	-1.111270e-04	8.022322e-05	1.621449e-04	-5.160308e-06	-9.299486e-06	3.509755e-06	-1.067336e-04	0.000000e+00	1	1.121600e-02
1.609203e-01	5.989288e-01	1.609203e-01	2.244236e-04	1.148091e-04	-1.344085e-04	-2.694076e-05	1.471146e-04	8.038393e-05	1.351573e-05	-2.250489e-05	-1.074529e-04	0.000000e+00	1	1.113790e-02
7.513007e-03	9.134544e-01	7.513007e-03	1.972780e-04	2.046032e-05	-1.869071e-04	8.520319e-05	2.565213e-04	-6.809503e-06	7.703329e-05	1.331629e-05	-1.451151e-04	0.000000e+00	1	1.099610e-02
8.890509e-01	5.713752e-02	8.890509e-01	9.328108e-05	-1.281573e-04	-7.808300e-05	3.290942e-05	1.578528e-04	-6.781309e-05	7.319720e-05	2.098807e-05	-1.004885e-04	0.000000e+00	1	1.095096e-02
7.343865e-01	1.431023e-01	7.343865e-01	1.160767e-04	2.011053e-05	-1.231372e-04	1.612131e-04	1.450556e-04	-1.145545e-05	-1.204444e-04	1.450861e-04	-1.843546e-04	0.000000e+00	1	1.093482e-02
1.372199e-02	8.829092e-01	1.372199e-02	6.910454e-05	2.592646e-05	-1.252531e-04	-2.624412e-06	1.108959e-04	-8.427383e-05	7.562497e-05	1.413809e-07	-1.453172e-04	0.000000e+00	1	1.089075e-02
6.867949e-01	1.713493e-01	6.867949e-01	-3.372685e-04	1.065342e-04	-8.783827e-05	1.259018e-05	1.161577e-04	3.521786e-06	5.854290e-06	6.948283e-05	-1.477504e-04	0.000000e+00	1	1.087525e-02
1.219953e-01	6.508456e-01	1.219953e-01	-2.716100e-04	1.201996e-04	-1.429668e-04	1.379142e-05	1.570763e-04	-6.752147e-05	5.193053e-06	1.412145e-04	-1.781326e-04	0.000000e+00	1	1.073342e-02
3.043548e-01	4.484049e-01	3.043548e-01	1.971231e-04	-2.325813e-05	-1.389752e-04	-3.432550e-05	2.563203e-04	-6.564982e-05	-4.487806e-05	-4.911744e-06	-1.506681e-04	0.000000e+00	1	1.070485e-02
1.956661e-02	8.602203e-01	1.956661e-02	1.972780e-04	2.046032e-05	-1.869071e-04	8.952240e-05	1.692736e-04	-6.822532e-06	7.131416e-05	1.331629e-05	-1.451573e-04	0.000000e+00	1	1.061701e-02
6.957582e-01	1.659320e-01	6.957582e-01	1.854198e-04	1.080895e-04	-1.605023e-04	1.346175e-05	1.433556e-04	-9.732653e-06	5.452292e-06	3.063916e-07	-1.511354e-04	0.000000e+00	1	1.055085e-02
9.836630e-01	8.231983e-03	9.836630e-01	8.235448e-05	6.879205e-05	-1.344794e-04	-2.594947e-05	1.450498e-04	-7.348928e-06	-7.726795e-06	-2.715281e-05	-1.507671e-04	0.000000e+00	1	1.045899e-02
7.868134e-01	1.130515e-01	7.868134e-01	2.581135e-04	-1.692844e-05	-2.116453e-04	-3.107501e-05	1.695421e-04	-6.434990e-05	7.318792e-05	-1.545139e-05	-1.511629e-04	0.000000e+00	1	1.045529e-02
8.806535e-02	7.033402e-01	8.806535e-02	-2.306094e-04	2.404661e-05	-2.327555e-05	6.589675e-05	2.300827e-04	-6.059419e-05	7.332744e-05	1.880693e-05	-1.579377e-04	0.000000e+00	1	1.038141e-02
8.025938e-01	1.041686e-01	8.025938e-01	1.898437e-04	-2.141298e-05	-1.255327e-04	-1.859315e-05	1.165462e-04	7.915770e-05	8.837457e-05	1.079635e-04	-1.006556e-04	0.000000e+00	1	1.036923e-02
4.653311e-01	3.180296e-01	4.653311e-01	5.238250e-04	2.370264e-05	-1.255401e-04	-1.074704e-05	1.768932e-04	-6.620814e-07	-6.979990e-05	1.684174e-05	-1.452640e-04	0.000000e+00	1	1.033823e-02
2.086616e-01	5.432688e-01	2.086616e-01	6.332959e-05	1.336776e-04	-8.183538e-05	3.588081e-05	1.156778e-04	-3.684243e-05	-1.226990e-04	1.389519e-04	-1.594882e-04	0.000000e+00	1	1.025216e-02
4.313659e-01	3.433047e-01	4.313659e-01	2.285782e-04	-2.208417e-05	-1.544181e-04	-2.240667e-04	1.551849e-04	7.687969e-05	-6.686963e-06	-5.635885e-06	-1.052576e-04	0.000000e+00	1	1.024609e-02
2.414332e-01	5.087052e-01	2.414332e-01	5.250245e-05	7.529558e-05	-1.895822e-04	1.410798e-04	1.414166e-04	-1.190923e-05	2.379726e-05	2.630694e-05	-1.457090e-04	0.000000e+00	1	1.019449e-02
2.870679e-01	4.642685e-01	2.870679e-01	7.239008e-05	4.846279e-05	-6.929939e-05	1.133716e-04	1.756751e-04	-9.535973e-05	3.500186e-06	7.103525e-06	-1.761728e-04	0.000000e+00	1	1.014158e-02
3.926255e-01	3.734711e-01	3.926255e-01	7.512419e-05	9.663044e-05	-1.433217e-04	6.758440e-05	2.270048e-04	-1.614787e-05	-5.004459e-06	2.784706e-05	-1.880475e-04	0.000000e+00	1	1.012689e-02
9.361534e-03	9.033555e-01	9.361534e-03	1.656565e-04	-2.044812e-04	-7.906270e-05	3.475546e-05	1.507752e-04	-2.312480e-05	-1.589228e-04	6.113142e-06	-1.468646e-04	0.000000e+00	1	1.010282e-02
3.148372e-01	4.389585e-01	3.148372e-01	2.013105e-04	-1.864597e-05	-3.110487e-05	2.273095e-05	1.707942e-04	-7.139270e-05	-6.615402e-06	-8.393917e-06	-1.796100e-04	0.000000e+00	1	1.003373e-02
6.822034e-01	1.741141e-01	6.822034e-01	2.728300e-04	-2.982447e-05	-5.555904e-05	-5.364187e-05	1.527169e-04	-1.286421e-04	6.915503e-05	-1.873165e-05	-1.574941e-04	0.000000e+00	1	1.003155e-02
1.346860e-01	6.331285e-01	1.346860e-01	-3.050925e-04	-7.196242e-05	-1.685250e-04	9.385062e-05	1.704994e-04	-7.431298e-05	1.989359e-05	1.631842e-05	-1.482216e-04	0.000000e+00	1	9.971802e-03
1.475895e-02	8.787320e-01	1.475895e-02	3.722161e-04	9.754513e-05	-1.520647e-04	-2.285572e-04	1.731356e-04	9.084418e-05	6.963191e-05	1.278859e-05	-1.656920e-04	0.000000e+00	1	9.932511e-03
2.498517e-01	5.001982e-01	2.498517e-01	7.850535e-05	3.655227e-05	-8.172541e-05	5.267555e-05	1.593995e-04	-6.875128e-05	-3.892715e-05	1.329620e-04	-1.333572e-04	0.000000e+00	1	9.873619e-03
2.356924e-01	5.146393e-01	2.356924e-01	7.873173e-05	-1.723208e-04	-1.150956e-04	-3.874970e-05	1.737260e-04	-2.233599e-05	-1.139147e-05	1.608482e-04	-3.077320e-04	0.000000e+00	1	9.865457e-03
7.783087e-01	1.178626e-01	7.783087e-01	-2.861237e-04	1.214527e-04	-1.324646e-04	9.449595e-05	1.707047e-04	-6.771802e-05	5.213790e-06	-2.811328e-05	-1.582273e-04	0.000000e+00	1	9.685680e-03
3.262600e-01	4.288768e-01	3.262600e-01	2.013105e-04	-1.864597e-05	-1.468803e-04	-4.013934e-05	1.746790e-04	-7.139270e-05	-6.715519e-06	1.705665e-07	-1.466220e-04	0.000000e+00	1	9.680278e-03
7.744656e-01	1.200628e-01	7.744656e-01	-2.861237e-04	1.214527e-04	-1.740853e-04	-3.492924e-05	2.546942e-04	-6.396060e-05	5.213790e-06	-3.028918e-05	-1.673189e-04	0.000000e+00	1	9.630715e-03
4.147944e-01	3.560153e-01	4.147944e-01	8.212701e-05	-9.288200e-05	-1.429246e-04	1.414894e-05	1.575750e-04	-7.379079e-05	7.121308e-06	1.328065e-04	-1.706647e-04	0.000000e+00	1	9.602984e-03
2.736539e-01	4.769885e-01	2.736539e-01	8.611083e-05	2.825857e-05	-3.359097e-04	-1.996916e-05	1.503113e-04	-6.573840e-06	-2.042191e-05	1.349715e-04	-1.482672e-04	0.000000e+00	1	9.510291e-03
1.293399e-01	6.404337e-01	1.293399e-01	2.027480e-04	-8.386808e-05	-4.580970e-05	-2.190232e-05	1.531004e-04	-1.250873e-04	2.585570e-06	2.811233e-06	-1.475084e-04	0.000000e+00	1	9.424603e-03
4.947306e-01	2.966784e-01	4.947306e-01	1.986429e-04	1.865234e-05	-7.048238e-05	2.475954e-05	1.586889e-04	-5.520084e-06	1.584647e-05	-8.990323e-06	-1.587255e-04	0.000000e+00	1	9.345845e-03
6.450134e-01	1.969199e-01	6.450134e-01	2.245595e-04	4.351261e-05	-6.169089e-05	-2.690803e-05	1.436390e-04	-5.981002e-06	-2.009695e-05	-2.518772e-05	-1.455449e-04	0.000000e+00	1	9.343210e-03
6.147765e-01	2.159733e-01	6.147765e-01	1.857906e-04	1.423768e-04	-1.114447e-04	-2.072133e-05	1.157382e-04	-3.855345e-05	-1.149703e-05	1.320823e-05	-1.469312e-04	0.000000e+00	1	9.342895e-03
9.597043e-01	2.041084e-02	9.597043e-01	-2.286982e-04	3.807067e-05	-7.698231e-05	1.316629e-05	1.563824e-04	-1.063841e-05	5.774398e-06	1.605429e-04	-1.680514e-04	0.000000e+00	1	9.337443e-03
2.580331e-01	4.921302e-01	2.580331e-01	-2.372499e-04	1.241598e-05	-1.771056e-04	1.442232e-04	1.605332e-04	-6.987234e-05	2.005776e-06	1.399328e-05	-1.725447e-04	0.000000e+00	1	9.225631e-03
4.710068e-01	3.137457e-01	4.710068e-01	8.447055e-05	-1.963096e-05	-1.362709e-04	-4.522271e-05	1.535887e-04	3.614503e-05	-3.096821e-05	8.938349e-07	-1.811627e-04	0.000000e+00	1	9.221095e-03
9.338432e-02	6.944910e-01	9.338432e-02	1.960221e-04	-1.194444e-04	-1.326981e-04	-1.026350e-05	1.628070e-04	-6.906055e-06	-9.698042e-06	6.016969e-06	-1.469612e-04	0.000000e+00	1	9.177064e-03
2.608463e-01	4.893237e-01	2.608463e-01	1.960221e-04	8.830375e-05	-9.776741e-05	-2.072133e-05	1.118780e-04	-4.311772e-05	-6.081623e-06	5.932918e-06	-1.496332e-04	0.000000e+00	1	9.106958e-03
5.338819e-02	7.690403e-01	5.338819e-02	1.857906e-04	1.425040e-04	-1.122937e-04	5.956447e-05	1.613245e-04	-1.620926e-05	1.485059e-05	1.068914e-04	-1.811738e-04	0.000000e+00	1	9.092790e-03
7.343865e-01	1.431023e-01	7.343865e-01	1.160767e-04	2.011053e-05	-1.231372e-04	1.612131e-04	1.450556e-04	-1.145545e-05	-1.204444e-04	1.450861e-04	-1.843546e-04	0.000000e+00	1	9.070251e-03
5.905650e-01	2.315596e-01	5.905650e-01	8.849081e-05	1.417483e-04	-1.125383e-04	-3.887963e-05	1.464468e-04	-3.893870e-05	-2.203714e-05	1.799355e-05	-1.417735e-04	0.000000e+00	1	9.069378e-03
7.971472e-02	7.177504e-01	7.971472e-02	2.381276e-04	6.840629e-05	-2.680762e-05	-2.353779e-05	1.604011e-04	-6.357513e-05	-1.805457e-05	2.405536e-05	-1.918047e-04	0.000000e+00	1	9.065394e-03
1.791717e-04	9.867182e-01	1.791717e-04	1.811843e-04	9.045432e-05	-1.130861e-04	7.244237e-06	1.615681e-04	9.506929e-05	-1.226990e-04	2.349663e-05	-1.655815e-04	0.000000e+00	1	9.063638e-03
4.214847e-01	3.508237e-01	4.214847e-01	6.410916e-05	-1.425100e-05	-1.566212e-04	-7.959973e-06	1.535718e-04	-9.914547e-06	7.204002e-05	-6.639414e-06	-1.454899e-04	0.000000e+00	1	9.040576e-03
1.267753e-01	6.440567e-01	1.267753e-01	2.285782e-04	-2.208417e-05	-1.544181e-04	-2.334896e-04	1.551849e-04	7.672882e-05	-6.686963e-06	-5.635885e-06	-1.052576e-04	0.000000e+00	1	8.883136e-03
3.769187e-01	3.861100e-01	3.769187e-01	7.461537e-05	4.846279e-05	-6.929939e-05	7.349722e-05	1.760503e-04	-7.447984e-05	-5.293966e-06	1.609463e-05	-1.757087e-04	0.000000e+00	1	8.871751e-03
8.783623e-01	6.285337e-02	8.783623e-01	7.783119e-05	6.812650e-05	-1.255909e-04	-2.440115e-06	2.271144e-04	-3.846440e-05	-1.205894e-04	1.419479e-04	-1.905003e-04	0.000000e+00	1	8.840417e-03
4.264271e-01	3.470371e-01	4.264271e-01	8.212701e-05	-9.288200e-05	-5.292676e-05	1.414894e-05	1.575750e-04	-7.391087e-05	1.278768e-05	1.328065e-04	-1.709683e-04	0.000000e+00	1	8.705402e-03
1.418927e-01	6.234503e-01	1.418927e-01	8.642831e-05	9.820142e-05	-3.607637e-04	-4.349157e-05	1.675980e-04	-8.391535e-05	-1.447291e-05	1.316683e-05	-1.687771e-04	0.000000e+00	1	8.690170e-03
2.556810e-02	8.402139e-01	2.556810e-02	1.860646e-04	1.101081e-04	-2.088621e-04	8.257563e-05	1.417571e-04	-1.023648e-04	7.957108e-05	5.100006e-06	-1.511790e-04	0.000000e+00	1	8.524181e-03
3.842452e-01	3.802389e-01	3.842452e-01	9.325198e-05	7.777022e-05	-3.552885e-04	-3.046189e-05	1.185767e-04	-8.332643e-05	1.368679e-05	1.385163e-04	-1.632950e-04	0.000000e+00	1	8.521632e-03
5.676174e-02	7.618491e-01	5.676174e-02	7.848646e-05	7.435733e-05	-8.204448e-05	1.345906e-05	1.584278e-04	3.670388e-05	-3.320020e-05	3.382302e-06	-3.034506e-04	0.000000e+00	1	8.471627e-03
1.377764e-01	6.289376e-01	1.377764e-01	2.716713e-04	7.460893e-05	-6.929219e-05	-1.798819e-05	2.502746e-04	-1.947942e-05	7.035514e-06	2.339600e-05	-1.958140e-04	0.000000e+00	1	8.447095e-03
7.036390e-01	1.611991e-01	7.036390e-01	8.934957e-05	5.449458e-05	-1.434220e-04	-3.354837e-05	1.436914e-04	-5.504534e-05	-1.670279e-06	1.438297e-05	-1.056495e-04	0.000000e+00	1	8.389718e-03
1.103509e-01	6.679156e-01	1.103509e-01	2.320790e-04	-7.938645e-05	-1.893829e-04	-3.487705e-05	1.292345e-04	9.092683e-05	4.878964e-05	5.814018e-05	-1.834597e-04	0.000000e+00	1	8.359377e-03
1.973826e-01	5.557944e-01	1.973826e-01	2.258596e-04	4.018117e-05	-1.353209e-04	-3.572386e-05	1.564672e-04	-7.169609e-05	-6.426493e-05	9.752673e-07	-1.052576e-04	0.000000e+00	1	8.280997e-03
1.179289e-01	6.566654e-01	1.179289e-01	2.234295e-04	1.006139e-04	-8.115139e-05	-6.619719e-05	1.571580e-04	-6.735655e-05	-6.686963e-06	-2.342762e-05	-1.052576e-04	0.000000e+00	1	8.264628e-03
1.943555e-01	5.592187e-01	1.943555e-01	2.126254e-04	6.715345e-05	-1.157787e-04	7.095136e-05	1.726914e-04	-7.290821e-05	-2.113103e-05	1.066293e-05	-1.421158e-04	0.000000e+00	1	8.229591e-03
4.992789e-02	7.767023e-01	4.992789e-02	6.398072e-05	6.012277e-06	-1.787283e-04	-2.744167e-05	3.206471e-04	-1.254886e-05	2.164586e-04	5.590598e-05	-1.436874e-04	0.000000e+00	1	8.218941e-03
3.399404e-01	4.170204e-01	3.399404e-01	1.995314e-04	-6.006026e-05	-1.376455e-04	-1.137949e-05	1.570137e-04	-6.723488e-05	-1.765550e-05	1.092994e-05	-1.516573e-04	0.000000e+00	1	8.213091e-03
7.916587e-01	1.103153e-01	7.916587e-01	1.860613e-04	1.101081e-04	-2.088621e-04	8.257563e-05	1.287642e-04	-1.023648e-04	7.957108e-05	-4.025254e-08	-1.511790e-04	0.000000e+00	1	8.198522e-03
8.233113e-02	7.131794e-01	8.233113e-02	-3.275790e-04	6.803739e-05	-2.680762e-05	-2.353779e-05	1.549787e-04	-6.357513e-05	-1.805457e-05	1.587441e-05	-1.599912e-04	0.000000e+00	1	8.092824e-03
8.364828e-04	9.712654e-01	8.364828e-04	2.547119e-04	1.705846e-05	-3.571761e-04	2.468047e-05	1.590725e-04	-4.680637e-06	6.980950e-06	1.841706e-05	-1.463648e-04	0.000000e+00	1	8.058223e-03
9.385619e-01	3.123950e-02	9.385619e-01	5.266261e-05	-3.079037e-05	-1.868342e-05	-5.161643e-05	1.719309e-04	-8.184541e-06	-1.423914e-04	6.390112e-05	-1.468361e-04	0.000000e+00	1	8.039705e-03
4.597805e-02	7.856714e-01	4.597805e-02	8.699280e-05	6.004367e-05	-8.170974e-05	-2.235351e-04	1.441955e-04	-3.522020e-05	-5.698873e-05	1.327698e-04	-1.604938e-04	0.000000e+00	1	8.000751e-03
6.657534e-01	1.841044e-01	6.657534e-01	6.441786e-05	2.394897e-05	-1.274203e-04	-2.285853e-05	1.625103e-04	-5.885110e-06	2.243852e-05	1.387973e-04	-1.451483e-04	0.000000e+00	1	7.913918e-03
2.900913e-02	8.297687e-01	2.900913e-02	9.599226e-05	2.546137e-05	-1.396068e-04	-1.079862e-05	2.250740e-04	-1.909470e-05	1.945100e-05	1.514664e-04	-1.402753e-04	0.000000e+00	1	7.869861e-03
6.242863e-01	2.099369e-01	6.242863e-01	5.963325e-05	-1.854040e-05	-2.240064e-05	1.876851e-04	1.727422e-04	-7.577009e-05	-1.972934e-06	1.363544e-04	-1.443289e-04	0.000000e+00	1	7.864091e-03
3.682879e-01	3.931736e-01	3.682879e-01	1.916350e-04	-1.864597e-05	-3.110487e-05	2.193066e-05	1.370423e-04	-1.001584e-04	-6.615402e-06	-1.308650e-05	-8.127392e-05	0.000000e+00	1	7.851944e-03
4.380934e-01	3.382238e-01	4.380934e-01	2.285033e-04	9.875205e-05	-1.543203e-04	-2.285572e-04	1.741502e-04	8.600388e-05	6.963191e-05	-5.635885e-06	-1.656920e-04	0.000000e+00	1	7.794558e-03
8.562515e-02	7.074837e-01	8.562515e-02	-2.306094e-04	6.923752e-05	-2.327555e-05	6.589675e-05	2.300827e-04	-5.997405e-05	7.332744e-05	2.414726e-05	-1.579377e-04	0.000000e+00	1	7.790801e-03
5.714786e-01	2.441133e-01	5.714786e-01	2.229475e-04	7.521601e-05	-1.909508e-04	1.392123e-04	1.469197e-04	-4.598523e-06	4.878964e-05	1.493780e-05	-1.334268e-04	0.000000e+00	1	7.760442e-03
8.263408e-01	9.102363e-02	8.263408e-01	2.379296e-04	5.961013e-05	-1.299313e-04	5.776829e-05	1.604915e-04	-5.994330e-05	6.821836e-06	2.491366e-05	-1.436319e-04	0.000000e+00	1	7.721962e-03
6.382384e-01	2.011642e-01	6.382384e-01	2.429446e-04	-5.326721e-05	-1.333257e-04	8.473659e-05	1.510558e-04	-8.734866e-06	5.442718e-06	4.436585e-06	-1.475346e-04	0.000000e+00	1	7.665892e-03
1.628877e-03	9.597414e-01	1.628877e-03	9.980586e-05	2.546137e-05	-1.503151e-04	5.340365e-05	2.250740e-04	1.843580e-05	1.930491e-05	1.514664e-04	-1.402753e-04	0.000000e+00	1	7.664348e-03
2.244320e-02	8.502984e-01	2.244320e-02	1.857906e-04	9.045432e-05	-1.123519e-04	7.244237e-06	1.586782e-04	9.328249e-05	-1.226990e-04	1.315951e-04	-1.655815e-04	0.000000e+00	1	7.649930e-03
2.530399e-03	9.498284e-01	2.530399e-03	2.508717e-04	7.836046e-05	-1.888164e-04	8.221514e-05	1.297714e-04	-4.360007e-06	-6.441149e-05	1.275716e-04	-1.475632e-04	0.000000e+00	1	7.645132e-03
2.780524e-01	4.727456e-01	2.780524e-01	7.581389e-05	2.341407e-05	-1.162582e-04	-2.498352e-06	1.192693e-04	-8.427383e-05	6.796556e-05	1.533213e-04	-1.436487e-04	0.000000e+00	1	7.613810e-03
3.461931e-02	8.140082e-01	3.461931e-02	7.850786e-05	5.542475e-05	-1.365194e-04	1.439336e-04	1.205053e-04	-4.341737e-05	-3.202872e-05	5.694752e-06	-1.807768e-04	0.000000e+00	1	7.606067e-03
8.294316e-01	8.932587e-02	8.294316e-01	2.378719e-04	4.275851e-05	-7.820630e-05	-3.619844e-05	1.604292e-04	-7.295784e-05	-6.461431e-05	1.065192e-04	-1.432723e-04	0.000000e+00	1	7.549751e-03
2.317139e-01	5.187054e-01	2.317139e-01	1.886114e-04	7.608287e-05	-8.277570e-05	1.535095e-04	1.628070e-04	-4.263543e-06	-9.698042e-06	5.932918e-06	-1.469612e-04	0.000000e+00	1	7.542738e-03
2.938858e-01	4.579794e-01	2.938858e-01	1.974517e-04	-3.899481e-05	-1.344139e-04	-3.432550e-05	2.593152e-04	4.003631e-05	1.904274e-05	1.360416e-05	-1.733802e-04	0.000000e+00	1	7.517625e-03
1.769923e-02	8.670306e-01	1.769923e-02	8.447055e-05	-4.911007e-05	-1.469706e-04	-3.926934e-05	1.613447e-04	3.614503e-05	-1.133513e-05	2.296029e-05	-1.811627e-04	0.000000e+00	1	7.450244e-03
2.252878e-01	5.254214e-01	2.252878e-01	9.325198e-05	7.828058e-05	-1.793856e-04	-3.998637e-05	1.185767e-04	-8.332643e-05	1.552008e-05	1.380916e-04	-1.453569e-04	0.000000e+00	1	7.398889e-03
6.128800e-01	2.172048e-01	6.128800e-01	-2.330010e-04	5.832959e-05	-1.400139e-04	1.500371e-04	1.598827e-04	-9.121634e-06	-1.007107e-05	-4.802207e-06	-1.507021e-04	0.000000e+00	1	7.347564e-03
1.671990e-01	5.911754e-01	1.671990e-01	6.950199e-05	-2.327581e-04	-1.104139e-04	-3.492551e-05	1.440897e-04	-1.610443e-05	-5.117635e-05	3.982785e-05	-1.472262e-04	0.000000e+00	1	7.347232e-03
5.964338e-01	2.277925e-01	5.964338e-01	8.013809e-05	1.494677e-04	-1.706640e-04	-2.285572e-04	1.732364e-04	-1.549321e-05	7.425505e-05	2.014535e-05	-1.624516e-04	0.000000e+00	1	7.344084e-03
9.687232e-01	1.579350e-02	9.687232e-01	5.344006e-05	7.146233e-05	-2.199191e-05	-2.470048e-05	1.632722e-04	-6.935160e-05	1.458858e-05	1.437385e-05	-1.895605e-04	0.000000e+00	1	7.275033e-03
8.964322e-01	5.324041e-02	8.964322e-01	1.040906e-04	2.563617e-05	-1.543000e-04	1.318881e-05	1.547991e-04	1.413032e-06	2.017179e-05	1.659734e-04	-1.102071e-04	0.000000e+00	1	7.270994e-03
8.194871e-01	9.481534e-02	8.194871e-01	2.971568e-04	6.793893e-05	-1.352644e-04	8.235280e-05	1.117953e-04	-2.514898e-06	2.451197e-05	7.809346e-06	-1.787920e-04	0.000000e+00	1	7.241776e-03
1.674934e-01	5.908158e-01	1.674934e-01	6.950199e-05	-2.327581e-04	-1.143430e-04	-2.912859e-05	1.440897e-04	-1.610443e-05	-5.117635e-05	3.989302e-05	-1.472262e-04	0.000000e+00	1	7.230302e-03
1.779415e-01	5.782489e-01	1.779415e-01	8.849081e-05	-2.288325e-04	-1.142963e-04	-3.902413e-05	1.464468e-04	-3.893870e-05	2.212230e-05	3.966694e-05	-1.688467e-04	0.000000e+00	1	7.187371e-03
9.649128e-02	6.894564e-01	9.649128e-02	8.834644e-05	-2.288325e-04	-1.142963e-04	-3.463767e-05	1.464468e-04	-6.433915e-05	-1.801011e-06	3.835372e-05	-1.688467e-04	0.000000e+00	1	7.165258e-03
7.660181e-01	1.248212e-01	7.660181e-01	9.983490e-05	-2.799555e-05	-1.705762e-04	8.486229e-05	1.667904e-04	-8.184541e-06	-4.884801e-05	6.358868e-05	-1.468161e-04	0.000000e+00	1	7.101424e-03
6.058092e-01	2.216920e-01	6.058092e-01	6.409023e-05	-4.713708e-05	-6.554663e-05	-2.531964e-05	1.511477e-04	-7.697425e-06	-2.077801e-05	-3.045205e-05	-1.595336e-04	0.000000e+00	1	7.065353e-03
4.876508e-01	3.018603e-01	4.876508e-01	5.129068e-04	3.840031e-05	-1.097068e-04	-3.149982e-05	1.743041e-04	-1.011339e-05	7.864539e-06	1.450861e-04	-1.453950e-04	0.000000e+00	1	6.993733e-03
5.854410e-01	2.349272e-01	5.854410e-01	1.921178e-04	7.896559e-05	-1.909508e-04	1.142984e-04	1.469197e-04	-4.598523e-06	4.878964e-05	1.493780e-05	-1.524891e-04	0.000000e+00	1	6.927305e-03
5.473634e-01	2.602217e-01	5.473634e-01	7.621872e-05	3.840031e-05	-1.167501e-04	-3.149982e-05	1.743041e-04	-4.292897e-06	-1.721037e-04	1.450861e-04	-1.454571e-04	0.000000e+00	1	6.921459e-03
1.004827e-01	6.830902e-01	1.004827e-01	2.250085e-04	5.698091e-05	-1.451618e-04	7.095136e-05	1.205362e-04	-7.339571e-05	-2.113103e-05	1.066293e-05	-1.419870e-04	0.000000e+00	1	6.848963e-03
9.657430e-01	1.730385e-02	9.657430e-01	5.167077e-05	-3.079037e-05	-1.868342e-05	8.486229e-05	1.668756e-04	-8.184541e-06	1.161762e-05	6.358868e-05	-1.468361e-04	0.000000e+00	1	6.822516e-03
6.603022e-01	1.874345e-01	6.603022e-01	7.844607e-05	-2.373428e-05	-6.628054e-05	-3.052200e-05	1.161328e-04	-1.083293e-05	-1.064305e-05	4.619428e-06	-1.611724e-04	0.000000e+00	1	6.812153e-03
9.511273e-01	2.481518e-02	9.511273e-01	2.543655e-04	9.222334e-05	-2.136604e-04	1.381266e-04	1.153351e-04	-4.203068e-05	-9.713973e-06	4.594241e-06	-1.624077e-04	0.000000e+00	1	6.792464e-03
5.543832e-01	2.554706e-01	5.543832e-01	8.447055e-05	-1.963096e-05	-1.362709e-04	-4.522271e-05	1.535887e-04	3.614503e-05	-3.096821e-05	1.250730e-04	-1.024055e-04	0.000000e+00	1	6.757007e-03
2.457718e-01	5.043414e-01	2.457718e-01	7.665723e-05	-1.264200e-04	-1.010145e-04	9.229752e-06	1.749324e-04	-5.377391e-06	-6.162307e-05	1.695428e-05	-3.052749e-04	0.000000e+00	1	6.723459e-03
2.301079e-02	8.483718e-01	2.301079e-02	7.651069e-05	-4.745422e-05	-1.252299e-04	-8.055658e-06	1.584508e-04	-1.804962e-05	1.779983e-05	1.322953e-04	-1.471518e-04	0.000000e+00	1	6.607842e-03
3.780693e-01	3.852221e-01	3.780693e-01	2.860615e-04	5.742903e-05	-1.474363e-04	5.466993e-05	1.463786e-04	-4.580321e-06	-5.027033e-05	1.508108e-04	-1.334268e-04	0.000000e+00	1	6.602748e-03
2.282820e-01	5.223056e-01	2.282820e-01	-1.738079e-04	6.945886e-05	-1.397294e-04	-2.235920e-04	1.445831e-04	-2.454089e-07	-4.037921e-06	2.656877e-05	-1.749649e-04	0.000000e+00	1	6.574798e-03
1.047182e-01	6.764625e-01	1.047182e-01	7.834945e-05	1.093053e-04	-1.487501e-04	-3.426537e-05	1.750521e-04	-6.459171e-05	-2.558336e-06	2.290812e-07	-1.453135e-04	0.000000e+00	1	6.566710e-03
7.653869e-01	1.251779e-01	7.653869e-01	8.305646e-05	1.381019e-05	-1.263133e-04	2.398957e-05	1.587613e-04	-8.464360e-05	7.394773e-05	1.285693e-05	-1.799386e-04	0.000000e+00	1	6.555340e-03
9.534195e-01	2.364322e-02	9.534195e-01	2.566408e-04	7.688131e-05	-1.893632e-04	1.533654e-04	1.705087e-04	-6.256831e-05	5.006470e-06	4.885425e-06	-1.475988e-04	0.000000e+00	1	6.494907e-03
9.021502e-01	5.022079e-02	9.021502e-01	8.230550e-05	4.112486e-05	-1.433640e-04	1.116625e-04	1.378394e-04	-5.977581e-06	-5.031800e-05	6.509725e-05	-1.450319e-04	0.000000e+00	1	6.329133e-03
6.999501e-01	1.634160e-01	6.999501e-01	2.245595e-04	-5.185312e-05	-6.213083e-05	-2.690803e-05	1.437052e-04	-5.981002e-06	-2.009695e-05	-2.230858e-05	-1.455449e-04	0.000000e+00	1	6.310884e-03
1.310752e-04	9.886801e-01	1.310752e-04	6.398072e-05	6.012277e-06	-1.794138e-04	5.870577e-05	3.206471e-04	-1.254886e-05	3.922326e-06	2.512096e-05	-1.436874e-04	0.000000e+00	1	6.215830e-03
4.402360e-01	3.365952e-01	4.402360e-01	2.852350e-04	9.875205e-05	-1.548192e-04	2.344723e-05	1.737682e-04	8.495115e-05	6.952632e-05	-1.518819e-05	-1.656920e-04	0.000000e+00	1	6.199015e-03
3.132197e-02	8.230922e-01	3.132197e-02	6.595433e-05	4.158314e-05	-1.531842e-04	5.956893e-05	1.613710e-04	-7.697193e-05	-8.595184e-06	7.355956e-05	-1.728768e-04	0.000000e+00	1	6.173951e-03
8.364828e-04	9.712654e-01	8.364828e-04	2.547119e-04	1.705846e-05	-3.571761e-04	2.468047e-05	1.590725e-04	-4.680637e-06	6.980950e-06	1.841706e-05	-1.463648e-04	0.000000e+00	1	6.160663e-03
4.921827e-01	2.984941e-01	4.921827e-01	9.700215e-05	6.953336e-05	-1.312385e-04	1.516546e-04	1.367749e-04	-1.640677e-05	-1.071365e-05	-4.563908e-05	-1.572725e-04	0.000000e+00	1	6.134587e-03
1.135974e-01	6.630358e-01	1.135974e-01	1.717528e-04	1.336776e-04	-8.811618e-05	1.353297e-04	1.143304e-04	-7.038469e-05	2.543584e-05	6.940551e-05	-1.468243e-04	0.000000e+00	1	6.100324e-03
4.591037e-01	3.225065e-01	4.591037e-01	7.850786e-05	6.799133e-05	-1.255909e-04	-1.080807e-05	2.271144e-04	-3.846440e-05	-1.218041e-04	1.387186e-04	-1.905003e-04	0.000000e+00	1	6.075369e-03
2.043978e-01	5.480144e-01	2.043978e-01	-3.372685e-04	1.065342e-04	-8.183550e-05	3.716948e-05	1.161577e-04	-3.501693e-05	5.854290e-06	1.390292e-04	-1.604143e-04	0.000000e+00	1	6.025063e-03
3.205911e-01	4.339161e-01	3.205911e-01	1.952624e-04	4.256005e-05	-3.382545e-04	3.438091e-05	1.494708e-04	-8.262240e-05	-1.544109e-04	5.343091e-06	-9.876279e-05	0.000000e+00	1	6.018181e-03
9.261265e-01	3.770278e-02	9.261265e-01	2.679306e-04	2.379040e-05	-1.255401e-04	-1.257230e-05	1.480168e-04	-7.493181e-05	-4.680138e-05	1.866873e-05	-1.473315e-04	0.000000e+00	1	5.968968e-03
8.729883e-01	6.572239e-02	8.729883e-01	2.284670e-04	2.366095e-05	-1.544181e-04	1.318881e-05	1.563824e-04	1.413032e-06	5.961088e-05	1.659734e-04	-1.099349e-04	0.000000e+00	1	5.955308e-03
4.162494e-01	3.549296e-01	4.162494e-01	-2.164936e-04	-2.316770e-04	-9.956571e-05	-4.018391e-05	1.599820e-04	-7.352695e-05	-5.959096e-05	1.329188e-04	-1.708002e-04	0.000000e+00	1	5.944553e-03
7.104587e-01	1.571558e-01	7.104587e-01	8.305646e-05	1.565992e-05	-1.263133e-04	2.425339e-05	1.587613e-04	-8.464360e-05	7.394773e-05	1.285693e-05	-1.794344e-04	0.000000e+00	1	5.936001e-03
6.560568e-01	1.900951e-01	6.560568e-01	-2.005119e-04	5.898725e-05	-1.888164e-04	8.221514e-05	1.297714e-04	-4.383352e-06	-6.441149e-05	1.283244e-04	-1.476214e-04	0.000000e+00	1	5.909543e-03
5.606002e-01	2.513281e-01	5.606002e-01	1.651576e-04	4.292658e-05	-1.999289e-05	-4.695228e-05	1.739089e-04	-3.997016e-05	-7.867292e-05	1.450743e-04	-1.773758e-04	0.000000e+00	1	5.905750e-03
4.759288e-01	3.101964e-01	4.759288e-01	1.857906e-04	1.423768e-04	-7.150008e-05	-9.039887e-06	1.613245e-04	-3.855345e-05	-1.234094e-04	2.630969e-05	-1.906160e-04	0.000000e+00	1	5.905160e-03
6.355851e-01	2.028138e-01	6.355851e-01	2.250713e-04	-5.546857e-05	-6.778350e-05	-2.690803e-05	1.509433e-04	-8.734866e-06	-2.144858e-05	-2.093270e-05	-1.475346e-04	0.000000e+00	1	5.890588e-03
2.043978e-01	5.480144e-01	2.043978e-01	-3.372685e-04	1.065342e-04	-8.183550e-05	3.716948e-05	1.161577e-04	-3.501693e-05	5.854290e-06	1.390292e-04	-1.604143e-04	0.000000e+00	1	5.884048e-03
1.888541e-01	5.654731e-01	1.888541e-01	5.545275e-05	-4.016886e-05	-1.161424e-04	-5.035308e-05	1.511885e-04	-7.291013e-05	-2.076559e-05	-2.677546e-05	-1.592814e-04	0.000000e+00	1	5.881229e-03
7.972890e-01	1.071405e-01	7.972890e-01	2.129932e-04	7.170732e-05	-1.308384e-04	-4.675901e-05	1.444144e-04	-8.146536e-06	-1.438920e-05	2.405524e-05	-1.575810e-04	0.000000e+00	1	5.821877e-03
1.437575e-06	9.989673e-01	1.437575e-06	3.126027e-04	-1.278357e-04	-1.236541e-04	-7.963423e-06	1.613407e-04	-5.885110e-06	-1.250957e-04	6.491934e-05	-1.875676e-04	0.000000e+00	1	5.755753e-03
3.219967e-02	8.206172e-01	3.219967e-02	4.469960e-05	7.126026e-05	-6.261228e-06	-5.161643e-05	2.255074e-04	-8.635860e-06	1.790380e-05	2.517357e-05	-1.468361e-04	0.000000e+00	1	5.717798e-03
9.921462e-01	3.965476e-03	9.921462e-01	5.611360e-05	5.965746e-05	-1.400139e-04	-2.594947e-05	1.597770e-04	-7.308379e-06	1.762817e-05	4.525289e-05	-1.507671e-04	0.000000e+00	1	5.676874e-03
8.926704e-01	5.527366e-02	8.926704e-01	2.709640e-04	-2.789498e-05	-1.302948e-04	-5.416310e-05	2.347988e-04	-7.505763e-06	6.774377e-05	1.722954e-04	-1.507270e-04	0.000000e+00	1	5.642837e-03
2.977287e-01	4.544630e-01	2.977287e-01	1.974517e-04	-3.852568e-05	-1.315674e-04	9.509969e-05	1.723308e-04	3.627889e-05	-3.329946e-05	1.578007e-05	-2.985309e-04	0.000000e+00	1	5.624991e-03
3.251716e-03	9.430741e-01	3.251716e-03	2.249473e-04	7.836046e-05	-1.459680e-04	8.208468e-05	1.297714e-04	-4.360007e-06	-6.337233e-05	1.028825e-05	-1.475632e-04	0.000000e+00	1	5.620492e-03
3.007452e-01	4.516761e-01	3.007452e-01	1.907675e-04	1.423768e-04	-1.124093e-04	-1.112873e-05	1.595500e-04	-3.855345e-05	-6.214284e-05	1.840141e-05	-1.906160e-04	0.000000e+00	1	5.611303e-03
5.098954e-02	7.742532e-01	5.098954e-02	4.202450e-05	-7.859464e-05	-1.428140e-04	-4.520123e-05	1.293065e-04	1.007604e-04	5.025150e-05	6.106479e-05	-1.572614e-04	0.000000e+00	1	5.563966e-03
8.697705e-01	6.742949e-02	8.697705e-01	1.960221e-04	1.066702e-04	-1.326981e-04	-2.072133e-05	1.160494e-04	-4.311772e-05	-9.698042e-06	1.100613e-05	-1.473245e-04	0.000000e+00	1	5.558323e-03
9.444359e-01	2.823573e-02	9.444359e-01	7.850786e-05	6.799133e-05	-1.255909e-04	-2.475444e-05	2.271144e-04	-7.002591e-05	1.310733e-05	1.387186e-04	-1.905003e-04	0.000000e+00	1	5.551198e-03
8.169947e-01	9.615187e-02	8.169947e-01	7.621872e-05	3.840031e-05	-1.167501e-04	7.758139e-05	1.318333e-04	-1.011339e-05	4.896730e-05	8.555356e-06	-1.454571e-04	0.000000e+00	1	5.486943e-03
7.579900e-02	7.247685e-01	7.579900e-02	7.621872e-05	3.840031e-05	-1.167501e-04	-3.149982e-05	1.743041e-04	-1.011339e-05	-1.721037e-04	1.450861e-04	-1.454571e-04	0.000000e+00	1	5.469787e-03
2.833716e-01	4.677364e-01	2.833716e-01	8.447055e-05	-5.768204e-05	-1.127043e-04	-4.397331e-05	1.756953e-04	3.614503e-05	1.865960e-07	1.356025e-04	-1.811627e-04	0.000000e+00	1	5.460863e-03
5.762675e-01	2.409427e-01	5.762675e-01	1.857906e-04	1.423768e-04	-1.118899e-04	1.714269e-04	1.157382e-04	-3.855345e-05	-1.149703e-05	1.497797e-05	-1.469312e-04	0.000000e+00	1	5.446131e-03
1.017765e-01	6.810509e-01	1.017765e-01	7.834945e-05	1.093053e-04	-1.480943e-04	-3.426537e-05	1.758071e-04	-6.459171e-05	-5.538088e-06	1.274127e-04	-1.436450e-04	0.000000e+00	1	5.434568e-03
4.778691e-01	3.088050e-01	4.778691e-01	1.857906e-04	1.423768e-04	-1.123519e-04	-9.039887e-06	1.613245e-04	-3.855345e-05	-1.226990e-04	1.389519e-04	-1.906160e-04	0.000000e+00	1	5.427459e-03
1.861372e-03	9.569677e-01	1.861372e-03	2.396640e-04	-1.168549e-04	-1.617474e-04	-8.055658e-06	1.591830e-04	-1.937940e-05	1.769759e-05	1.541884e-05	-1.427633e-04	0.000000e+00	1	5.409490e-03
3.149023e-01	4.388969e-01	3.149023e-01	6.441786e-05	-1.297841e-04	-1.273198e-04	6.572032e-05	1.613407e-04	-2.925609e-06	-1.189304e-04	-5.689322e-06	-1.451146e-04	0.000000e+00	1	5.401339e-03
6.292701e-01	2.068077e-01	6.292701e-01	-2.330010e-04	6.014288e-05	-7.978470e-05	1.500371e-04	1.594689e-04	-9.121634e-06	-1.007107e-05	1.336873e-04	-1.516855e-04	0.000000e+00	1	5.392831e-03
5.994909e-01	2.258065e-01	5.994909e-01	1.857906e-04	1.423768e-04	-1.123519e-04	7.244237e-06	1.587790e-04	-1.305489e-05	-1.226990e-04	1.389519e-04	-1.623411e-04	0.000000e+00	1	5.384401e-03
3.212951e-01	4.332605e-01	3.212951e-01	2.551265e-04	6.831801e-05	-1.474363e-04	5.245988e-05	1.442234e-04	-1.691217e-05	4.878964e-05	1.508108e-04	-1.323395e-04	0.000000e+00	1	5.357288e-03
1.152465e-01	6.606172e-01	1.152465e-01	8.323049e-05	8.250932e-06	-1.264762e-04	1.668552e-04	1.634975e-04	2.307704e-06	-1.150152e-04	1.542290e-04	-1.818958e-04	0.000000e+00	1	5.353833e-03
