0.000000e+00 1.000056e+00
9.992142e-01 4.321555e-04
6.746531e-02 7.404077e-01
3.879210e-02 8.031734e-01
3.543152e-01 4.048737e-01
5.031092e-01 2.907404e-01
5.884213e-02 7.575595e-01
4.451383e-01 3.328781e-01
8.360786e-01 8.567164e-02
6.114218e-03 9.220907e-01
8.493703e-01 7.844150e-02
9.047196e-01 4.887773e-02
9.208038e-01 4.044128e-02
5.312020e-01 2.713280e-01
7.172838e-01 1.531000e-01
1.505529e-01 6.120477e-01
5.435081e-01 2.628386e-01
6.743107e-01 1.789154e-01
4.054615e-01 3.633360e-01
2.141650e-01 5.372890e-01
3.635433e-01 3.971869e-01
3.439748e-01 4.135661e-01
3.316182e-01 4.242346e-01
8.549406e-01 7.541062e-02
2.683915e-01 4.820941e-01
7.425192e-01 1.383507e-01
1.072848e-02 8.964732e-01
4.505909e-02 7.878270e-01
5.271310e-01 2.741598e-01
4.582544e-01 3.230962e-01
7.576878e-01 1.295931e-01
7.500789e-01 1.339698e-01
3.651339e-03 9.397130e-01
1.572649e-01 6.035047e-01
7.255104e-02 7.307122e-01
1.737295e-01 5.832534e-01
2.210682e-01 5.298811e-01
5.138277e-01 2.833263e-01
4.002469e-01 3.674083e-01
8.657503e-01 6.959384e-02
9.753941e-01 1.241433e-02
5.166459e-01 2.812900e-01
8.124172e-01 9.871234e-02
1.609203e-01 5.989288e-01
7.513007e-03 9.134544e-01
8.890509e-01 5.713752e-02
7.343865e-01 1.431023e-01
1.372199e-02 8.829092e-01
6.867949e-01 1.713493e-01
1.219953e-01 6.508456e-01
3.043548e-01 4.484049e-01
1.956661e-02 8.602203e-01
6.957582e-01 1.659320e-01
9.836630e-01 8.231983e-03
7.868134e-01 1.130515e-01
8.806535e-02 7.033402e-01
8.025938e-01 1.041686e-01
4.653311e-01 3.180296e-01
2.086616e-01 5.432688e-01
4.313659e-01 3.433047e-01
2.414332e-01 5.087052e-01
2.870679e-01 4.642685e-01
3.926255e-01 3.734711e-01
9.361534e-03 9.033555e-01
3.148372e-01 4.389585e-01
6.822034e-01 1.741141e-01
1.346860e-01 6.331285e-01
1.475895e-02 8.787320e-01
2.498517e-01 5.001982e-01
2.356924e-01 5.146393e-01
7.783087e-01 1.178626e-01
3.262600e-01 4.288768e-01
7.744656e-01 1.200628e-01
4.147944e-01 3.560153e-01
2.736539e-01 4.769885e-01
1.293399e-01 6.404337e-01
4.947306e-01 2.966784e-01
6.450134e-01 1.969199e-01
6.147765e-01 2.159733e-01
9.597043e-01 2.041084e-02
2.580331e-01 4.921302e-01
4.710068e-01 3.137457e-01
9.338432e-02 6.944910e-01
2.608463e-01 4.893237e-01
5.338819e-02 7.690403e-01
7.343865e-01 1.431023e-01
5.905650e-01 2.315596e-01
7.971472e-02 7.177504e-01
1.791717e-04 9.867182e-01
4.214847e-01 3.508237e-01
1.267753e-01 6.440567e-01
3.769187e-01 3.861100e-01
8.783623e-01 6.285337e-02
4.264271e-01 3.470371e-01
1.418927e-01 6.234503e-01
2.556810e-02 8.402139e-01
3.842452e-01 3.802389e-01
5.676174e-02 7.618491e-01
1.377764e-01 6.289376e-01
7.036390e-01 1.611991e-01
1.103509e-01 6.679156e-01
1.973826e-01 5.557944e-01
1.179289e-01 6.566654e-01
1.943555e-01 5.592187e-01
4.992789e-02 7.767023e-01
3.399404e-01 4.170204e-01
7.916587e-01 1.103153e-01
8.233113e-02 7.131794e-01
8.364828e-04 9.712654e-01
9.385619e-01 3.123950e-02
4.597805e-02 7.856714e-01
6.657534e-01 1.841044e-01
2.900913e-02 8.297687e-01
6.242863e-01 2.099369e-01
3.682879e-01 3.931736e-01
4.380934e-01 3.382238e-01
8.562515e-02 7.074837e-01
5.714786e-01 2.441133e-01
8.263408e-01 9.102363e-02
6.382384e-01 2.011642e-01
1.628877e-03 9.597414e-01
2.244320e-02 8.502984e-01
2.530399e-03 9.498284e-01
2.780524e-01 4.727456e-01
3.461931e-02 8.140082e-01
8.294316e-01 8.932587e-02
2.317139e-01 5.187054e-01
2.938858e-01 4.579794e-01
1.769923e-02 8.670306e-01
2.252878e-01 5.254214e-01
6.128800e-01 2.172048e-01
1.671990e-01 5.911754e-01
5.964338e-01 2.277925e-01
9.687232e-01 1.579350e-02
8.964322e-01 5.324041e-02
8.194871e-01 9.481534e-02
1.674934e-01 5.908158e-01
1.779415e-01 5.782489e-01
9.649128e-02 6.894564e-01
7.660181e-01 1.248212e-01
6.058092e-01 2.216920e-01
4.876508e-01 3.018603e-01
5.854410e-01 2.349272e-01
5.473634e-01 2.602217e-01
1.004827e-01 6.830902e-01
9.657430e-01 1.730385e-02
6.603022e-01 1.874345e-01
9.511273e-01 2.481518e-02
5.543832e-01 2.554706e-01
2.457718e-01 5.043414e-01
2.301079e-02 8.483718e-01
3.780693e-01 3.852221e-01
2.282820e-01 5.223056e-01
1.047182e-01 6.764625e-01
7.653869e-01 1.251779e-01
9.534195e-01 2.364322e-02
9.021502e-01 5.022079e-02
6.999501e-01 1.634160e-01
1.310752e-04 9.886801e-01
4.402360e-01 3.365952e-01
3.132197e-02 8.230922e-01
8.364828e-04 9.712654e-01
4.921827e-01 2.984941e-01
1.135974e-01 6.630358e-01
4.591037e-01 3.225065e-01
2.043978e-01 5.480144e-01
3.205911e-01 4.339161e-01
9.261265e-01 3.770278e-02
8.729883e-01 6.572239e-02
4.162494e-01 3.549296e-01
7.104587e-01 1.571558e-01
6.560568e-01 1.900951e-01
5.606002e-01 2.513281e-01
4.759288e-01 3.101964e-01
6.355851e-01 2.028138e-01
2.043978e-01 5.480144e-01
1.888541e-01 5.654731e-01
7.972890e-01 1.071405e-01
1.437575e-06 9.989673e-01
3.219967e-02 8.206172e-01
9.921462e-01 3.965476e-03
8.926704e-01 5.527366e-02
2.977287e-01 4.544630e-01
3.251716e-03 9.430741e-01
3.007452e-01 4.516761e-01
5.098954e-02 7.742532e-01
8.697705e-01 6.742949e-02
9.444359e-01 2.823573e-02
8.169947e-01 9.615187e-02
7.579900e-02 7.247685e-01
2.833716e-01 4.677364e-01
5.762675e-01 2.409427e-01
1.017765e-01 6.810509e-01
4.778691e-01 3.088050e-01
1.861372e-03 9.569677e-01
3.149023e-01 4.388969e-01
6.292701e-01 2.068077e-01
5.994909e-01 2.258065e-01
3.212951e-01 4.332605e-01
1.152465e-01 6.606172e-01
