# This file contains stats about hypervolume
1 99244178.246730 
2 99244197.211426 
3 99244199.895169 
4 99373919.611492 
5 99629132.097841 
6 99629137.953305 
7 99629144.120761 
8 99651968.415335 
9 99651971.439638 
10 99792325.838293 
11 99792328.231753 
12 99797360.674758 
13 99815130.472403 
14 99815130.473278 
15 99839054.651146 
16 99839054.665851 
17 99839054.906927 
18 99840346.427625 
19 99840346.636569 
20 99842462.118310 
21 99842462.118995 
22 99894830.424087 
23 99894830.514405 
24 99894830.519702 
25 99907887.080770 
26 99907887.080800 
27 99908758.198906 
28 99918490.750386 
29 99922201.027517 
30 99922201.085767 
31 99927645.602660 
32 99927645.604967 
33 99936285.333374 
34 99936285.382692 
35 99944669.597782 
36 99944669.598156 
37 99954964.978135 
38 99954964.979013 
39 99954969.713417 
40 99960607.297183 
41 99960607.297183 
42 99965746.670731 
43 99965746.670732 
44 99965746.793060 
45 99972030.709737 
46 99972030.772583 
47 99972030.772584 
48 99972030.810646 
49 99972030.811591 
50 99972030.820356 
51 99972916.065092 
52 99976012.532016 
53 99976012.542746 
54 99976012.543628 
55 99977641.504533 
56 99978760.715164 
57 99979936.768610 
58 99979936.775655 
59 99979936.795480 
60 99980841.385250 
61 99980985.803521 
62 99983999.140018 
63 99983999.171966 
64 99983999.204746 
65 99988318.079070 
66 99988318.135369 
67 99988318.179915 
68 99988541.819902 
69 99989592.464392 
70 99989592.479079 
71 99989592.479421 
72 99989720.880588 
73 99991496.416121 
74 99991496.425055 
75 99992256.339933 
76 99992287.086690 
77 99992293.589962 
78 99992686.215470 
79 99993031.422013 
80 99993038.793574 
81 99993729.816510 
82 99993744.197118 
83 99993874.048086 
84 99993874.049904 
85 99993874.052542 
86 99993998.106854 
87 99994096.038382 
88 99994244.784472 
89 99994365.654786 
90 99994427.299815 
91 99994769.112803 
92 99994769.114170 
93 99994785.921805 
94 99994861.591237 
95 99994861.592017 
96 99994885.965424 
97 99994918.047162 
98 99995009.584180 
99 99995009.589431 
100 99995041.513636 
101 99996360.102603 
102 99996360.111267 
103 99997158.061210 
104 99997158.064710 
105 99997282.950877 
106 99997296.158162 
107 99997555.092047 
108 99997665.080504 
109 99997665.082285 
110 99997665.558915 
111 99997758.853566 
112 99998693.294209 
113 99998693.294799 
114 99998693.295594 
115 99998701.155821 
116 99998721.857696 
117 99998721.859986 
118 99998783.225569 
119 99999306.673328 
120 99999307.570951 
121 99999307.572221 
122 99999625.615904 
123 99999671.653908 
124 99999728.375244 
125 99999728.376131 
126 99999786.816801 
127 99999858.605916 
128 99999858.606202 
129 99999902.392415 
130 99999913.890788 
131 99999913.891011 
132 99999913.891036 
133 99999919.044021 
134 99999920.441677 
135 99999927.316807 
136 99999927.316972 
137 99999929.254755 
138 99999929.254892 
139 99999929.254996 
140 99999931.151396 
141 99999931.741846 
142 99999931.741832 
143 99999932.932724 
144 99999932.932782 
145 99999932.932887 
146 99999941.887008 
147 99999941.887078 
148 99999956.160497 
149 99999959.194720 
150 99999959.194878 
151 99999959.194937 
152 99999959.195117 
153 99999959.195169 
154 99999959.195203 
155 99999961.084059 
156 99999961.084312 
157 99999961.084546 
158 99999961.084743 
159 99999961.084968 
160 99999961.084994 
161 99999961.085259 
162 99999961.085460 
163 99999961.085734 
164 99999961.497654 
165 99999961.497860 
166 99999961.498030 
167 99999961.498106 
168 99999961.498112 
169 99999961.498333 
170 99999961.573686 
171 99999961.573852 
172 99999971.305280 
173 99999973.716112 
174 99999973.716254 
175 99999973.716303 
176 99999973.716262 
177 99999973.716334 
178 99999973.716454 
179 99999986.099981 
180 99999986.100064 
181 99999986.100130 
182 99999986.202982 
183 99999986.202978 
184 99999986.202927 
185 99999986.203016 
186 99999986.203035 
187 99999986.203013 
188 99999986.288502 
189 99999986.288581 
190 99999986.399613 
191 99999986.436754 
192 99999986.436633 
193 99999991.982587 
194 99999991.982547 
195 99999991.982564 
196 99999991.982485 
197 99999991.982480 
198 99999993.786936 
199 99999993.786979 
200 99999993.801434 
201 99999994.670348 
202 99999994.670357 
203 99999994.670341 
204 99999994.670425 
205 99999994.711268 
206 99999994.836788 
207 99999995.117425 
208 99999995.117373 
209 99999995.117362 
210 99999995.135355 
211 99999995.135459 
212 99999995.334461 
213 99999995.334439 
214 99999995.334375 
215 99999995.334296 
216 99999995.337816 
217 99999995.337851 
218 99999995.337858 
219 99999995.337707 
220 99999995.337791 
221 99999995.337845 
222 99999995.337805 
223 99999995.337827 
224 99999995.337777 
225 99999995.337818 
226 99999995.337754 
227 99999995.337697 
228 99999995.337777 
229 99999995.337787 
230 99999995.342646 
231 99999995.342659 
232 99999995.342550 
233 99999995.342599 
234 99999995.342562 
235 99999995.342589 
