9.998969e-01 1.588723e-03
0.000000e+00 1.002735e+00
4.378904e-01 3.412123e-01
3.699682e-01 3.939294e-01
1.627425e-03 9.625632e-01
9.450297e-01 2.937173e-02
4.516044e-01 3.301878e-01
9.518270e-01 2.600376e-02
7.974740e-01 1.086203e-01
8.643425e-01 7.108516e-02
5.871537e-01 2.359431e-01
8.796204e-01 6.288727e-02
1.010601e-01 6.849116e-01
9.644960e-01 1.975015e-02
8.073847e-01 1.033480e-01
2.226493e-02 8.541001e-01
3.485549e-01 4.119619e-01
2.455166e-02 8.462478e-01
8.118363e-02 7.177838e-01
1.676146e-01 5.928125e-01
7.677293e-02 7.259977e-01
8.274793e-01 9.228471e-02
4.683042e-01 3.169829e-01
4.303833e-01 3.463641e-01
8.644896e-02 7.085232e-01
2.111677e-01 5.435067e-01
4.579828e-01 3.253894e-01
4.228218e-01 3.524525e-01
8.373851e-01 8.643167e-02
7.089839e-01 1.598357e-01
3.779880e-02 8.067494e-01
9.038602e-01 5.029327e-02
1.841044e-02 8.677561e-01
8.040561e-04 9.749326e-01
6.617567e-01 1.884822e-01
2.921392e-01 4.619807e-01
8.808678e-03 9.094274e-01
5.165576e-01 2.833428e-01
8.722694e-01 6.691022e-02
6.297811e-01 2.083912e-01
1.142090e-02 8.977954e-01
1.750301e-01 5.846096e-01
7.890531e-01 1.134764e-01
6.002451e-01 2.273215e-01
3.181965e-01 4.382890e-01
7.215084e-01 1.528219e-01
9.324577e-01 3.619088e-02
8.911609e-01 5.777979e-02
4.861831e-01 3.049409e-01
5.516008e-01 2.595901e-01
4.783519e-01 3.105069e-01
3.244874e-01 4.323988e-01
3.105112e-03 9.473816e-01
1.313907e-01 6.400560e-01
2.765507e-01 4.770978e-01
3.408427e-01 4.184423e-01
5.938810e-01 2.314899e-01
1.453335e-01 6.219050e-01
3.003586e-01 4.541337e-01
3.555577e-01 4.059099e-01
5.584849e-01 2.535214e-01
2.488614e-01 5.030841e-01
9.244023e-01 4.095139e-02
9.486383e-02 6.953663e-01
2.882861e-02 8.334713e-01
4.988112e-02 7.791803e-01
5.238705e-01 2.780521e-01
1.629189e-01 5.995797e-01
2.624474e-01 4.896397e-01
8.158559e-01 9.918298e-02
1.127449e-01 6.669494e-01
3.809738e-01 3.848023e-01
5.303491e-02 7.728386e-01
1.502331e-01 6.150138e-01
1.588155e-01 6.043454e-01
4.267733e-02 7.968162e-01
9.166214e-01 4.428206e-02
3.014578e-04 9.859656e-01
1.963264e-01 5.592924e-01
6.812613e-01 1.753207e-01
5.616418e-02 7.653251e-01
1.539037e-01 6.104340e-01
6.967907e-01 1.670144e-01
1.407335e-01 6.271542e-01
5.922004e-02 7.596430e-01
5.767439e-01 2.424734e-01
9.110920e-01 4.731367e-02
3.033044e-01 4.515210e-01
8.203264e-01 9.610102e-02
7.174168e-02 7.351823e-01
6.076296e-01 2.225602e-01
6.390284e-01 2.025157e-01
2.381343e-01 5.158468e-01
2.293485e-01 5.241592e-01
2.247224e-01 5.281916e-01
5.104419e-01 2.881119e-01
1.082201e-01 6.750627e-01
6.734559e-02 7.432835e-01
5.465233e-01 2.636700e-01
3.615918e-01 4.007857e-01
9.908790e-01 6.128540e-03
3.102001e-01 4.454072e-01
1.441473e-02 8.836254e-01
3.291174e-01 4.272976e-01
2.583568e-01 4.954769e-01
5.641837e-01 2.507073e-01
6.409820e-01 2.013938e-01
3.920727e-01 3.775955e-01
8.542783e-01 7.718977e-02
1.826547e-01 5.749738e-01
1.782963e-01 5.804810e-01
1.862991e-01 5.711787e-01
1.250342e-02 8.898223e-01
2.193042e-01 5.345237e-01
2.537602e-01 4.985438e-01
2.338145e-01 5.191834e-01
1.011825e-04 9.937262e-01
7.305826e-01 1.476012e-01
9.812697e-01 1.133103e-02
3.970496e-01 3.717989e-01
6.248941e-01 2.117716e-01
4.733529e-01 3.141616e-01
6.776380e-01 1.788068e-01
2.704252e-01 4.825331e-01
8.438061e-01 8.344358e-02
6.716640e-01 1.821371e-01
9.704205e-01 1.669909e-02
5.061478e-01 2.909785e-01
6.112107e-01 2.199826e-01
1.247898e-01 6.490216e-01
4.165306e-01 3.579382e-01
8.480498e-01 8.082467e-02
1.270490e-01 6.459712e-01
2.014960e-01 5.542319e-01
3.126703e-01 4.432394e-01
2.678588e-01 4.847590e-01
7.829861e-01 1.170870e-01
5.375574e-01 2.684980e-01
4.081665e-01 3.636029e-01
7.795536e-01 1.190408e-01
7.510073e-01 1.358269e-01
5.317859e-01 2.726480e-01
4.667170e-02 7.869095e-01
7.231350e-01 1.514674e-01
6.419393e-02 7.497676e-01
4.978374e-01 2.963790e-01
9.881114e-01 7.634846e-03
7.654722e-01 1.257843e-01
7.573240e-01 1.317807e-01
5.402122e-01 2.661023e-01
5.007034e-01 2.944610e-01
3.875357e-01 3.796342e-01
3.556313e-02 8.145485e-01
6.173392e-01 2.163852e-01
7.422825e-01 1.403916e-01
4.027938e-01 3.678872e-01
7.309194e-03 9.172382e-01
3.475129e-02 8.171915e-01
3.338027e-01 4.241115e-01
2.434899e-01 5.092607e-01
3.725253e-03 9.428738e-01
1.362268e-01 6.333879e-01
9.302164e-01 3.690551e-02
3.369293e-01 4.220761e-01
1.906880e-01 5.657866e-01
1.619600e-02 8.758642e-01
7.031543e-02 7.379165e-01
6.895895e-01 1.713031e-01
2.813041e-01 4.716696e-01
2.069141e-01 5.476822e-01
6.195872e-01 2.149050e-01
1.920051e-01 5.642115e-01
2.429664e-01 5.101729e-01
9.078261e-02 7.012600e-01
4.532400e-03 9.359165e-01
2.203010e-01 5.332041e-01
3.836713e-01 3.827678e-01
1.208364e-01 6.554309e-01
6.566247e-01 1.915562e-01
1.053948e-01 6.779505e-01
1.159082e-01 6.625566e-01
6.895895e-01 1.713031e-01
7.731340e-01 1.224335e-01
4.928472e-01 3.008194e-01
5.758195e-01 2.434284e-01
4.540836e-01 3.282890e-01
3.599941e-01 4.018082e-01
7.603480e-01 1.298400e-01
2.975336e-02 8.306706e-01
3.198175e-02 8.240327e-01
2.813041e-01 4.716696e-01
5.000914e-03 9.323737e-01
4.913428e-01 3.012930e-01
8.949068e-01 5.595769e-02
1.369760e-01 6.327696e-01
1.175260e-01 6.600901e-01
6.497672e-01 1.958797e-01
7.056335e-01 1.618545e-01
9.818530e-01 1.128590e-02
2.881329e-01 4.655460e-01
