# This file contains stats about hypervolume
1 99244178.246730 
2 99299492.573251 
3 99386069.606896 
4 99479769.048049 
5 99479770.798073 
6 99479772.373319 
7 99620074.469634 
8 99645406.468838 
9 99645408.306373 
10 99749285.941311 
11 99749286.221894 
12 99749286.932309 
13 99749287.163158 
14 99800519.480643 
15 99845069.074621 
16 99845069.097964 
17 99845069.230127 
18 99845069.386316 
19 99845069.386553 
20 99845070.319319 
21 99845071.198350 
22 99874196.467735 
23 99874196.467758 
24 99874196.928829 
25 99874197.883563 
26 99909479.848574 
27 99909479.863978 
28 99909479.898119 
29 99909479.907662 
30 99909480.554450 
31 99909480.581120 
32 99937267.913811 
33 99937268.020489 
34 99937268.959766 
35 99945030.628874 
36 99945030.745267 
37 99945030.765972 
38 99945030.793000 
39 99945030.817937 
40 99945030.817965 
41 99945031.361443 
42 99945031.924570 
43 99945031.929375 
44 99945031.929954 
45 99955289.021528 
46 99955289.114523 
47 99955289.115160 
48 99955289.341652 
49 99955289.343559 
50 99957806.091553 
51 99957806.118507 
52 99961867.304060 
53 99965432.555413 
54 99965432.568269 
55 99965432.662881 
56 99965432.666777 
57 99965432.741630 
58 99970052.541534 
59 99970052.552413 
60 99970052.611570 
61 99971415.961191 
62 99971416.009075 
63 99971416.156381 
64 99971416.255608 
65 99973715.363798 
66 99975693.561455 
67 99978164.146064 
68 99981675.573986 
69 99983717.318450 
70 99983717.353398 
71 99984839.144513 
72 99984839.191786 
73 99986582.071627 
74 99986582.117711 
75 99986582.142542 
76 99986582.167161 
77 99986684.136275 
78 99986684.176193 
79 99991398.372738 
80 99991398.387092 
81 99991835.735987 
82 99991835.772977 
83 99991835.803428 
84 99991835.851609 
85 99991835.885513 
86 99991835.914562 
87 99992818.588909 
88 99992818.604506 
89 99992818.615500 
90 99992818.628359 
91 99993316.884847 
92 99994807.645317 
93 99994807.667967 
94 99994807.684647 
95 99994807.728690 
96 99994807.764089 
97 99994941.394305 
98 99996813.350027 
99 99996813.395553 
100 99996813.400392 
101 99996813.434121 
102 99996813.445091 
103 99996813.468801 
104 99997059.767070 
105 99997377.141736 
106 99997377.172682 
107 99997377.193876 
108 99997377.210892 
109 99997881.846170 
110 99997881.859028 
111 99997928.533713 
112 99997928.541335 
113 99997928.555892 
114 99998350.532687 
115 99998350.553039 
116 99998370.199316 
117 99999126.080585 
118 99999126.087658 
119 99999126.096245 
120 99999140.409171 
121 99999164.440242 
122 99999164.445911 
123 99999212.232829 
124 99999212.236375 
125 99999448.947596 
126 99999726.086531 
127 99999726.088966 
128 99999744.688452 
129 99999747.300651 
130 99999830.381924 
131 99999830.383820 
132 99999830.386112 
133 99999830.387324 
134 99999830.388743 
135 99999830.391160 
136 99999830.392789 
137 99999830.515403 
138 99999838.052660 
139 99999861.290222 
140 99999861.474136 
141 99999861.475487 
142 99999861.477264 
143 99999861.477996 
144 99999861.479033 
145 99999861.480184 
146 99999930.105834 
147 99999930.106663 
148 99999930.107658 
149 99999930.108306 
150 99999930.108944 
151 99999930.109630 
152 99999930.110003 
153 99999930.110701 
154 99999930.111110 
155 99999930.111306 
156 99999930.111456 
157 99999930.111687 
158 99999933.886625 
159 99999933.886988 
160 99999945.066145 
161 99999945.066283 
162 99999945.066331 
163 99999945.066455 
164 99999951.593868 
165 99999951.593906 
166 99999951.594015 
167 99999951.594072 
168 99999956.085394 
169 99999956.085582 
170 99999956.085677 
171 99999956.085656 
172 99999956.085760 
173 99999956.085828 
174 99999956.085874 
175 99999956.086037 
176 99999956.086091 
177 99999956.086180 
178 99999961.000714 
179 99999961.000792 
180 99999961.000823 
181 99999961.000827 
182 99999962.987311 
183 99999962.987372 
184 99999962.987407 
185 99999962.987499 
186 99999962.987609 
187 99999962.987619 
188 99999962.987688 
189 99999962.987714 
190 99999962.987825 
191 99999962.987825 
192 99999962.987875 
193 99999963.241291 
194 99999967.497867 
195 99999967.992259 
196 99999972.666577 
197 99999972.666690 
198 99999972.666792 
199 99999972.666830 
200 99999972.666779 
201 99999972.666858 
202 99999972.666888 
203 99999973.096452 
204 99999975.297173 
205 99999975.297225 
206 99999975.564343 
207 99999975.564374 
208 99999975.564437 
209 99999975.564537 
210 99999975.564495 
211 99999975.564527 
212 99999975.564631 
213 99999975.564661 
214 99999975.564724 
215 99999975.564704 
216 99999975.564716 
217 99999975.564695 
218 99999975.564653 
219 99999975.564637 
220 99999975.564719 
221 99999977.681974 
222 99999977.681942 
223 99999981.096560 
224 99999981.096553 
225 99999981.096580 
226 99999981.096607 
227 99999981.433504 
228 99999981.433553 
229 99999983.128065 
230 99999983.128124 
231 99999983.776043 
232 99999983.776071 
233 99999983.776063 
234 99999983.776049 
235 99999983.776161 
