9.999966e-01 1.075233e-04
7.691134e-10 1.000157e+00
8.305407e-01 8.877330e-02
9.126909e-01 4.478696e-02
2.195246e-01 5.316663e-01
2.690633e-01 4.814846e-01
7.274864e-02 7.304277e-01
7.858862e-01 1.138013e-01
9.655255e-03 9.018938e-01
1.944246e-01 5.597095e-01
2.808229e-03 9.473923e-01
5.819257e-01 2.377875e-01
7.527808e-01 1.328698e-01
7.110697e-01 1.568802e-01
6.627527e-01 1.860570e-01
1.234067e-01 6.488950e-01
9.540238e-01 2.336707e-02
1.496987e-01 6.286127e-01
5.498528e-01 2.666054e-01
9.898386e-02 6.855515e-01
5.505048e-02 7.655244e-01
4.622103e-01 3.331001e-01
4.103598e-01 3.595567e-01
5.234343e-01 2.769209e-01
6.216935e-01 2.120886e-01
2.663605e-02 8.408556e-01
4.152593e-02 7.969642e-01
1.682799e-01 5.904252e-01
3.235444e-01 4.314042e-01
4.855141e-01 3.035074e-01
6.525291e-01 1.939397e-01
7.228839e-01 1.499371e-01
6.063511e-01 2.218885e-01
2.213905e-02 8.514578e-01
3.794255e-01 3.843060e-01
1.043959e-01 6.770666e-01
2.925205e-01 4.592719e-01
3.926150e-01 3.756315e-01
3.292781e-01 4.263515e-01
3.579398e-01 4.123031e-01
