# This file contains stats about hypervolume
1 99971102.119238 
2 99975132.778154 
3 99975152.953744 
4 99978348.044198 
5 99979974.006227 
6 99979974.109362 
7 99982194.634119 
8 99983105.550365 
9 99983105.652376 
10 99983320.256884 
11 99983393.669657 
12 99986455.298886 
13 99986551.361039 
14 99987283.166403 
15 99988518.219207 
16 99988519.001879 
17 99988944.105160 
18 99989256.833453 
19 99989586.468757 
20 99989586.571561 
21 99989587.121836 
22 99990310.956536 
23 99990311.083116 
24 99990599.505194 
25 99991454.727497 
26 99991454.752380 
27 99991983.035178 
28 99991983.054788 
29 99991983.077013 
30 99993188.839702 
31 99993815.036722 
32 99993815.055121 
33 99993815.107130 
34 99994142.364805 
35 99994259.081880 
36 99994259.103839 
37 99994361.490327 
38 99994704.047999 
39 99994754.856998 
40 99994957.130493 
41 99995210.310173 
42 99995427.362351 
43 99995527.995693 
44 99995646.818225 
45 99995731.161344 
46 99995900.609066 
47 99995900.626360 
48 99995925.724719 
49 99996122.167177 
50 99996165.556457 
51 99996740.266224 
52 99996745.112784 
53 99996822.366121 
54 99996850.407967 
55 99996916.351591 
56 99996916.365412 
57 99996916.377279 
58 99997089.245016 
59 99997131.821848 
60 99997144.894681 
61 99997514.289896 
62 99997693.515729 
63 99997729.064513 
64 99997729.082519 
65 99997729.092132 
66 99997747.295681 
67 99997945.570488 
68 99997963.635420 
69 99997963.640408 
70 99997963.645325 
71 99997963.652522 
72 99997963.665872 
73 99997963.670484 
74 99997964.776088 
75 99998120.591469 
76 99998275.672983 
77 99998275.680815 
78 99998341.903636 
79 99998341.907795 
80 99998500.083692 
81 99998500.089015 
82 99998500.093600 
83 99998616.838535 
84 99998709.450359 
85 99998741.601503 
86 99998741.608395 
87 99998773.850611 
88 99998792.066527 
89 99998864.977189 
90 99999017.634890 
91 99999036.611156 
92 99999036.618227 
93 99999045.564898 
94 99999045.570247 
95 99999045.573083 
96 99999045.575076 
97 99999258.037803 
98 99999281.446512 
99 99999281.447836 
100 99999281.452831 
101 99999281.456122 
102 99999325.302213 
103 99999325.305024 
104 99999325.308925 
105 99999392.422864 
106 99999392.427629 
107 99999408.159415 
108 99999408.160038 
109 99999408.161838 
110 99999408.165889 
111 99999408.166381 
112 99999424.637303 
113 99999424.638479 
114 99999424.641795 
115 99999443.194223 
116 99999443.197272 
117 99999443.198843 
118 99999447.516748 
119 99999455.782482 
120 99999485.809894 
121 99999491.759850 
122 99999544.755824 
123 99999544.757917 
124 99999579.742191 
125 99999591.212490 
126 99999605.937171 
127 99999605.938660 
128 99999636.627820 
129 99999674.558879 
130 99999688.283147 
131 99999688.282654 
132 99999688.283578 
133 99999688.285808 
134 99999688.287978 
135 99999694.667283 
136 99999694.665566 
137 99999694.667172 
138 99999694.669795 
139 99999694.671159 
140 99999719.409653 
141 99999719.410948 
142 99999719.412161 
143 99999719.412129 
144 99999745.089943 
145 99999745.089382 
146 99999745.088762 
147 99999745.088584 
148 99999757.361498 
149 99999757.362050 
150 99999794.883307 
151 99999794.883193 
152 99999794.884103 
153 99999828.079871 
154 99999829.751914 
155 99999845.539502 
156 99999845.540008 
157 99999850.923429 
158 99999866.744244 
159 99999866.744524 
160 99999866.744628 
161 99999866.745455 
162 99999866.746072 
163 99999867.107970 
164 99999867.110280 
165 99999867.111344 
166 99999867.112713 
167 99999867.111552 
168 99999867.111860 
169 99999871.195139 
170 99999871.195884 
171 99999871.196440 
172 99999871.196893 
173 99999877.197188 
174 99999881.894787 
175 99999881.894515 
176 99999888.924979 
177 99999894.256672 
178 99999894.256356 
179 99999897.171381 
180 99999903.435234 
181 99999903.436122 
182 99999903.436023 
183 99999903.436991 
184 99999903.437149 
185 99999903.436673 
186 99999904.210114 
187 99999904.211505 
188 99999905.573189 
189 99999912.568825 
190 99999919.471522 
191 99999919.471498 
192 99999920.544090 
193 99999920.544348 
194 99999920.543418 
195 99999920.544459 
196 99999922.102721 
197 99999922.102371 
198 99999922.102771 
199 99999922.103482 
200 99999922.103153 
201 99999922.103861 
202 99999922.103272 
203 99999922.102882 
204 99999922.761563 
205 99999923.700819 
206 99999923.967920 
207 99999923.967864 
208 99999923.967774 
209 99999923.967580 
210 99999931.416238 
211 99999931.416248 
212 99999931.416965 
213 99999931.417180 
214 99999936.633900 
215 99999936.633919 
216 99999936.635257 
217 99999938.768042 
218 99999938.769015 
219 99999942.919877 
220 99999942.920170 
221 99999942.921191 
222 99999942.921061 
223 99999942.919294 
224 99999942.920141 
225 99999942.920563 
226 99999942.920634 
227 99999947.753337 
228 99999947.753237 
229 99999947.752858 
230 99999947.753446 
231 99999947.752766 
232 99999947.752992 
233 99999947.753189 
234 99999947.753191 
235 99999952.734233 
236 99999952.734548 
237 99999952.735554 
238 99999952.735473 
239 99999952.735545 
240 99999952.735631 
241 99999952.736247 
242 99999955.165438 
243 99999955.165404 
244 99999955.165862 
245 99999955.165610 
246 99999955.165667 
247 99999955.286861 
248 99999955.285539 
249 99999956.669634 
250 99999956.670535 
251 99999956.668793 
252 99999956.670169 
253 99999956.670565 
254 99999956.671929 
255 99999956.672212 
256 99999958.140295 
257 99999960.397228 
258 99999960.476887 
259 99999960.476739 
260 99999960.477171 
261 99999960.477617 
262 99999960.476718 
263 99999960.476955 
264 99999960.477245 
265 99999960.477140 
266 99999960.477086 
267 99999960.475666 
268 99999962.285064 
269 99999962.285287 
270 99999962.367032 
271 99999962.368023 
272 99999962.367245 
273 99999962.367154 
274 99999962.367164 
275 99999962.367221 
276 99999962.366019 
277 99999962.367818 
278 99999963.447100 
279 99999963.447341 
280 99999963.447435 
281 99999964.297202 
282 99999964.297572 
283 99999964.297759 
284 99999964.298158 
285 99999964.297896 
286 99999964.297831 
287 99999966.637980 
288 99999966.703833 
289 99999966.703434 
290 99999966.703360 
291 99999966.703219 
292 99999966.703212 
293 99999966.703792 
294 99999966.703486 
295 99999967.474282 
296 99999972.339302 
297 99999972.339990 
298 99999972.340054 
299 99999972.340264 
300 99999972.339960 
301 99999972.988587 
302 99999972.988909 
303 99999972.988984 
304 99999981.914716 
305 99999981.915622 
306 99999981.914997 
307 99999981.915160 
308 99999981.915704 
309 99999981.915326 
310 99999981.915950 
311 99999981.915602 
312 99999981.915909 
313 99999982.015499 
314 99999982.946759 
315 99999983.017593 
316 99999983.017833 
317 99999983.017778 
318 99999983.017893 
319 99999983.017611 
320 99999983.332441 
321 99999986.550885 
322 99999986.549754 
323 99999987.781511 
324 99999987.801599 
325 99999987.803202 
326 99999990.271335 
327 99999990.271462 
328 99999990.271049 
329 99999990.271072 
330 99999990.271606 
331 99999990.392244 
332 99999990.391783 
333 99999990.392482 
334 99999990.393629 
335 99999991.613025 
336 99999991.612077 
337 99999991.613159 
338 99999991.613004 
339 99999991.949047 
340 99999991.947599 
341 99999991.947726 
342 99999991.949943 
343 99999991.950475 
344 99999991.949780 
345 99999991.949879 
346 99999991.950429 
347 99999991.950318 
348 99999991.948972 
349 99999991.948493 
350 99999994.019382 
351 99999994.019328 
352 99999994.019507 
353 99999994.019452 
354 99999994.188029 
355 99999994.795417 
356 99999994.794966 
357 99999994.795797 
358 99999994.796480 
359 99999995.544871 
360 99999995.543926 
361 99999995.544161 
362 99999995.544807 
363 99999995.544796 
364 99999995.544834 
365 99999995.547684 
366 99999995.549616 
367 99999995.547056 
368 99999995.546338 
369 99999995.546873 
370 99999995.547654 
371 99999996.678290 
372 99999996.676895 
373 99999996.677122 
374 99999996.678187 
375 99999996.705178 
376 99999996.705047 
377 99999996.705511 
378 99999996.734920 
379 99999996.759883 
380 99999996.785722 
381 99999996.786360 
382 99999996.786118 
383 99999996.786758 
384 99999996.786125 
385 99999996.785948 
386 99999996.786601 
387 99999996.873749 
388 99999996.874337 
389 99999996.872683 
390 99999996.872257 
391 99999996.873145 
392 99999996.963692 
393 99999996.962446 
394 99999996.962633 
395 99999996.963328 
396 99999996.964135 
397 99999996.961885 
398 99999996.961881 
399 99999997.068441 
400 99999997.201780 
401 99999997.202263 
402 99999997.202822 
403 99999997.203559 
404 99999997.204484 
405 99999997.204878 
406 99999997.203846 
407 99999997.204065 
408 99999997.203984 
409 99999997.252204 
410 99999997.253010 
411 99999997.267746 
412 99999997.266981 
413 99999997.311019 
414 99999997.311611 
415 99999997.311956 
416 99999997.311320 
417 99999997.311992 
418 99999997.312625 
419 99999997.364979 
420 99999997.365466 
421 99999997.365026 
422 99999997.364217 
423 99999997.363234 
424 99999997.481767 
425 99999997.547033 
426 99999997.736866 
427 99999997.739182 
428 99999997.739496 
429 99999997.739205 
430 99999997.738973 
431 99999997.739763 
432 99999997.740265 
433 99999997.739877 
434 99999997.740763 
435 99999997.740231 
436 99999997.740784 
437 99999997.742995 
438 99999997.743551 
439 99999997.744250 
440 99999997.744409 
441 99999997.743759 
442 99999997.824298 
443 99999997.823097 
444 99999997.822842 
445 99999997.822940 
446 99999997.823235 
447 99999997.821892 
448 99999997.855864 
449 99999997.896465 
450 99999997.941002 
451 99999997.940069 
452 99999998.193296 
453 99999998.194611 
454 99999998.195148 
455 99999998.194797 
456 99999998.194131 
457 99999998.193475 
458 99999998.194468 
459 99999998.194889 
460 99999998.195269 
461 99999998.194989 
462 99999998.194713 
463 99999998.195158 
464 99999998.328272 
465 99999998.328713 
466 99999998.329583 
467 99999998.330069 
468 99999998.330072 
469 99999998.330250 
470 99999998.331268 
471 99999998.329333 
472 99999998.330212 
473 99999998.329913 
474 99999998.457509 
475 99999998.495514 
476 99999998.495031 
477 99999998.496481 
478 99999998.495742 
479 99999998.494844 
480 99999998.495945 
481 99999998.496360 
482 99999998.495842 
483 99999998.496341 
484 99999998.495410 
485 99999998.495997 
486 99999998.497107 
487 99999998.497454 
488 99999998.495524 
489 99999998.494713 
490 99999998.495572 
491 99999998.496664 
492 99999998.496679 
493 99999998.496923 
494 99999998.497059 
495 99999998.497310 
496 99999998.497537 
497 99999998.496547 
498 99999998.496429 
499 99999998.574255 
500 99999998.575957 
