# This file contains stats about hypervolume
1 99975625.084708 
2 99977430.556976 
3 99977439.907986 
4 99978850.557060 
5 99983938.296582 
6 99984369.701833 
7 99984372.780561 
8 99985523.786136 
9 99986674.760302 
10 99987153.160420 
11 99987951.920623 
12 99988688.005325 
13 99988945.180577 
14 99989345.502863 
15 99991135.850257 
16 99991135.908340 
17 99991639.301049 
18 99991639.343081 
19 99992155.549528 
20 99992155.587376 
21 99993000.650535 
22 99993374.379591 
23 99993768.060976 
24 99994328.576040 
25 99994424.832630 
26 99996269.981644 
27 99996270.015481 
28 99996270.040342 
29 99996270.079809 
30 99996270.097281 
31 99996283.795998 
32 99996464.349611 
33 99996717.815130 
34 99996717.836059 
35 99996805.498568 
36 99997114.768039 
37 99997177.151699 
38 99997738.317584 
39 99997738.334355 
40 99997972.742966 
41 99998149.190756 
42 99998357.490109 
43 99998357.502358 
44 99998357.519495 
45 99998357.535415 
46 99998391.966014 
47 99998582.307498 
48 99998582.318159 
49 99998988.002324 
50 99998988.010463 
51 99999006.859763 
52 99999032.221926 
53 99999136.071491 
54 99999136.078223 
55 99999226.262402 
56 99999307.069289 
57 99999307.073858 
58 99999346.279818 
59 99999346.287946 
60 99999346.292308 
61 99999346.296195 
62 99999379.005498 
63 99999395.007187 
64 99999395.011198 
65 99999401.462767 
66 99999557.582008 
67 99999695.895982 
68 99999706.782372 
69 99999706.784651 
70 99999706.787447 
71 99999706.791272 
72 99999706.792542 
73 99999706.795056 
74 99999706.797080 
75 99999706.799336 
76 99999706.801944 
77 99999706.803890 
78 99999706.805954 
79 99999706.807490 
80 99999706.808530 
81 99999733.743940 
82 99999733.745241 
83 99999733.746543 
84 99999733.747793 
85 99999749.140835 
86 99999749.142427 
87 99999749.143653 
88 99999749.144460 
89 99999770.641983 
90 99999770.642573 
91 99999770.643694 
92 99999770.643769 
93 99999770.644477 
94 99999770.644834 
95 99999776.634491 
96 99999776.634997 
97 99999776.635815 
98 99999783.064873 
99 99999849.998300 
100 99999849.998802 
101 99999849.999444 
102 99999849.999715 
103 99999850.000177 
104 99999850.000761 
105 99999850.001404 
106 99999850.001967 
107 99999850.002413 
108 99999850.003255 
109 99999850.003728 
110 99999850.003867 
111 99999850.004551 
112 99999853.947803 
113 99999860.415528 
114 99999860.415601 
115 99999861.221251 
116 99999861.221364 
117 99999861.221889 
118 99999861.434403 
119 99999861.434630 
120 99999861.434964 
121 99999868.975493 
122 99999868.975599 
123 99999868.976031 
124 99999887.510468 
125 99999887.510923 
126 99999890.422331 
127 99999890.422255 
128 99999890.630078 
129 99999890.630397 
130 99999890.629890 
131 99999890.630106 
132 99999890.630368 
133 99999890.630241 
134 99999890.630356 
135 99999890.630835 
136 99999897.256425 
137 99999897.256941 
138 99999897.257333 
139 99999897.257470 
140 99999897.257657 
141 99999897.257584 
142 99999898.066864 
143 99999909.066187 
144 99999915.194152 
145 99999915.194156 
146 99999951.728037 
147 99999951.728173 
148 99999951.728403 
149 99999951.728891 
150 99999951.728919 
151 99999953.020977 
152 99999953.021507 
153 99999953.021651 
154 99999957.792105 
155 99999957.792305 
156 99999957.792254 
157 99999957.792419 
158 99999957.792226 
159 99999957.792492 
160 99999962.298450 
161 99999962.298459 
162 99999962.298414 
163 99999962.298410 
164 99999962.298213 
165 99999962.298072 
166 99999969.112949 
167 99999969.113218 
168 99999969.113322 
169 99999969.113352 
170 99999969.113642 
171 99999969.113742 
172 99999971.227231 
173 99999971.227316 
174 99999974.265365 
175 99999974.265212 
176 99999974.265075 
177 99999974.265326 
178 99999974.265626 
179 99999974.265361 
180 99999974.265536 
181 99999974.265983 
182 99999974.265763 
183 99999974.265755 
184 99999974.265680 
185 99999974.266120 
186 99999974.266165 
187 99999974.266352 
188 99999974.265884 
189 99999974.266098 
190 99999974.266120 
191 99999974.266310 
192 99999974.266398 
193 99999976.663356 
194 99999976.663563 
195 99999977.750773 
196 99999977.750948 
197 99999977.751076 
198 99999977.751184 
199 99999977.751117 
200 99999977.932687 
