3.874473e-10 1.004622e+00
9.997523e-01 2.172657e-03
1.625806e-01 5.999334e-01
2.325201e-02 8.520551e-01
7.780594e-01 1.206283e-01
3.494954e-02 8.201765e-01
8.047860e-01 1.087433e-01
8.634213e-01 7.387295e-02
5.449239e-02 7.706098e-01
4.025963e-01 3.772292e-01
1.849486e-01 5.832945e-01
2.832003e-01 4.733808e-01
4.141754e-01 3.605398e-01
7.025680e-02 7.400584e-01
6.615028e-02 7.513133e-01
3.404640e-01 4.193820e-01
5.518445e-01 2.589142e-01
1.872707e-01 5.704421e-01
3.250325e-01 4.318893e-01
3.867627e-02 8.065932e-01
9.612134e-01 2.287440e-02
1.028357e-01 6.819177e-01
7.404568e-01 1.439776e-01
6.531258e-01 1.941384e-01
8.867945e-01 6.305768e-02
2.541297e-01 4.995546e-01
5.803670e-01 2.409101e-01
9.115946e-01 4.794995e-02
4.811354e-01 3.098279e-01
2.240213e-01 5.324168e-01
4.496061e-01 3.344737e-01
9.252436e-01 4.206149e-02
9.366275e-02 7.017074e-01
3.030364e-01 4.525545e-01
2.134035e-01 5.421070e-01
1.142150e-01 6.663342e-01
2.216295e-03 9.578895e-01
7.294659e-01 1.499231e-01
9.760948e-01 1.457850e-02
6.377339e-01 2.038916e-01
8.463577e-01 8.215110e-02
3.590630e-01 4.050834e-01
4.685033e-01 3.200328e-01
5.973348e-01 2.301202e-01
1.832861e-02 8.687253e-01
3.701941e-01 3.956802e-01
9.379013e-01 3.402772e-02
2.008376e-01 5.562332e-01
5.384043e-01 2.693162e-01
7.610036e-01 1.296356e-01
8.158977e-01 9.873667e-02
4.414780e-01 3.469903e-01
3.843381e-01 3.855242e-01
8.253246e-01 9.396118e-02
5.207948e-03 9.328486e-01
5.062906e-01 2.927540e-01
8.169303e-02 7.173051e-01
5.236002e-01 2.788120e-01
7.558823e-01 1.338385e-01
2.480406e-01 5.135068e-01
6.831697e-01 1.762502e-01
9.480091e-01 2.909564e-02
5.650690e-01 2.517021e-01
1.791808e-02 8.829810e-01
1.250842e-01 6.500712e-01
2.679388e-01 4.855681e-01
3.522936e-01 4.144177e-01
9.019171e-01 5.944567e-02
8.426822e-01 9.031912e-02
1.387768e-02 8.976084e-01
6.222472e-01 2.135124e-01
6.723034e-01 1.825548e-01
7.156779e-01 1.570127e-01
7.144505e-01 1.663470e-01
6.638394e-01 1.885843e-01
1.332329e-01 6.401180e-01
8.353378e-03 9.124090e-01
9.893084e-02 6.936264e-01
1.378867e-01 6.321204e-01
9.859802e-01 9.900401e-03
1.449899e-01 6.231536e-01
1.513857e-01 6.155956e-01
2.373420e-01 5.257096e-01
4.604884e-03 9.439128e-01
3.155752e-01 4.430460e-01
8.199374e-02 7.168164e-01
1.185154e-01 6.586848e-01
2.043051e-01 5.519051e-01
4.696098e-02 7.894116e-01
4.711461e-02 7.885978e-01
4.254502e-01 3.496827e-01
5.740191e-01 2.476222e-01
6.104959e-01 2.209226e-01
6.507334e-04 9.787333e-01
6.321140e-01 2.107659e-01
3.794080e-01 3.892854e-01
3.949712e-04 9.845730e-01
6.959083e-01 1.685306e-01
2.936119e-01 4.607577e-01
2.376705e-01 5.179281e-01
