# This file contains stats about hypervolume
1 99032427.734239 
2 99198993.725101 
3 99446748.239276 
4 99446751.307486 
5 99446755.657977 
6 99504350.468290 
7 99511700.833412 
8 99511703.984641 
9 99566233.156220 
10 99654542.342946 
11 99654542.456784 
12 99654543.630286 
13 99686486.998912 
14 99686486.999624 
15 99716740.782993 
16 99716740.831300 
17 99782535.198259 
18 99782535.198307 
19 99807245.254410 
20 99807245.315843 
21 99808241.653699 
22 99820833.678194 
23 99852827.499972 
24 99871275.969056 
25 99871276.096326 
26 99871276.096326 
27 99873637.199912 
28 99873637.199947 
29 99879440.101637 
30 99898069.174878 
31 99906730.476970 
32 99906730.482099 
33 99906730.482099 
34 99913934.274912 
35 99919017.923595 
36 99919018.289433 
37 99923067.228427 
38 99923067.228438 
39 99934708.601440 
40 99934708.601440 
41 99936977.580439 
42 99941982.926555 
43 99941983.322185 
44 99945806.850481 
45 99949600.200014 
46 99949600.210532 
47 99954924.522659 
48 99955225.197741 
49 99955225.334972 
50 99957738.763580 
51 99957738.785510 
52 99960612.657518 
53 99960612.735603 
54 99960612.820556 
55 99962217.264155 
56 99970688.707126 
57 99970688.801791 
58 99970688.886422 
59 99970689.036896 
60 99971100.985031 
61 99971775.024121 
62 99974854.236443 
63 99974854.302374 
64 99974854.410106 
65 99974854.448434 
66 99975132.525966 
67 99975132.550969 
68 99975132.568543 
69 99975137.407595 
70 99977696.978669 
71 99980363.245887 
72 99980363.291588 
73 99980386.204875 
74 99981096.404516 
75 99982039.332052 
76 99982429.556525 
77 99983337.936491 
78 99985599.244615 
79 99986734.454934 
80 99987189.357173 
81 99987189.360829 
82 99987831.321433 
83 99989512.490330 
84 99989512.506210 
85 99990058.536298 
86 99990058.550800 
87 99990170.067355 
88 99990459.629944 
89 99990465.604944 
90 99990750.752272 
91 99990750.774137 
92 99990799.491355 
93 99990799.500732 
94 99990806.651314 
95 99992092.644112 
96 99992470.967505 
97 99992470.975920 
98 99992678.152254 
99 99992687.008387 
100 99992760.596110 
101 99992760.601198 
102 99992865.393158 
103 99992865.397086 
104 99992865.402246 
105 99992879.237003 
106 99992879.239444 
107 99992912.892436 
108 99992950.923449 
109 99992950.929513 
110 99992952.303494 
111 99993816.040292 
112 99994891.691448 
113 99994891.722829 
114 99995000.201359 
115 99995000.218662 
116 99995000.235091 
117 99995001.304201 
118 99995342.240706 
119 99996517.541750 
120 99996517.546175 
121 99996517.565448 
122 99996517.589635 
123 99997069.073163 
124 99997069.079426 
125 99997085.508953 
126 99997085.514042 
127 99997268.363607 
128 99997630.216780 
129 99997635.953448 
130 99997635.956416 
131 99997787.194588 
132 99997966.752698 
133 99997966.758623 
134 99999341.023451 
135 99999341.030154 
136 99999341.054613 
137 99999458.288098 
138 99999458.299919 
139 99999492.615272 
140 99999492.622504 
141 99999622.737600 
142 99999622.743042 
143 99999622.746182 
144 99999622.747807 
145 99999633.195344 
146 99999633.196801 
147 99999671.985863 
148 99999722.664854 
149 99999727.152142 
150 99999818.024026 
151 99999821.966666 
152 99999821.967665 
153 99999822.106443 
154 99999822.106162 
155 99999825.702465 
156 99999827.798965 
157 99999829.562240 
158 99999829.562384 
159 99999829.562365 
160 99999829.562081 
161 99999873.795418 
162 99999873.795688 
163 99999873.795791 
164 99999873.796013 
165 99999886.037389 
166 99999886.037448 
167 99999886.751002 
168 99999886.751252 
169 99999929.629639 
170 99999931.966544 
171 99999931.966535 
172 99999931.966451 
173 99999931.966577 
174 99999931.966605 
175 99999931.966958 
176 99999931.966865 
177 99999942.099574 
178 99999942.099744 
179 99999946.875627 
180 99999946.875728 
181 99999946.875812 
182 99999946.875967 
183 99999946.875952 
184 99999951.103029 
185 99999951.103030 
186 99999951.103227 
187 99999951.103204 
188 99999951.103142 
189 99999951.103377 
190 99999951.103433 
191 99999951.103345 
192 99999951.103613 
193 99999951.103656 
194 99999951.103422 
195 99999951.103431 
196 99999951.103302 
197 99999951.103493 
198 99999951.103605 
199 99999951.103699 
200 99999951.512118 
201 99999951.512021 
202 99999951.511953 
203 99999951.511973 
204 99999951.512194 
205 99999951.512194 
206 99999951.608156 
207 99999951.608354 
208 99999951.608378 
209 99999951.857678 
210 99999951.857720 
211 99999951.857735 
212 99999951.857983 
213 99999951.858186 
214 99999951.857794 
215 99999952.278424 
216 99999952.277768 
217 99999952.277971 
218 99999952.278204 
219 99999953.899717 
220 99999953.899356 
221 99999953.899281 
222 99999953.899232 
223 99999953.899407 
224 99999953.899354 
225 99999953.899750 
226 99999953.899676 
227 99999953.916834 
228 99999953.916880 
229 99999953.926845 
230 99999953.926754 
231 99999953.927003 
232 99999953.926716 
233 99999953.926482 
234 99999953.926625 
235 99999953.926771 
236 99999953.926589 
237 99999955.111543 
238 99999955.111445 
239 99999955.314845 
240 99999955.315341 
241 99999955.315396 
242 99999955.342925 
243 99999955.343386 
244 99999955.343358 
245 99999955.343247 
246 99999955.343267 
247 99999955.343207 
248 99999955.605019 
249 99999955.605013 
250 99999955.605066 
251 99999955.605071 
252 99999955.605142 
253 99999955.605229 
254 99999955.605312 
255 99999955.764691 
256 99999955.764509 
257 99999955.764727 
258 99999955.764813 
259 99999955.764774 
260 99999956.161712 
261 99999956.164113 
262 99999956.163958 
263 99999956.164111 
264 99999956.164133 
265 99999956.164195 
266 99999956.163897 
267 99999957.149819 
268 99999957.149917 
269 99999957.149904 
270 99999957.149801 
271 99999957.205688 
272 99999957.434062 
273 99999957.434288 
274 99999957.434285 
275 99999957.466903 
276 99999957.466712 
277 99999957.478333 
278 99999957.478306 
279 99999957.483397 
280 99999957.483010 
281 99999957.482927 
282 99999957.482741 
283 99999957.483074 
284 99999957.482783 
285 99999957.483043 
286 99999957.482936 
287 99999957.482890 
288 99999957.482895 
289 99999957.482854 
290 99999957.482919 
291 99999957.639071 
292 99999957.639005 
293 99999957.639105 
294 99999957.639200 
295 99999957.639363 
296 99999957.656272 
297 99999957.656256 
298 99999957.656174 
299 99999957.772683 
300 99999957.772717 
301 99999957.772687 
302 99999957.772641 
303 99999957.828108 
304 99999957.836449 
305 99999957.836268 
306 99999957.836393 
307 99999957.836673 
308 99999957.839436 
309 99999957.839386 
310 99999957.845702 
311 99999957.845649 
312 99999957.845740 
313 99999957.845651 
314 99999957.845557 
315 99999957.845875 
316 99999957.846045 
317 99999957.867962 
318 99999957.867976 
319 99999957.867834 
320 99999957.867867 
321 99999957.867970 
322 99999957.867597 
323 99999957.867673 
324 99999957.867559 
325 99999957.867761 
326 99999957.897435 
327 99999957.897401 
328 99999957.897402 
329 99999959.550503 
330 99999959.632930 
331 99999959.824108 
332 99999959.833534 
333 99999959.833714 
334 99999960.342052 
335 99999960.342083 
336 99999960.341600 
337 99999960.341836 
338 99999960.342174 
339 99999960.370168 
340 99999961.653155 
341 99999961.653419 
342 99999962.310370 
343 99999962.310619 
344 99999962.310380 
345 99999962.310617 
346 99999962.556791 
347 99999962.556634 
348 99999970.501322 
349 99999970.501381 
350 99999970.501222 
351 99999970.501436 
352 99999972.353615 
353 99999972.353788 
354 99999972.354418 
355 99999972.354369 
356 99999972.354568 
357 99999972.354498 
358 99999972.486387 
359 99999972.486500 
360 99999972.486718 
361 99999972.486844 
362 99999972.486858 
363 99999981.655393 
364 99999981.655556 
365 99999981.655609 
366 99999983.876741 
367 99999985.227348 
368 99999985.227355 
369 99999985.227609 
370 99999985.227477 
371 99999985.226786 
372 99999985.227027 
373 99999985.319330 
374 99999985.605898 
375 99999985.624821 
376 99999985.624862 
377 99999985.624632 
378 99999985.625125 
379 99999985.624780 
380 99999985.624775 
381 99999985.624894 
382 99999985.625092 
383 99999985.748307 
384 99999985.748385 
385 99999985.748313 
386 99999985.818145 
387 99999986.199951 
388 99999986.199763 
389 99999986.199857 
390 99999986.199981 
391 99999986.200136 
392 99999986.199845 
393 99999986.199785 
394 99999986.199961 
395 99999986.289000 
396 99999986.288837 
397 99999986.289021 
398 99999986.289168 
399 99999986.288806 
400 99999986.289025 
401 99999986.288995 
402 99999986.288828 
403 99999986.289288 
404 99999986.532100 
405 99999986.705082 
406 99999986.704885 
407 99999986.704864 
408 99999986.704837 
409 99999986.704750 
410 99999986.704907 
411 99999986.704995 
412 99999986.704557 
413 99999986.704777 
414 99999986.704644 
415 99999986.939358 
416 99999986.939587 
417 99999986.939621 
418 99999986.939606 
419 99999986.939404 
420 99999986.939535 
421 99999986.939650 
422 99999986.939960 
423 99999989.607037 
424 99999989.607029 
425 99999989.630136 
426 99999989.630062 
427 99999989.629960 
428 99999989.629738 
429 99999989.630014 
430 99999989.630281 
431 99999989.784388 
432 99999989.784241 
433 99999989.784277 
434 99999990.057610 
435 99999990.057745 
436 99999990.057856 
437 99999990.058013 
438 99999990.091956 
439 99999990.091813 
440 99999990.091850 
441 99999990.091734 
442 99999990.154799 
443 99999990.154975 
444 99999990.154840 
445 99999990.154797 
446 99999990.154655 
447 99999990.154626 
448 99999990.154664 
449 99999990.154738 
450 99999990.154725 
451 99999990.154849 
452 99999990.168096 
453 99999990.167843 
454 99999990.167862 
455 99999990.167809 
456 99999990.168091 
457 99999990.168140 
458 99999990.167851 
459 99999990.305642 
460 99999990.305735 
461 99999990.305745 
462 99999990.305568 
463 99999990.305485 
464 99999990.328558 
465 99999990.328834 
466 99999990.446566 
467 99999990.446748 
468 99999990.451045 
469 99999990.451044 
470 99999990.451073 
