2.966854e-17 1.001850e+00
9.999998e-01 9.209398e-04
4.490943e-02 7.897554e-01
6.875427e-02 7.394406e-01
4.261759e-01 3.490254e-01
8.278259e-01 9.116247e-02
2.253528e-01 5.266883e-01
4.474134e-01 3.323591e-01
9.465738e-01 2.803800e-02
7.490642e-03 9.152534e-01
1.322024e-02 8.867696e-01
4.581653e-01 3.243628e-01
2.438304e-01 5.075766e-01
8.477370e-01 8.028405e-02
2.997328e-01 4.538675e-01
5.480989e-01 2.608551e-01
1.279973e-01 6.437601e-01
5.310978e-01 2.723927e-01
3.154447e-01 4.396694e-01
3.414435e-01 4.169781e-01
4.686517e-03 9.333607e-01
4.774788e-01 3.102481e-01
1.119326e-01 6.669702e-01
2.243719e-03 9.544316e-01
3.634590e-01 3.984129e-01
5.191337e-01 2.806847e-01
2.887719e-01 4.639790e-01
3.501760e-01 4.095473e-01
6.852458e-01 1.732862e-01
6.304168e-01 2.071290e-01
2.784337e-01 4.737153e-01
4.962992e-01 2.966938e-01
6.346540e-01 2.044703e-01
6.102110e-01 2.199662e-01
9.272401e-04 9.713770e-01
8.063977e-02 7.176197e-01
9.268717e-01 3.821931e-02
4.105192e-01 3.605743e-01
1.710306e-01 5.879099e-01
6.657913e-01 1.851329e-01
8.073560e-01 1.024565e-01
5.863439e-01 2.361247e-01
5.607114e-01 2.523828e-01
8.851695e-02 7.040847e-01
7.845920e-01 1.152579e-01
8.610318e-01 7.308948e-02
6.060917e-01 2.226120e-01
5.690141e-01 2.468153e-01
3.916509e-01 3.754530e-01
4.826597e-01 3.064869e-01
1.703063e-02 8.712340e-01
7.918134e-01 1.111918e-01
9.639242e-01 1.912589e-02
7.029468e-01 1.626529e-01
2.025183e-01 5.514047e-01
2.508591e-01 5.005743e-01
1.529537e-01 6.104131e-01
3.257958e-01 4.305398e-01
7.375323e-01 1.422594e-01
1.056114e-04 9.915678e-01
6.778038e-01 1.778089e-01
3.838658e-01 3.817123e-01
2.587970e-02 8.408269e-01
7.700788e-01 1.234996e-01
8.971639e-01 5.378742e-02
1.451669e-01 6.205022e-01
2.597428e-01 4.917410e-01
9.141236e-01 4.486512e-02
3.255753e-02 8.212543e-01
7.320416e-01 1.454628e-01
9.332883e-02 6.960754e-01
1.784004e-01 5.790871e-01
6.548547e-01 1.918700e-01
1.835647e-01 5.730125e-01
1.613664e-01 5.997778e-01
2.141802e-01 5.386343e-01
1.030014e-01 6.806256e-01
2.030204e-02 8.592435e-01
5.805739e-01 2.392198e-01
2.742456e-02 8.360933e-01
9.777439e-01 1.211335e-02
9.030443e-01 5.068191e-02
2.682938e-01 4.834259e-01
7.520144e-01 1.338666e-01
7.460482e-02 7.284812e-01
8.052159e-01 1.036505e-01
9.852721e-01 8.319355e-03
8.840678e-01 6.076317e-02
7.052607e-01 1.612839e-01
6.548547e-01 1.918700e-01
7.177837e-01 1.538452e-01
2.152581e-01 5.374695e-01
4.020537e-01 3.671864e-01
7.199238e-01 1.525807e-01
5.068134e-01 2.892806e-01
9.937194e-01 4.071981e-03
1.990104e-01 5.553358e-01
9.898829e-02 6.869440e-01
3.937313e-02 8.032525e-01
9.678920e-01 1.712593e-02
