# This file contains stats about hypervolume
1 99975625.084708 
2 99977413.828149 
3 99977791.614480 
4 99979350.722006 
5 99981316.189571 
6 99982145.395434 
7 99982934.516125 
8 99984447.500947 
9 99984447.628420 
10 99986908.880357 
11 99986908.928682 
12 99988157.578744 
13 99989444.398004 
14 99989697.606133 
15 99989716.071529 
16 99990698.782382 
17 99990834.964625 
18 99991376.819155 
19 99991988.301217 
20 99993389.392523 
21 99993389.450418 
22 99994039.061908 
23 99994039.139087 
24 99994055.741572 
25 99994700.414304 
26 99994832.162492 
27 99994979.428390 
28 99995114.191225 
29 99995217.187227 
30 99995355.379790 
31 99995602.109380 
32 99995610.293723 
33 99995867.354923 
34 99996066.006443 
35 99996094.016177 
36 99996276.505788 
37 99996418.213057 
38 99996418.222881 
39 99996608.929381 
40 99996770.109907 
41 99996827.240518 
42 99996869.717007 
43 99996970.778095 
44 99996970.787822 
45 99997193.060984 
46 99997379.019824 
47 99997379.028839 
48 99997568.090187 
49 99997628.937311 
50 99997696.771120 
51 99997786.230089 
52 99997786.237913 
53 99997786.245549 
54 99997786.251211 
55 99997911.414602 
56 99997911.421040 
57 99997966.554155 
58 99997966.557896 
59 99997966.561210 
60 99997966.563442 
61 99997966.565576 
62 99997966.567727 
63 99997966.570638 
64 99998074.094855 
65 99998074.097831 
66 99998107.531459 
67 99998127.665736 
68 99998191.800307 
69 99998200.558041 
70 99998200.562320 
71 99998244.720018 
72 99998244.726026 
73 99998259.366838 
74 99998293.885888 
75 99998496.416667 
76 99998496.421684 
77 99998496.427569 
78 99998496.431883 
79 99998520.646848 
80 99998520.649476 
81 99998541.237080 
82 99998541.239702 
83 99998541.241816 
84 99998574.203418 
85 99998587.743279 
86 99998618.826719 
87 99998636.744957 
88 99998636.746812 
89 99998735.482753 
90 99998789.557783 
91 99998792.445788 
92 99998792.447386 
93 99998814.529353 
94 99998814.531195 
95 99998819.597017 
96 99998826.738864 
97 99998826.739957 
98 99998826.740502 
99 99998840.868652 
100 99998840.869335 
101 99998840.870396 
102 99998840.870581 
103 99998840.871460 
104 99998849.921091 
105 99998849.922032 
106 99998889.105738 
107 99998895.905084 
108 99998895.905466 
109 99998905.660274 
110 99998905.660650 
111 99998905.662138 
112 99998907.358410 
113 99998967.440542 
114 99998967.442302 
115 99998967.443721 
116 99998967.444830 
117 99998967.446873 
118 99998967.447882 
119 99998967.449013 
120 99998967.450888 
121 99998967.452836 
122 99998969.727439 
123 99999004.030094 
124 99999006.394666 
125 99999056.849435 
126 99999065.047903 
127 99999068.715674 
128 99999147.530696 
129 99999147.531946 
130 99999147.533692 
131 99999204.339259 
132 99999204.340921 
133 99999213.862607 
134 99999213.863407 
135 99999229.207436 
136 99999229.208450 
137 99999229.209046 
138 99999249.276376 
139 99999249.645140 
140 99999249.646281 
141 99999249.648034 
142 99999249.649691 
143 99999253.653312 
144 99999253.654337 
145 99999278.613065 
146 99999278.613791 
147 99999278.614850 
148 99999343.408814 
149 99999343.409262 
150 99999368.383092 
151 99999368.383723 
152 99999376.326418 
153 99999376.327094 
154 99999376.327432 
155 99999377.342766 
156 99999381.061194 
157 99999381.061924 
158 99999381.062625 
159 99999402.293015 
160 99999414.261168 
161 99999414.262039 
162 99999414.262298 
163 99999414.263004 
164 99999414.263191 
165 99999414.263007 
166 99999416.197335 
167 99999417.002264 
168 99999419.034744 
169 99999419.035487 
170 99999419.036275 
171 99999419.036847 
172 99999439.089162 
173 99999439.090143 
174 99999439.090708 
175 99999439.091128 
176 99999439.092397 
177 99999486.592117 
178 99999487.367220 
179 99999487.368603 
180 99999487.369866 
181 99999487.371331 
182 99999497.167972 
183 99999537.399147 
184 99999538.538161 
185 99999538.539202 
186 99999541.327678 
187 99999562.772805 
188 99999610.391669 
189 99999610.393050 
190 99999610.394445 
191 99999612.841055 
192 99999612.842071 
193 99999612.843573 
194 99999612.844208 
195 99999681.638524 
196 99999681.639393 
197 99999681.640418 
198 99999684.978481 
199 99999684.979186 
200 99999685.484875 
