8.865956e-07 1.078833e+00
9.988397e-01 3.141545e-02
2.700219e-02 8.970505e-01
5.120669e-01 3.257368e-01
8.906679e-01 9.253257e-02
2.586665e-03 1.016333e+00
5.188381e-02 8.341346e-01
4.252633e-01 3.892930e-01
1.874257e-01 6.178226e-01
3.843307e-02 8.611797e-01
7.531989e-01 1.713406e-01
1.643757e-01 6.459034e-01
4.813121e-01 3.437960e-01
4.049484e-01 4.052298e-01
5.248623e-01 3.194550e-01
5.879916e-02 8.090393e-01
8.780528e-01 1.011830e-01
3.287644e-01 4.761472e-01
9.182983e-01 7.480343e-02
8.609633e-01 1.135251e-01
5.416644e-01 3.024202e-01
5.838961e-01 2.727364e-01
2.560463e-01 5.464291e-01
4.382334e-01 3.787103e-01
7.335907e-01 1.835868e-01
3.390999e-01 4.649906e-01
6.076127e-01 2.621509e-01
9.493394e-01 5.537553e-02
6.549907e-02 7.950158e-01
6.783287e-03 9.746772e-01
1.182223e-01 7.055949e-01
3.486252e-01 4.525714e-01
1.318907e-02 9.551700e-01
4.098167e-02 8.539491e-01
8.587561e-04 1.049760e+00
2.056561e-01 5.973529e-01
8.688622e-02 7.583815e-01
5.690239e-01 2.903139e-01
1.089021e-01 7.298016e-01
4.547466e-01 3.747038e-01
9.994326e-02 7.415449e-01
2.463908e-02 9.169954e-01
3.860241e-01 4.169778e-01
1.306313e-01 6.925531e-01
1.438557e-01 6.741514e-01
2.405235e-01 5.579350e-01
7.829381e-02 7.760016e-01
2.716567e-01 5.307346e-01
6.372973e-01 2.459399e-01
5.905521e-01 2.661470e-01
9.637537e-01 4.993437e-02
1.999239e-02 9.274014e-01
1.507739e-02 9.420897e-01
8.172107e-01 1.303149e-01
7.173006e-01 1.914831e-01
2.173188e-01 5.783427e-01
9.751386e-01 4.715370e-02
1.535261e-01 6.616060e-01
7.034026e-01 2.093100e-01
3.773610e-01 4.311166e-01
7.646570e-02 7.844097e-01
7.074548e-01 2.022358e-01
3.628428e-01 4.482938e-01
7.873465e-01 1.506925e-01
1.340215e-01 6.845730e-01
7.682477e-01 1.608312e-01
1.770988e-01 6.308567e-01
3.984329e-01 4.156077e-01
3.163794e-01 4.917848e-01
6.208293e-01 2.535999e-01
6.695193e-01 2.209666e-01
4.755865e-01 3.544865e-01
9.510333e-02 7.538303e-01
2.300394e-01 5.702272e-01
2.110659e-01 5.908819e-01
1.153581e-04 1.054694e+00
2.838271e-01 5.156488e-01
8.281439e-01 1.234263e-01
6.494426e-01 2.387644e-01
5.598450e-03 9.895013e-01
2.722984e-01 5.267118e-01
2.510843e-01 5.551571e-01
8.369163e-01 1.217049e-01
8.003741e-01 1.380980e-01
7.677219e-01 1.623479e-01
3.000572e-01 5.014868e-01
8.059930e-01 1.344241e-01
6.851420e-01 2.120250e-01
7.282504e-01 1.899763e-01
6.216846e-01 2.459867e-01
2.887609e-01 5.107429e-01
6.554503e-01 2.303822e-01
4.657820e-01 3.631294e-01
9.303359e-01 7.007259e-02
6.669048e-01 2.234988e-01
7.921848e-01 1.466035e-01
3.042827e-01 5.008551e-01
1.780987e-01 6.283743e-01
9.373253e-01 6.650893e-02
4.643353e-01 3.671151e-01
