# This file contains stats about hypervolume
1 98927704.507823 
2 98995701.012873 
3 99148847.089679 
4 99356559.562532 
5 99356560.086393 
6 99356560.843342 
7 99450234.554376 
8 99450234.954191 
9 99450236.446663 
10 99450236.724746 
11 99548483.823843 
12 99548483.976562 
13 99548484.659651 
14 99567663.858083 
15 99587834.583547 
16 99587834.583556 
17 99621068.089536 
18 99654603.045251 
19 99793173.170985 
20 99793174.303842 
21 99838627.318288 
22 99838627.452825 
23 99838627.453443 
24 99838627.795891 
25 99838627.807151 
26 99838627.807387 
27 99847054.634648 
28 99847054.637447 
29 99865259.232476 
30 99873344.831144 
31 99891867.061800 
32 99891867.295862 
33 99891867.320262 
34 99891867.351997 
35 99891867.353450 
36 99891867.353450 
37 99895354.594278 
38 99899801.892738 
39 99899801.892740 
40 99899801.892740 
41 99900845.675575 
42 99900845.675579 
43 99909841.280964 
44 99909841.303843 
45 99909841.305082 
46 99916511.860304 
47 99916511.860317 
48 99916511.948315 
49 99916511.962612 
50 99922456.220000 
51 99922456.220000 
52 99923306.489308 
53 99923306.489308 
54 99923306.489308 
55 99923306.489308 
56 99923306.489308 
57 99923306.489308 
58 99923306.489308 
59 99923306.489308 
60 99931638.390000 
61 99931638.390000 
62 99933016.010000 
63 99933016.010000 
64 99933016.010000 
65 99933016.010000 
66 99933016.010000 
67 99933016.010000 
68 99933016.010000 
69 99933016.010000 
70 99935383.760000 
71 99938682.080000 
72 99945035.590000 
73 99945035.590000 
74 99947811.240000 
75 99947811.240000 
76 99947811.240000 
77 99947811.240000 
78 99947811.240000 
79 99947811.240000 
80 99947811.240000 
81 99948108.380000 
82 99948108.380000 
83 99948108.380000 
84 99949121.710000 
85 99952699.670000 
86 99952699.670000 
87 99963458.671681 
88 99963458.671681 
89 99963458.671681 
90 99963458.671681 
91 99963666.540752 
92 99963980.080486 
93 99963980.085591 
94 99963980.085598 
95 99963980.089972 
96 99965017.914347 
97 99969201.370191 
98 99969201.377211 
99 99969201.428029 
100 99970116.421881 
101 99970132.081705 
102 99971291.032281 
103 99972772.526063 
104 99974112.622736 
105 99976167.753388 
106 99976167.757771 
107 99976167.758346 
108 99978183.142131 
109 99978385.518935 
110 99978385.518971 
111 99978385.519325 
112 99978385.524453 
113 99978385.525717 
114 99981124.613969 
115 99981124.631939 
116 99981295.047851 
117 99981687.320455 
118 99981687.378829 
119 99981772.975086 
120 99981772.980276 
121 99981772.980276 
122 99982260.964931 
123 99982260.969615 
124 99982260.970697 
125 99986694.116742 
126 99989471.828243 
127 99989472.917904 
128 99989472.917964 
129 99989472.998037 
130 99989473.004662 
131 99989887.984188 
132 99989887.984297 
133 99989887.985496 
134 99989887.990314 
135 99989887.991298 
136 99989887.994173 
137 99989887.994191 
138 99989887.997769 
139 99989888.003825 
140 99989903.663489 
141 99989903.664251 
142 99989903.664961 
143 99990600.441202 
144 99990600.442493 
145 99990600.442975 
146 99990600.443898 
147 99990867.207987 
148 99991584.189272 
149 99991584.196132 
150 99991651.641490 
151 99991651.641919 
152 99991651.642035 
153 99991696.545645 
154 99992549.264298 
155 99992579.988159 
156 99992580.012686 
157 99992580.012814 
158 99992580.015706 
159 99992676.475194 
160 99992676.503455 
161 99992730.164389 
162 99992730.177826 
163 99994772.050203 
164 99994846.226358 
165 99994895.777923 
166 99995030.334611 
167 99995396.945567 
168 99995396.952989 
169 99995396.955534 
170 99995396.956279 
171 99995396.961725 
172 99995396.965150 
173 99995396.966850 
174 99995466.122786 
175 99995466.122980 
176 99995475.155001 
177 99995475.169804 
178 99996332.164314 
179 99996375.212842 
180 99996883.405648 
181 99996888.461250 
182 99996888.463110 
183 99996934.014866 
184 99997230.063262 
185 99997423.828079 
186 99997423.828450 
187 99997423.831114 
188 99997585.482219 
189 99997585.486672 
190 99997585.506357 
191 99997741.623856 
192 99997741.625556 
193 99997828.904747 
194 99997828.906092 
195 99998013.499928 
196 99998013.517962 
197 99998013.520752 
198 99998013.529945 
199 99998018.628154 
200 99998022.176768 
201 99998022.177446 
202 99998022.178376 
203 99998028.628943 
204 99998029.477523 
205 99998098.770263 
206 99998098.771761 
207 99998098.772762 
208 99998098.774895 
209 99998098.776756 
210 99998098.777567 
211 99998098.778174 
212 99998098.778703 
213 99998769.616973 
214 99998769.616897 
215 99998769.660546 
216 99998769.664531 
217 99998769.664589 
218 99998839.406486 
219 99998945.689218 
220 99998945.690032 
221 99998972.374949 
222 99998972.376107 
223 99998972.378534 
224 99999021.938221 
225 99999021.938396 
226 99999613.752842 
227 99999618.576229 
228 99999618.576428 
229 99999618.580783 
230 99999618.582122 
231 99999732.157429 
232 99999871.100061 
233 99999871.102055 
234 99999871.102319 
235 99999871.104160 
236 99999871.105182 
237 99999871.105587 
238 99999873.727875 
239 99999873.729157 
240 99999873.730824 
241 99999873.731788 
242 99999873.735032 
243 99999873.736086 
244 99999873.736742 
245 99999873.737702 
246 99999873.739285 
247 99999873.742606 
248 99999873.743473 
249 99999873.743778 
250 99999873.745468 
251 99999873.746589 
252 99999873.745723 
253 99999873.746655 
254 99999873.746606 
255 99999875.892751 
256 99999875.893548 
257 99999875.893786 
258 99999875.894307 
259 99999877.838309 
260 99999877.837555 
261 99999877.837850 
262 99999877.837229 
263 99999877.838267 
264 99999877.837940 
265 99999877.838288 
266 99999877.837806 
267 99999877.837880 
268 99999877.838550 
269 99999877.839730 
270 99999877.838815 
271 99999877.839634 
272 99999902.164797 
273 99999902.164210 
274 99999902.164715 
275 99999902.165115 
276 99999902.164703 
277 99999902.164841 
278 99999902.166214 
279 99999902.166373 
280 99999904.477493 
281 99999904.477504 
282 99999904.828201 
283 99999904.828779 
284 99999904.829771 
285 99999904.829671 
286 99999904.829426 
287 99999904.829802 
288 99999904.829797 
289 99999904.829565 
290 99999904.829879 
291 99999904.831003 
292 99999904.831517 
293 99999905.422413 
294 99999905.474694 
295 99999905.474575 
296 99999905.474237 
297 99999905.474128 
298 99999905.474120 
299 99999905.473744 
300 99999905.474710 
301 99999905.474354 
302 99999905.474548 
303 99999905.475834 
304 99999905.696600 
305 99999905.695817 
306 99999905.841495 
307 99999905.869139 
308 99999905.869503 
309 99999905.869326 
310 99999905.870014 
311 99999908.393181 
312 99999908.391894 
313 99999908.392610 
314 99999908.392642 
315 99999912.441078 
316 99999912.441312 
317 99999912.440839 
318 99999912.441192 
319 99999912.441984 
320 99999912.442208 
321 99999912.442280 
322 99999912.442149 
323 99999912.440196 
324 99999912.440497 
325 99999912.440045 
326 99999912.439499 
327 99999913.381820 
328 99999913.381482 
329 99999913.382027 
330 99999913.382057 
331 99999913.382229 
332 99999913.382537 
333 99999913.383287 
334 99999913.402736 
335 99999913.403280 
336 99999913.694989 
337 99999913.694591 
338 99999913.694742 
339 99999913.693853 
340 99999913.693442 
341 99999913.694049 
342 99999914.928339 
343 99999915.222921 
344 99999915.222557 
345 99999915.526356 
346 99999915.527220 
347 99999915.527670 
348 99999915.527506 
349 99999915.527602 
350 99999915.527867 
351 99999915.526752 
352 99999915.527140 
353 99999917.023435 
354 99999917.023654 
355 99999917.024343 
356 99999917.024232 
357 99999917.024807 
358 99999917.024523 
359 99999917.024820 
360 99999917.024550 
361 99999917.080566 
362 99999917.080763 
363 99999917.165546 
364 99999917.165572 
365 99999917.165166 
366 99999917.165435 
367 99999917.164961 
368 99999917.164922 
369 99999917.164708 
370 99999917.165809 
371 99999917.165761 
372 99999917.165944 
373 99999917.165620 
374 99999917.165767 
375 99999917.166099 
376 99999917.166479 
377 99999917.166811 
378 99999917.166215 
379 99999917.569902 
380 99999917.569623 
381 99999917.569508 
382 99999917.568983 
383 99999917.972671 
384 99999917.973296 
385 99999917.972774 
386 99999917.973079 
387 99999917.973680 
388 99999917.973300 
389 99999917.972980 
390 99999917.973712 
391 99999917.973591 
392 99999917.973654 
393 99999917.973335 
394 99999917.973464 
395 99999917.973362 
396 99999917.972732 
397 99999918.007394 
398 99999918.006947 
399 99999918.007750 
400 99999918.007608 
401 99999918.007418 
402 99999918.036474 
403 99999918.036267 
404 99999918.036044 
405 99999918.035579 
406 99999918.035905 
407 99999918.036034 
408 99999918.036175 
409 99999918.036135 
410 99999918.036042 
411 99999918.205621 
412 99999918.205513 
413 99999918.205172 
414 99999918.204903 
415 99999918.205950 
416 99999918.205867 
417 99999918.205016 
418 99999918.205892 
419 99999918.204770 
420 99999918.205094 
421 99999918.205711 
422 99999918.205643 
423 99999918.205797 
424 99999919.351085 
425 99999919.349903 
426 99999919.350394 
427 99999919.351084 
428 99999919.351290 
429 99999919.350622 
430 99999919.403702 
431 99999919.404658 
432 99999919.403995 
433 99999919.404738 
434 99999919.404585 
435 99999919.404870 
436 99999919.509134 
437 99999919.508999 
438 99999919.508932 
439 99999919.508557 
440 99999919.513943 
441 99999919.514738 
442 99999920.275542 
443 99999923.672074 
444 99999923.671531 
445 99999923.671727 
446 99999923.920335 
447 99999923.920996 
448 99999923.921180 
449 99999923.921323 
450 99999923.921905 
451 99999923.921163 
452 99999924.060839 
453 99999924.060429 
454 99999924.059953 
455 99999924.059530 
456 99999924.059923 
457 99999924.060744 
458 99999924.059725 
459 99999924.059386 
460 99999924.059831 
461 99999924.060156 
462 99999924.060129 
463 99999924.143531 
464 99999924.143412 
465 99999924.142942 
466 99999924.141744 
467 99999924.150554 
468 99999924.150956 
469 99999924.151659 
470 99999924.150980 
471 99999924.150315 
472 99999924.150871 
473 99999924.151478 
474 99999924.151092 
475 99999924.151813 
476 99999924.151665 
477 99999926.680290 
478 99999926.680226 
479 99999926.680279 
480 99999926.842702 
481 99999926.842025 
482 99999926.842581 
483 99999926.842961 
484 99999926.842874 
485 99999926.843897 
486 99999926.843319 
487 99999940.987610 
488 99999940.988550 
489 99999940.989069 
490 99999940.987651 
491 99999940.987444 
492 99999940.987559 
493 99999940.989568 
494 99999940.990180 
495 99999940.990804 
496 99999941.185998 
497 99999941.185357 
498 99999941.205396 
499 99999941.206253 
500 99999941.204439 
501 99999941.207421 
502 99999941.206266 
503 99999941.206694 
504 99999941.208338 
505 99999941.208288 
506 99999941.208646 
507 99999941.209532 
508 99999941.209832 
509 99999941.209702 
510 99999941.210356 
511 99999941.210397 
512 99999941.210450 
513 99999941.210425 
514 99999941.210281 
515 99999941.209136 
516 99999941.209628 
517 99999941.210163 
518 99999941.209411 
519 99999941.209639 
520 99999941.209337 
521 99999941.213392 
522 99999941.213423 
523 99999941.213330 
524 99999941.212648 
525 99999941.213495 
526 99999941.213417 
527 99999941.362230 
528 99999941.362030 
529 99999942.298236 
530 99999942.297892 
531 99999942.297998 
532 99999942.298240 
533 99999942.298355 
534 99999942.297851 
535 99999942.298067 
536 99999942.298478 
537 99999942.297598 
538 99999942.297870 
539 99999942.725386 
540 99999942.727533 
541 99999942.731263 
542 99999942.730325 
543 99999942.730300 
544 99999949.667680 
545 99999949.667850 
546 99999949.667823 
547 99999949.668271 
548 99999949.670280 
549 99999949.670631 
550 99999949.670965 
551 99999949.671196 
552 99999949.671134 
553 99999949.671040 
554 99999949.671169 
555 99999949.671273 
556 99999949.881648 
557 99999949.896255 
558 99999949.895854 
559 99999949.895948 
560 99999949.896982 
561 99999949.896571 
562 99999949.896688 
563 99999949.896677 
564 99999949.907931 
565 99999949.907682 
566 99999949.907141 
567 99999949.907768 
568 99999949.907705 
569 99999949.908000 
570 99999949.908116 
571 99999949.907888 
572 99999949.909100 
573 99999949.909622 
574 99999949.909537 
575 99999949.909206 
576 99999949.908736 
577 99999949.908708 
578 99999949.908733 
579 99999949.908786 
580 99999949.907766 
581 99999949.908873 
582 99999949.909212 
583 99999949.909554 
584 99999949.909554 
585 99999949.911759 
586 99999949.911666 
587 99999949.912190 
588 99999949.912080 
589 99999949.912411 
590 99999949.912040 
591 99999949.912178 
592 99999949.911041 
593 99999949.911369 
594 99999949.912255 
595 99999949.911537 
596 99999949.911462 
597 99999949.911861 
598 99999949.912041 
599 99999950.288041 
600 99999950.287876 
601 99999950.288782 
602 99999950.288926 
603 99999950.289297 
604 99999950.288808 
605 99999950.288851 
606 99999950.288865 
607 99999950.289209 
608 99999950.539901 
609 99999950.539463 
610 99999950.539328 
611 99999950.539775 
612 99999950.540663 
613 99999950.539838 
614 99999950.539944 
615 99999950.540101 
616 99999950.539787 
617 99999950.539274 
618 99999950.539366 
619 99999950.539511 
620 99999950.539907 
621 99999950.540325 
622 99999950.539579 
623 99999950.539631 
624 99999950.586348 
625 99999950.586800 
626 99999954.953355 
627 99999954.952966 
628 99999954.992715 
629 99999954.993770 
630 99999954.994402 
631 99999954.994319 
632 99999954.994253 
633 99999954.994273 
634 99999954.993915 
635 99999954.993340 
636 99999954.993148 
637 99999954.993774 
638 99999954.993659 
639 99999954.993743 
640 99999954.994140 
641 99999955.014725 
642 99999955.013812 
643 99999955.013089 
644 99999955.014135 
645 99999955.013274 
646 99999955.012683 
647 99999955.013717 
648 99999955.015573 
649 99999955.015776 
650 99999955.015949 
651 99999955.016367 
652 99999955.016231 
653 99999955.015812 
654 99999955.015816 
655 99999955.016969 
656 99999955.016158 
657 99999955.016897 
658 99999955.014946 
659 99999955.014957 
660 99999955.015948 
661 99999955.015720 
662 99999959.507086 
663 99999959.507092 
664 99999959.507139 
665 99999959.841548 
666 99999959.841962 
667 99999959.842038 
668 99999959.842243 
669 99999959.842155 
670 99999959.842655 
671 99999959.842313 
672 99999960.045686 
673 99999960.045902 
674 99999960.046209 
675 99999960.046117 
676 99999960.045688 
677 99999960.045485 
678 99999960.045128 
679 99999960.044138 
680 99999960.209151 
681 99999960.318040 
682 99999960.321652 
683 99999960.321136 
684 99999960.321279 
685 99999960.363806 
686 99999960.364101 
687 99999960.364293 
688 99999960.364389 
689 99999960.363280 
690 99999960.363954 
691 99999960.363969 
692 99999960.364641 
693 99999960.847143 
694 99999960.846995 
695 99999960.847874 
696 99999960.847534 
697 99999960.847291 
698 99999960.848066 
699 99999960.848341 
700 99999960.848605 
701 99999960.848273 
702 99999960.848785 
703 99999960.848672 
704 99999960.848424 
705 99999960.848062 
706 99999960.848187 
707 99999960.847975 
708 99999960.848637 
709 99999960.848709 
710 99999960.848948 
711 99999960.848566 
712 99999960.847891 
713 99999960.847642 
714 99999960.847537 
715 99999960.848559 
716 99999961.317117 
717 99999961.317925 
718 99999961.317164 
719 99999961.317560 
720 99999961.317557 
721 99999961.317245 
722 99999961.317432 
723 99999961.317582 
724 99999961.317281 
725 99999961.317123 
726 99999961.316977 
727 99999961.318136 
728 99999961.318344 
729 99999961.318542 
730 99999961.318185 
731 99999961.319671 
732 99999961.319326 
733 99999961.319207 
734 99999961.319545 
735 99999961.319572 
736 99999961.318972 
737 99999961.318527 
738 99999961.318200 
739 99999961.319521 
740 99999961.318996 
741 99999961.319028 
742 99999961.319101 
743 99999961.319014 
744 99999961.318939 
745 99999961.319781 
746 99999961.320653 
747 99999961.320174 
748 99999961.319925 
749 99999961.319369 
750 99999961.319196 
751 99999961.319339 
752 99999961.319857 
753 99999961.320324 
754 99999961.319302 
755 99999961.319403 
756 99999961.320111 
757 99999961.320079 
758 99999961.320478 
759 99999961.320647 
760 99999961.325640 
761 99999961.325160 
762 99999961.324738 
763 99999961.324370 
764 99999961.325178 
765 99999961.325692 
766 99999961.325892 
767 99999961.326124 
768 99999961.326077 
769 99999961.325368 
770 99999961.324608 
771 99999961.324765 
772 99999961.324465 
773 99999961.324754 
774 99999961.325310 
775 99999961.325079 
776 99999961.324955 
777 99999961.325014 
778 99999961.324968 
779 99999961.325420 
780 99999961.366563 
781 99999961.366927 
782 99999961.367676 
783 99999961.366721 
784 99999961.366183 
785 99999961.366838 
786 99999961.365320 
787 99999961.365355 
788 99999961.366283 
789 99999961.366301 
790 99999961.366769 
791 99999961.367828 
792 99999961.365840 
793 99999961.365698 
794 99999961.370864 
795 99999961.370959 
796 99999961.371156 
797 99999961.370693 
798 99999961.370162 
799 99999961.371138 
800 99999961.370662 
801 99999961.372202 
802 99999961.373018 
803 99999961.373212 
804 99999961.373537 
805 99999961.376888 
806 99999961.376636 
807 99999961.376807 
808 99999961.376471 
809 99999961.375798 
810 99999961.375661 
811 99999961.375937 
812 99999961.375861 
813 99999961.375994 
814 99999961.376000 
815 99999961.376796 
816 99999961.376867 
817 99999961.377514 
818 99999961.377205 
819 99999961.376837 
820 99999961.377284 
821 99999961.377287 
822 99999961.380149 
823 99999961.380076 
824 99999961.380076 
825 99999961.379692 
826 99999961.379503 
827 99999961.380016 
828 99999961.379876 
829 99999961.379602 
830 99999961.380183 
831 99999961.380474 
832 99999961.379273 
833 99999961.379561 
834 99999961.379281 
835 99999961.379381 
836 99999961.379017 
837 99999961.379281 
838 99999961.378340 
839 99999961.377690 
840 99999961.377733 
841 99999961.378185 
842 99999961.379183 
843 99999961.379604 
844 99999961.379490 
845 99999961.379337 
846 99999961.379372 
847 99999961.379230 
848 99999961.379261 
849 99999961.379952 
850 99999961.380116 
851 99999961.380002 
852 99999961.379686 
853 99999961.379778 
854 99999961.380010 
855 99999961.379735 
856 99999961.379877 
857 99999961.380219 
858 99999961.380597 
859 99999961.380547 
860 99999961.379811 
861 99999961.379984 
862 99999961.380029 
863 99999961.379934 
864 99999961.379777 
865 99999961.379953 
866 99999961.380323 
867 99999961.380439 
868 99999961.380331 
869 99999961.380628 
870 99999961.381023 
871 99999961.380784 
872 99999961.381302 
873 99999961.381027 
874 99999961.381431 
875 99999961.381027 
876 99999961.381793 
877 99999961.381823 
878 99999961.381760 
879 99999961.381627 
880 99999961.381670 
881 99999961.382015 
882 99999961.380728 
883 99999961.380714 
884 99999961.379962 
885 99999961.380156 
886 99999961.380061 
887 99999961.380085 
888 99999961.379745 
889 99999961.380543 
890 99999961.380374 
891 99999961.381123 
892 99999961.381525 
893 99999961.381852 
894 99999961.382010 
895 99999961.381968 
896 99999961.382310 
897 99999961.382254 
898 99999961.382491 
899 99999961.381934 
900 99999961.381845 
901 99999977.190745 
902 99999977.191107 
903 99999977.199571 
904 99999977.200017 
905 99999977.199978 
906 99999977.199549 
907 99999977.300572 
908 99999977.300762 
909 99999977.300116 
910 99999977.300843 
911 99999977.300782 
912 99999977.301123 
913 99999977.301448 
914 99999977.301229 
915 99999977.301253 
916 99999977.300731 
917 99999979.991540 
918 99999979.991850 
919 99999979.991778 
920 99999979.992496 
921 99999979.992203 
922 99999979.992926 
923 99999979.993387 
924 99999980.043370 
925 99999980.043202 
926 99999980.042761 
927 99999980.042773 
928 99999980.042788 
929 99999980.042888 
930 99999980.042863 
931 99999980.041060 
932 99999980.040837 
933 99999980.041940 
934 99999980.042431 
935 99999980.042113 
936 99999980.041853 
937 99999980.041927 
938 99999980.042147 
939 99999980.041845 
940 99999980.041738 
941 99999980.041931 
942 99999980.042306 
943 99999981.936513 
944 99999981.936017 
945 99999981.935829 
946 99999981.936411 
947 99999981.936132 
948 99999981.936174 
949 99999981.936088 
950 99999981.937151 
951 99999981.938186 
952 99999981.937608 
953 99999981.936576 
954 99999981.937032 
955 99999981.937355 
956 99999981.937911 
957 99999981.938050 
958 99999981.937712 
959 99999981.938023 
960 99999981.937996 
961 99999981.938246 
962 99999982.228830 
963 99999982.228624 
964 99999982.228682 
965 99999982.228797 
966 99999982.228958 
967 99999982.229068 
968 99999982.227868 
969 99999982.227399 
970 99999982.226772 
971 99999982.226724 
972 99999982.227901 
973 99999982.228491 
974 99999982.229489 
975 99999982.228585 
976 99999982.229256 
977 99999982.228909 
978 99999982.229171 
979 99999982.229705 
980 99999982.229375 
981 99999982.229602 
982 99999982.230422 
983 99999982.230084 
984 99999982.230083 
985 99999982.230466 
986 99999982.230472 
987 99999982.230124 
988 99999982.229894 
989 99999982.229235 
990 99999982.227403 
991 99999982.227413 
992 99999982.227536 
993 99999982.228491 
994 99999982.229001 
995 99999982.229677 
996 99999982.229967 
997 99999982.229274 
998 99999982.230087 
999 99999982.230193 
1000 99999982.699057 
1001 99999982.699564 
1002 99999982.699215 
1003 99999982.698613 
1004 99999982.698780 
1005 99999982.698950 
1006 99999982.699314 
1007 99999982.699610 
1008 99999982.698905 
1009 99999982.699630 
1010 99999982.699136 
1011 99999982.699650 
1012 99999982.699421 
1013 99999982.699908 
1014 99999982.699643 
1015 99999982.698945 
1016 99999982.699314 
1017 99999982.699572 
1018 99999982.699145 
1019 99999982.698942 
1020 99999982.697560 
1021 99999982.697561 
1022 99999982.697690 
1023 99999982.698510 
1024 99999982.701525 
1025 99999983.184575 
1026 99999983.185050 
1027 99999983.185095 
1028 99999983.185372 
1029 99999983.185525 
1030 99999983.212469 
1031 99999983.212395 
1032 99999983.211624 
1033 99999983.212137 
1034 99999983.213046 
1035 99999983.213056 
1036 99999983.213239 
1037 99999983.212752 
1038 99999983.213194 
1039 99999983.212579 
1040 99999983.212638 
1041 99999983.211844 
1042 99999983.212106 
1043 99999983.228133 
1044 99999983.228414 
1045 99999983.227738 
1046 99999983.227699 
1047 99999983.227013 
1048 99999983.227476 
1049 99999983.227849 
1050 99999983.228060 
1051 99999983.228283 
1052 99999983.228285 
1053 99999983.227494 
1054 99999983.715224 
1055 99999983.715226 
1056 99999983.715235 
1057 99999983.714589 
1058 99999983.714587 
1059 99999983.714314 
1060 99999983.714472 
1061 99999983.714733 
1062 99999983.714739 
1063 99999983.716185 
1064 99999983.713257 
1065 99999983.714124 
1066 99999983.714960 
1067 99999983.714094 
1068 99999983.714104 
1069 99999983.714063 
1070 99999983.714338 
1071 99999983.715340 
1072 99999983.715196 
1073 99999983.715405 
1074 99999983.715789 
1075 99999983.715927 
1076 99999983.716212 
1077 99999983.715907 
1078 99999983.716683 
1079 99999983.717039 
1080 99999983.717026 
1081 99999983.717429 
1082 99999983.718072 
1083 99999983.717713 
1084 99999983.717743 
1085 99999983.718410 
1086 99999983.717926 
1087 99999983.717152 
1088 99999983.716407 
1089 99999983.715424 
1090 99999983.715560 
1091 99999983.715823 
1092 99999983.715898 
1093 99999983.715565 
1094 99999983.716283 
1095 99999983.727636 
1096 99999983.727744 
1097 99999983.727850 
1098 99999983.727733 
1099 99999983.727358 
1100 99999983.727537 
1101 99999983.727480 
1102 99999983.727118 
1103 99999983.727380 
1104 99999983.727657 
1105 99999983.727821 
1106 99999983.727076 
1107 99999983.727076 
1108 99999983.725898 
1109 99999983.726483 
1110 99999983.726803 
1111 99999983.727425 
1112 99999983.726667 
1113 99999983.726690 
1114 99999983.725947 
1115 99999983.725941 
1116 99999983.725860 
1117 99999983.727290 
1118 99999983.727935 
1119 99999983.727646 
1120 99999983.727600 
1121 99999983.727532 
1122 99999983.728032 
1123 99999983.727898 
1124 99999983.727537 
1125 99999983.727831 
1126 99999983.727588 
1127 99999983.728071 
1128 99999983.727901 
1129 99999983.728152 
1130 99999983.727520 
1131 99999983.727808 
1132 99999983.854189 
1133 99999983.854622 
1134 99999983.857723 
1135 99999983.856889 
1136 99999983.857760 
1137 99999983.858101 
1138 99999983.857896 
1139 99999983.857939 
1140 99999983.857650 
1141 99999983.857628 
1142 99999983.857603 
1143 99999983.857634 
1144 99999983.856579 
1145 99999983.856321 
1146 99999983.856019 
1147 99999983.856517 
1148 99999983.856414 
1149 99999983.856075 
1150 99999983.856913 
1151 99999983.856827 
1152 99999983.856746 
1153 99999983.858158 
1154 99999983.858032 
1155 99999983.856839 
1156 99999983.856583 
1157 99999983.855973 
1158 99999983.856975 
1159 99999983.857337 
1160 99999983.857742 
1161 99999983.857700 
1162 99999983.857374 
1163 99999983.857322 
1164 99999983.858257 
1165 99999983.858261 
1166 99999983.857805 
1167 99999983.856538 
1168 99999983.856590 
1169 99999983.856743 
1170 99999983.856777 
1171 99999983.857094 
1172 99999983.857442 
1173 99999983.857871 
1174 99999983.857498 
1175 99999983.856944 
