9.999995e-01 2.656962e-03
0.000000e+00 1.005305e+00
1.061467e-01 6.786414e-01
7.091585e-02 7.383006e-01
4.652390e-01 3.214146e-01
6.341445e-01 2.068668e-01
7.775287e-01 1.211947e-01
1.424291e-02 8.856467e-01
1.700244e-01 5.918732e-01
2.722394e-01 4.821588e-01
1.493708e-03 9.665553e-01
6.917292e-01 1.714000e-01
1.327566e-01 6.399831e-01
5.080367e-02 7.793124e-01
9.627048e-01 2.153121e-02
8.384290e-01 8.722307e-02
4.347994e-01 3.441659e-01
2.149525e-01 5.404477e-01
3.849196e-01 3.832434e-01
2.456612e-02 8.481548e-01
5.740678e-01 2.456263e-01
3.138923e-01 4.435612e-01
4.089247e-01 3.641396e-01
5.453019e-01 2.649039e-01
1.529594e-01 6.131707e-01
8.904832e-01 5.915185e-02
7.072820e-01 1.665133e-01
3.188323e-01 4.391577e-01
5.215223e-01 2.812277e-01
3.531442e-01 4.094728e-01
8.640658e-01 7.329194e-02
2.450839e-01 5.090167e-01
9.302189e-01 3.827255e-02
7.405690e-01 1.424629e-01
5.215223e-01 2.812277e-01
9.184771e-01 4.439463e-02
2.374494e-01 5.167280e-01
7.451879e-01 1.397786e-01
3.573941e-01 4.058975e-01
6.008810e-01 2.280871e-01
