# This file contains stats about hypervolume
1 98927704.507823 
2 98927719.291367 
3 99155586.068495 
4 99155588.135538 
5 99196785.106749 
6 99304682.706348 
7 99351336.524734 
8 99538775.354955 
9 99538777.916947 
10 99538779.872048 
11 99566996.621991 
12 99689309.342491 
13 99689889.469753 
14 99689895.434986 
15 99689913.250476 
16 99727395.801984 
17 99727396.194039 
18 99727396.849099 
19 99727398.769411 
20 99748892.927455 
21 99754118.459364 
22 99794136.475907 
23 99794136.476519 
24 99794137.607313 
25 99794137.731972 
26 99794137.813620 
27 99802252.011893 
28 99802252.012291 
29 99812701.796424 
30 99812701.796424 
31 99872912.890564 
32 99872912.894929 
33 99872912.894929 
34 99872912.895124 
35 99872912.949399 
36 99872912.949414 
37 99890082.598083 
38 99890083.558115 
39 99890083.558115 
40 99890083.566315 
41 99890084.340454 
42 99890084.340455 
43 99890085.235421 
44 99890085.235421 
45 99913465.085522 
46 99913465.085522 
47 99913465.100129 
48 99919300.756413 
49 99919300.756414 
50 99919300.756414 
51 99919300.757929 
52 99919300.761145 
53 99928136.154085 
54 99928136.154085 
55 99928136.154085 
56 99928136.171904 
57 99928136.188363 
58 99928136.194806 
59 99928155.524650 
60 99928155.539801 
61 99928155.540599 
62 99928155.557144 
63 99928155.557144 
64 99928667.536738 
65 99928981.091382 
66 99930612.221372 
67 99930612.233679 
68 99930612.237567 
69 99930612.237567 
70 99930612.241799 
71 99930612.242385 
72 99930612.317973 
73 99930612.319541 
74 99934301.493816 
75 99934301.495173 
76 99934301.501636 
77 99934301.502584 
78 99934301.527971 
79 99935112.372960 
80 99939660.689735 
81 99939660.715632 
82 99939660.717762 
83 99939660.821696 
84 99939660.837466 
85 99939660.845135 
86 99939660.845135 
87 99939751.562463 
88 99939751.562463 
89 99940431.561427 
90 99940431.561458 
91 99944870.753387 
92 99944871.556167 
93 99944871.557699 
94 99945170.586061 
95 99945170.632369 
96 99945170.650068 
97 99945170.650219 
98 99945170.670086 
99 99949686.729151 
100 99949686.844975 
101 99949686.848370 
102 99949686.848370 
103 99952811.973588 
104 99952811.990081 
105 99952956.999021 
106 99952957.005438 
107 99952957.031445 
108 99959493.549725 
109 99959493.657126 
110 99959493.657126 
111 99959493.719648 
112 99960761.176599 
113 99960761.199957 
114 99960761.199957 
115 99960761.199957 
116 99962364.331147 
117 99962364.432355 
118 99962364.434640 
119 99962810.717635 
120 99962810.717636 
121 99963783.926561 
122 99963783.993617 
123 99963783.993617 
124 99974465.851278 
125 99974465.851709 
126 99977490.753105 
127 99977490.757003 
128 99977490.777999 
129 99977490.777999 
130 99977490.807978 
131 99977490.808448 
132 99982103.793873 
133 99982103.793873 
134 99982103.862981 
135 99982103.862981 
136 99982103.938221 
137 99982504.519224 
138 99982504.520947 
139 99982572.568664 
140 99982572.570882 
141 99982572.621422 
142 99982763.975312 
143 99982763.978052 
144 99982763.979776 
145 99982763.996738 
146 99984824.141494 
147 99984824.141494 
148 99984824.149036 
149 99984824.160645 
150 99985736.184757 
151 99985736.199484 
152 99985736.240566 
153 99985736.245985 
154 99985736.253814 
155 99985736.256008 
156 99985736.259863 
157 99985736.283082 
158 99985736.284828 
159 99986162.621001 
160 99986162.621001 
161 99986162.625696 
162 99986162.625961 
163 99986162.627960 
164 99986162.628235 
165 99986162.638180 
166 99986162.638226 
167 99986162.642492 
168 99986176.040436 
169 99986176.040436 
170 99986176.047278 
171 99986176.056005 
172 99986176.070436 
173 99986176.076915 
174 99986176.078483 
175 99986176.098520 
176 99988770.853653 
177 99988770.861792 
178 99988770.864039 
179 99988770.864964 
180 99988770.867031 
181 99988797.378125 
182 99988797.385984 
183 99988797.399495 
184 99988797.420661 
185 99988797.427464 
186 99988985.980746 
187 99988985.991629 
188 99988985.993009 
189 99989991.857805 
190 99990220.771802 
191 99990220.774595 
192 99990220.774897 
193 99990220.774897 
194 99990220.775650 
195 99990220.776512 
196 99990220.776784 
197 99990220.778135 
198 99990220.802499 
199 99990220.808839 
200 99990220.808872 
201 99990525.968029 
202 99990525.973418 
203 99990525.978376 
204 99990525.991164 
205 99990726.878615 
206 99990726.898714 
207 99990726.935307 
208 99990726.935307 
209 99990726.938113 
210 99990726.938856 
211 99990726.941268 
212 99990726.942636 
213 99990726.944015 
214 99990726.948724 
215 99990726.948874 
216 99990784.594894 
217 99992815.162681 
218 99992815.164878 
219 99992815.173430 
220 99992815.192714 
221 99992815.192718 
222 99992815.201275 
223 99992864.132533 
224 99992864.133091 
225 99992864.155887 
226 99992864.157126 
227 99993821.605839 
228 99993821.606554 
229 99993821.608665 
230 99994040.453257 
231 99994040.459781 
232 99994040.463432 
233 99994040.469702 
234 99994040.493582 
235 99994040.499484 
236 99994040.499639 
237 99994373.213490 
238 99994373.213490 
239 99995151.003713 
240 99995351.770709 
241 99995351.770709 
242 99995351.771061 
243 99995351.774461 
244 99995351.787958 
245 99995351.805954 
246 99995351.808432 
247 99995351.819130 
248 99995351.820785 
249 99995351.820812 
250 99995695.817701 
251 99995695.819438 
252 99995951.635100 
253 99995951.635429 
254 99997272.091276 
255 99997273.521692 
256 99997273.521732 
257 99997273.526057 
258 99997273.539447 
259 99997273.545205 
260 99997273.551985 
261 99997371.198138 
262 99997371.198926 
263 99997371.205704 
264 99997371.208756 
265 99997371.208756 
266 99997371.209137 
267 99997371.211891 
268 99997371.212119 
269 99997934.225711 
270 99997947.308905 
271 99997947.309742 
272 99998273.154162 
273 99998273.154518 
274 99998273.156295 
275 99998273.158399 
276 99998273.159403 
277 99998273.161580 
278 99998273.164047 
279 99998273.164058 
280 99998273.165125 
281 99998273.165518 
282 99998310.939250 
283 99998310.939610 
284 99998310.938870 
285 99998310.940026 
286 99998346.376569 
287 99998346.377357 
288 99998442.757950 
289 99998631.736094 
290 99998631.736944 
291 99998631.737544 
292 99998631.737794 
293 99998631.737768 
294 99998631.738471 
295 99998935.213101 
296 99998935.213762 
297 99998935.213605 
298 99998996.341605 
299 99998996.341786 
300 99998996.341882 
301 99998996.342219 
302 99999080.857469 
303 99999080.858420 
304 99999091.156344 
305 99999091.156588 
306 99999091.156317 
307 99999091.156536 
308 99999091.156555 
309 99999091.156378 
310 99999091.156441 
311 99999091.156962 
312 99999091.156203 
313 99999091.155503 
314 99999091.156080 
315 99999258.948098 
316 99999290.849838 
317 99999293.526959 
318 99999293.526798 
319 99999297.053149 
320 99999299.832584 
321 99999299.832433 
322 99999299.832386 
323 99999299.832420 
324 99999299.832422 
325 99999299.832576 
326 99999468.952739 
327 99999468.952587 
328 99999468.952714 
329 99999468.953026 
330 99999468.952824 
331 99999468.952437 
332 99999538.824011 
333 99999538.824370 
334 99999538.824494 
335 99999538.824440 
336 99999538.825066 
337 99999664.074370 
338 99999664.074735 
339 99999664.074431 
340 99999664.074485 
341 99999664.074958 
342 99999664.075114 
343 99999664.075427 
344 99999664.075812 
345 99999664.074919 
346 99999664.075461 
347 99999664.075400 
348 99999664.075485 
349 99999664.075811 
350 99999861.764113 
351 99999861.764558 
352 99999861.764551 
353 99999861.764539 
354 99999861.764107 
355 99999893.221766 
356 99999893.221721 
357 99999897.195430 
358 99999897.195138 
359 99999897.195950 
360 99999897.195878 
361 99999897.196227 
362 99999897.196114 
363 99999897.196812 
364 99999897.196917 
365 99999897.196944 
366 99999897.197265 
367 99999897.196634 
368 99999897.846371 
369 99999897.846051 
370 99999897.845557 
371 99999897.846124 
372 99999897.846453 
373 99999897.845545 
374 99999897.845618 
375 99999922.015823 
376 99999922.016288 
377 99999922.016814 
378 99999922.016916 
379 99999922.016826 
380 99999922.016982 
381 99999922.017090 
382 99999922.016894 
383 99999922.016363 
384 99999922.016437 
385 99999922.016793 
386 99999922.016766 
387 99999922.017531 
388 99999922.017476 
389 99999922.017867 
390 99999922.017665 
391 99999922.017934 
392 99999922.016840 
393 99999922.016826 
394 99999922.017495 
395 99999922.017950 
396 99999922.018123 
397 99999922.018028 
398 99999922.017886 
399 99999922.018066 
400 99999922.017699 
401 99999922.017487 
402 99999922.017901 
403 99999922.017262 
404 99999922.017153 
405 99999922.017518 
406 99999922.018245 
407 99999922.017900 
408 99999922.018088 
409 99999922.018128 
410 99999922.018414 
411 99999922.017824 
412 99999922.018012 
413 99999922.018309 
414 99999922.018136 
415 99999922.018388 
416 99999922.018672 
417 99999922.018440 
418 99999922.018394 
419 99999922.019032 
420 99999922.018780 
421 99999922.302768 
422 99999922.302076 
423 99999922.301791 
424 99999922.302132 
425 99999922.302401 
426 99999922.302493 
427 99999922.302925 
428 99999922.302960 
429 99999922.631270 
430 99999922.631005 
431 99999922.630934 
432 99999923.894834 
433 99999923.895390 
434 99999923.895533 
435 99999923.895099 
436 99999923.895323 
437 99999923.895026 
438 99999923.895593 
439 99999923.895752 
440 99999923.895198 
441 99999925.189996 
442 99999925.189768 
443 99999925.190466 
444 99999925.882053 
445 99999925.881589 
446 99999929.121051 
447 99999929.120922 
448 99999929.120921 
449 99999929.121349 
450 99999929.121725 
451 99999929.121426 
452 99999929.121236 
453 99999929.121453 
454 99999929.121009 
455 99999929.120574 
456 99999929.120942 
457 99999929.121420 
458 99999929.120925 
459 99999929.121622 
460 99999929.121383 
461 99999929.121528 
462 99999929.121697 
463 99999929.121634 
464 99999929.120192 
465 99999929.119494 
466 99999929.120022 
467 99999929.120227 
468 99999929.119166 
469 99999929.119522 
470 99999929.119794 
471 99999929.119488 
472 99999929.120341 
473 99999929.120096 
474 99999929.120458 
475 99999929.120348 
476 99999929.275643 
477 99999929.275659 
478 99999930.289951 
479 99999930.290001 
480 99999930.290479 
481 99999930.373442 
482 99999930.373554 
483 99999930.373715 
484 99999930.374269 
485 99999930.373545 
486 99999930.373141 
487 99999930.373767 
488 99999930.373527 
489 99999930.372887 
490 99999930.373485 
491 99999930.373677 
492 99999930.373645 
493 99999930.373645 
494 99999930.373005 
495 99999930.508524 
496 99999930.507771 
497 99999930.507549 
498 99999930.507624 
499 99999930.514667 
500 99999930.514668 
501 99999930.514707 
502 99999930.514060 
503 99999930.514244 
504 99999930.514688 
505 99999930.515582 
506 99999931.171962 
507 99999931.171678 
508 99999931.171360 
509 99999934.120418 
510 99999934.120220 
511 99999934.119768 
512 99999934.119383 
513 99999934.120194 
514 99999936.508663 
515 99999936.508726 
516 99999936.508525 
517 99999936.508105 
518 99999936.508568 
519 99999936.508183 
520 99999936.508522 
521 99999936.508443 
522 99999936.508204 
523 99999936.508203 
524 99999936.508651 
525 99999936.508662 
526 99999936.508947 
527 99999936.509187 
528 99999936.508536 
529 99999936.508578 
530 99999936.508914 
531 99999936.573139 
532 99999936.573195 
533 99999936.573238 
534 99999936.573488 
535 99999936.573867 
536 99999936.573908 
537 99999936.573702 
538 99999936.573208 
539 99999936.573023 
540 99999936.572682 
541 99999936.736990 
542 99999936.736986 
543 99999936.737767 
544 99999936.737187 
545 99999936.736671 
546 99999936.737065 
547 99999936.737167 
548 99999936.737616 
549 99999936.737824 
550 99999936.738083 
551 99999936.737798 
552 99999936.737053 
553 99999936.736863 
554 99999936.736866 
555 99999936.736673 
556 99999937.140743 
557 99999937.140760 
558 99999937.140953 
559 99999937.292747 
560 99999937.292783 
561 99999937.292111 
562 99999937.292931 
563 99999937.293851 
564 99999937.293891 
565 99999937.294262 
566 99999937.294069 
567 99999937.294229 
568 99999937.293841 
569 99999940.243273 
570 99999940.243666 
571 99999940.243668 
572 99999941.133563 
573 99999941.132807 
574 99999941.132218 
575 99999941.132498 
576 99999941.132622 
577 99999941.133292 
578 99999941.133301 
579 99999941.132491 
580 99999941.132570 
581 99999941.132906 
582 99999941.132760 
583 99999941.131143 
584 99999941.130880 
585 99999941.131312 
586 99999941.360270 
587 99999941.360342 
588 99999941.965994 
589 99999941.966252 
590 99999941.966778 
591 99999941.967266 
592 99999941.966783 
593 99999941.965772 
594 99999941.966146 
595 99999941.966218 
596 99999941.966561 
597 99999941.966200 
598 99999941.968143 
599 99999941.968397 
600 99999941.968187 
601 99999941.968315 
602 99999941.968857 
603 99999941.968660 
604 99999941.968806 
605 99999941.968422 
606 99999941.968641 
607 99999941.968748 
608 99999941.968862 
609 99999942.009946 
610 99999954.721511 
611 99999954.721501 
612 99999954.721678 
613 99999957.325241 
614 99999957.325337 
615 99999957.325820 
616 99999957.325357 
617 99999957.326291 
618 99999957.326517 
619 99999957.325840 
620 99999957.326107 
621 99999957.325452 
622 99999957.331025 
623 99999957.331547 
624 99999957.331696 
625 99999957.403007 
626 99999957.402419 
627 99999957.402314 
628 99999957.402142 
629 99999957.402834 
630 99999957.402715 
631 99999957.403580 
632 99999957.403402 
633 99999957.403205 
634 99999957.403217 
635 99999957.403471 
636 99999957.403511 
637 99999957.603261 
638 99999957.603042 
639 99999957.603204 
640 99999957.603480 
641 99999957.603617 
642 99999957.603503 
643 99999957.603040 
644 99999957.602170 
645 99999958.516518 
646 99999958.516130 
647 99999958.516085 
648 99999958.516178 
649 99999958.520557 
650 99999958.521189 
651 99999958.521571 
652 99999958.521655 
653 99999958.521248 
654 99999958.521089 
655 99999958.521735 
656 99999958.527186 
657 99999958.527207 
658 99999958.526620 
659 99999958.527161 
660 99999958.527028 
661 99999958.526980 
662 99999958.527193 
663 99999958.527194 
664 99999958.527251 
665 99999962.511421 
666 99999962.511605 
667 99999962.511640 
668 99999962.510911 
669 99999962.510667 
670 99999962.511209 
671 99999962.511257 
672 99999962.511716 
673 99999962.512089 
674 99999962.511901 
675 99999962.511505 
676 99999962.512113 
677 99999962.642349 
678 99999962.642467 
679 99999962.642570 
680 99999962.642557 
681 99999962.642482 
682 99999962.642478 
683 99999962.641974 
684 99999962.641669 
685 99999962.641527 
686 99999962.641463 
687 99999962.641351 
688 99999962.641426 
689 99999962.641571 
690 99999962.641612 
691 99999962.642832 
692 99999962.643260 
693 99999962.643219 
694 99999962.643291 
695 99999962.643050 
696 99999962.643412 
697 99999966.678702 
698 99999966.678784 
699 99999966.678558 
700 99999966.678590 
701 99999966.678266 
702 99999966.699664 
703 99999966.755384 
704 99999966.755257 
705 99999966.755476 
706 99999966.755339 
707 99999966.754882 
708 99999966.755152 
709 99999966.755500 
710 99999966.755764 
711 99999966.755579 
712 99999966.755211 
713 99999966.754896 
714 99999966.754921 
715 99999966.755070 
716 99999966.755073 
717 99999966.755340 
718 99999966.754964 
719 99999966.755108 
720 99999966.754936 
721 99999966.755023 
722 99999966.754746 
723 99999966.755403 
724 99999966.754282 
725 99999966.755941 
726 99999966.755622 
727 99999966.755466 
728 99999966.755727 
729 99999966.756131 
730 99999966.756238 
731 99999966.757197 
732 99999966.757174 
733 99999966.757510 
734 99999966.757119 
735 99999966.757140 
736 99999966.757425 
737 99999966.757555 
738 99999966.757119 
739 99999966.757446 
740 99999966.757221 
741 99999966.757518 
742 99999966.756704 
743 99999966.757289 
744 99999966.757668 
745 99999967.055069 
746 99999967.055081 
747 99999967.055263 
748 99999968.558073 
749 99999968.558171 
750 99999968.558216 
751 99999968.558042 
752 99999968.558241 
753 99999968.557971 
754 99999968.558217 
755 99999968.558217 
756 99999968.558025 
757 99999968.557938 
758 99999968.558237 
759 99999968.557948 
760 99999968.557353 
761 99999968.556819 
762 99999968.556874 
763 99999968.556821 
764 99999968.581508 
765 99999968.581513 
766 99999968.581633 
767 99999968.582139 
768 99999968.581905 
769 99999968.581748 
770 99999968.582081 
771 99999968.582296 
772 99999968.582143 
773 99999968.587018 
774 99999968.586628 
775 99999968.586640 
776 99999968.586447 
777 99999968.587517 
778 99999968.587557 
779 99999969.062069 
780 99999969.062156 
781 99999969.062012 
782 99999969.061955 
783 99999969.062199 
784 99999969.062039 
785 99999969.062120 
786 99999969.062749 
787 99999969.064080 
788 99999969.063710 
789 99999969.063700 
790 99999969.063465 
791 99999969.063516 
792 99999969.082674 
793 99999969.082527 
794 99999969.082505 
795 99999969.082783 
796 99999969.082826 
797 99999969.083501 
798 99999969.083933 
799 99999969.083845 
800 99999969.083301 
801 99999969.083293 
802 99999969.082819 
803 99999969.083195 
804 99999969.083099 
805 99999969.082945 
806 99999969.082885 
807 99999969.082304 
808 99999969.082049 
809 99999969.083206 
810 99999969.082843 
811 99999969.082344 
812 99999969.082582 
813 99999969.082989 
814 99999969.083062 
815 99999969.566456 
816 99999969.566138 
817 99999969.566176 
818 99999969.566211 
819 99999969.566557 
820 99999969.566453 
821 99999969.791621 
822 99999969.792311 
823 99999969.792231 
824 99999969.790677 
825 99999970.439363 
826 99999970.439377 
827 99999970.439706 
828 99999970.439410 
829 99999970.439979 
830 99999970.464592 
831 99999970.464930 
832 99999970.465149 
833 99999970.465250 
834 99999970.465390 
835 99999970.465553 
836 99999970.465576 
837 99999970.465429 
838 99999970.465614 
839 99999970.465468 
840 99999970.465458 
841 99999970.465933 
842 99999970.465844 
843 99999970.485162 
844 99999970.485199 
845 99999970.483054 
846 99999970.482967 
847 99999970.482926 
848 99999970.482842 
849 99999970.484056 
850 99999970.484090 
851 99999970.484210 
852 99999970.483959 
853 99999970.483982 
854 99999970.484028 
855 99999970.482316 
856 99999970.484229 
857 99999970.484403 
858 99999970.515896 
859 99999970.516925 
860 99999970.545807 
861 99999970.545730 
862 99999971.851973 
863 99999971.852018 
864 99999971.851836 
865 99999971.852374 
866 99999971.852411 
867 99999971.851853 
868 99999971.851875 
869 99999971.852125 
870 99999971.852217 
871 99999971.852212 
872 99999971.852352 
873 99999971.852436 
874 99999971.851832 
875 99999971.851371 
876 99999971.851639 
877 99999971.851422 
878 99999971.851963 
879 99999971.851423 
880 99999971.851547 
881 99999971.851693 
882 99999971.852230 
883 99999971.852042 
884 99999971.851961 
885 99999971.852495 
886 99999971.852510 
887 99999971.852549 
888 99999971.852185 
889 99999972.241765 
890 99999972.241269 
891 99999972.240884 
892 99999972.241178 
893 99999972.241243 
894 99999972.241319 
895 99999972.241379 
896 99999972.240851 
897 99999972.267329 
898 99999972.267344 
899 99999972.267578 
900 99999972.267322 
901 99999972.349559 
902 99999972.349621 
903 99999972.349328 
904 99999972.348727 
905 99999972.349257 
906 99999972.349211 
907 99999972.349348 
908 99999972.349062 
909 99999972.349285 
910 99999972.771770 
911 99999972.771923 
912 99999972.772065 
913 99999972.772254 
914 99999972.772570 
915 99999972.772342 
916 99999972.772626 
917 99999972.772323 
918 99999972.771536 
919 99999972.771960 
920 99999972.772473 
921 99999972.772033 
922 99999972.771921 
923 99999972.771918 
924 99999972.771436 
925 99999972.772196 
926 99999972.771366 
927 99999972.771324 
928 99999972.770805 
929 99999972.806396 
930 99999972.806124 
931 99999972.806672 
932 99999972.806976 
933 99999972.807022 
934 99999972.807097 
935 99999972.807128 
936 99999972.807391 
937 99999972.806860 
938 99999972.807582 
939 99999972.807784 
940 99999972.807797 
941 99999972.807803 
942 99999972.807558 
943 99999972.807046 
944 99999972.884565 
945 99999972.885078 
946 99999972.884116 
947 99999972.884133 
948 99999972.883712 
949 99999972.883604 
950 99999972.883834 
951 99999972.883493 
952 99999972.883252 
953 99999972.883254 
954 99999972.883494 
955 99999972.883723 
956 99999972.884330 
957 99999972.945077 
958 99999972.945260 
959 99999972.945435 
960 99999972.945370 
961 99999972.944960 
962 99999972.944960 
963 99999972.944929 
964 99999972.944948 
965 99999972.945159 
966 99999972.945057 
967 99999972.945064 
968 99999972.944925 
969 99999972.945248 
970 99999972.945439 
971 99999972.945192 
972 99999972.945405 
973 99999972.945504 
974 99999972.945551 
975 99999972.945195 
976 99999972.945418 
977 99999972.946179 
978 99999972.946072 
979 99999972.946363 
980 99999972.946365 
981 99999972.946316 
982 99999972.946242 
983 99999972.945791 
984 99999972.945674 
985 99999972.946569 
986 99999972.950430 
987 99999972.950285 
988 99999972.950243 
989 99999972.965633 
990 99999972.965304 
991 99999972.965364 
992 99999972.964669 
993 99999972.965068 
994 99999972.965193 
995 99999972.966093 
996 99999972.964870 
997 99999972.974405 
998 99999972.974430 
999 99999972.974142 
1000 99999972.973830 
1001 99999973.012638 
1002 99999973.012782 
1003 99999973.013405 
1004 99999973.012868 
1005 99999973.013318 
1006 99999973.013101 
1007 99999973.013274 
1008 99999973.013103 
1009 99999973.023290 
1010 99999973.023100 
1011 99999973.023458 
1012 99999973.023695 
1013 99999973.023863 
1014 99999973.024492 
1015 99999973.024885 
1016 99999973.024936 
1017 99999973.024639 
1018 99999973.024470 
1019 99999973.023871 
1020 99999973.024143 
1021 99999973.024676 
1022 99999973.023870 
1023 99999973.023570 
1024 99999973.024455 
1025 99999973.024481 
1026 99999973.024274 
1027 99999973.024290 
1028 99999973.024210 
1029 99999973.024545 
1030 99999973.025586 
1031 99999973.025756 
1032 99999973.026331 
1033 99999973.026317 
1034 99999973.026075 
1035 99999973.026075 
1036 99999973.025660 
1037 99999973.024945 
1038 99999973.025019 
1039 99999973.025019 
1040 99999973.025265 
1041 99999973.025240 
1042 99999973.025038 
1043 99999973.025048 
1044 99999973.025294 
1045 99999973.025554 
1046 99999973.025940 
1047 99999973.026164 
1048 99999973.025221 
1049 99999973.025503 
1050 99999973.025113 
1051 99999973.024980 
1052 99999973.025346 
1053 99999973.025423 
1054 99999973.024748 
1055 99999973.024965 
1056 99999973.025253 
1057 99999973.024750 
1058 99999973.024554 
1059 99999973.024303 
1060 99999973.024651 
1061 99999973.024182 
1062 99999973.025006 
1063 99999973.025729 
1064 99999973.025305 
1065 99999973.025674 
1066 99999973.025689 
1067 99999973.025734 
1068 99999973.025367 
1069 99999973.025514 
1070 99999973.025378 
1071 99999973.025108 
1072 99999973.025249 
1073 99999973.025377 
1074 99999973.025774 
1075 99999973.025892 
1076 99999973.025304 
1077 99999973.024876 
1078 99999973.024877 
1079 99999973.024968 
1080 99999973.024935 
1081 99999973.022165 
1082 99999973.022352 
1083 99999973.022661 
1084 99999973.023014 
1085 99999973.024470 
1086 99999973.025353 
1087 99999973.024707 
1088 99999973.024932 
1089 99999973.026013 
1090 99999973.026341 
1091 99999973.026132 
1092 99999973.025484 
1093 99999973.025245 
1094 99999973.025839 
1095 99999973.025821 
1096 99999973.025959 
1097 99999973.026010 
1098 99999973.026040 
1099 99999973.025993 
1100 99999973.026255 
1101 99999973.025558 
1102 99999973.026176 
1103 99999973.025764 
1104 99999973.025917 
1105 99999973.025669 
1106 99999973.024731 
1107 99999973.024393 
1108 99999973.024765 
1109 99999973.045270 
1110 99999973.045239 
1111 99999973.045917 
1112 99999973.045244 
1113 99999973.045290 
1114 99999973.045422 
1115 99999973.045655 
1116 99999973.045684 
1117 99999973.045538 
1118 99999973.045827 
1119 99999973.080857 
1120 99999973.080984 
1121 99999973.081059 
1122 99999973.080394 
1123 99999973.080373 
1124 99999973.080356 
1125 99999973.081586 
1126 99999973.080959 
1127 99999973.080362 
1128 99999973.080114 
1129 99999973.079873 
1130 99999973.080172 
1131 99999973.079032 
1132 99999973.079265 
1133 99999973.079733 
1134 99999973.079526 
1135 99999973.079740 
1136 99999973.080272 
1137 99999973.080951 
1138 99999973.080972 
1139 99999973.080508 
1140 99999973.080332 
1141 99999973.079630 
1142 99999973.078942 
1143 99999973.079099 
1144 99999973.079578 
1145 99999973.079481 
1146 99999973.080454 
1147 99999973.080717 
1148 99999973.081033 
1149 99999973.080541 
1150 99999973.080138 
1151 99999973.080993 
1152 99999973.081112 
1153 99999973.081196 
1154 99999973.081235 
1155 99999973.082285 
1156 99999973.082746 
1157 99999973.082746 
1158 99999973.082268 
1159 99999973.082270 
1160 99999973.082166 
1161 99999973.082332 
1162 99999973.081426 
1163 99999973.082000 
1164 99999973.081795 
1165 99999973.081972 
1166 99999973.081993 
1167 99999973.082706 
1168 99999973.082873 
1169 99999973.082511 
1170 99999973.082570 
1171 99999973.082569 
1172 99999973.082131 
1173 99999973.081790 
1174 99999973.081351 
1175 99999973.081162 
