# This file contains stats about hypervolume
1 99032427.734239 
2 99305385.141630 
3 99305389.096957 
4 99305394.441638 
5 99358151.753699 
6 99365826.805647 
7 99501381.614373 
8 99624583.913604 
9 99624585.380645 
10 99624589.276522 
11 99639312.901890 
12 99682666.702760 
13 99688886.683349 
14 99739826.539420 
15 99763602.954617 
16 99820361.075119 
17 99820617.330389 
18 99820617.751051 
19 99820617.751268 
20 99857796.653608 
21 99857797.251341 
22 99857797.252951 
23 99857797.341904 
24 99884978.984742 
25 99884979.100330 
26 99892363.311216 
27 99892363.528606 
28 99892363.528608 
29 99892363.530919 
30 99911617.528049 
31 99911617.534221 
32 99911618.914380 
33 99911618.949485 
34 99919610.304842 
35 99921866.015417 
36 99921866.026031 
37 99921866.026033 
38 99921866.233349 
39 99921866.251032 
40 99938626.413131 
41 99943123.519083 
42 99943123.519083 
43 99943123.529813 
44 99943123.733288 
45 99943123.750085 
46 99943123.750085 
47 99943123.750085 
48 99943123.759340 
49 99943124.299494 
50 99943124.380757 
51 99943124.380794 
52 99943124.380794 
53 99943124.587424 
54 99943124.786295 
55 99943125.265126 
56 99943125.274451 
57 99943125.319093 
58 99943125.319708 
59 99943125.319708 
60 99966947.941121 
61 99966947.954244 
62 99966947.954244 
63 99966948.029174 
64 99966948.042235 
65 99967126.688591 
66 99968775.011049 
67 99968775.011049 
68 99968775.012703 
69 99969796.647932 
70 99969796.678656 
71 99969796.891602 
72 99969797.117425 
73 99973252.075798 
74 99973252.233690 
75 99975977.644080 
76 99975977.644995 
77 99975977.644995 
78 99975977.647195 
79 99975977.648074 
80 99975977.676854 
81 99975977.676889 
82 99977014.651379 
83 99977014.651854 
84 99977014.669369 
85 99982009.911216 
86 99982009.911335 
87 99982009.912053 
88 99982009.947491 
89 99982010.025881 
90 99982010.030414 
91 99982010.046933 
92 99982010.190277 
93 99983525.428590 
94 99983544.519887 
95 99984459.912917 
96 99984700.907400 
97 99987024.542399 
98 99987024.589430 
99 99987024.595719 
100 99987024.595807 
101 99987024.595807 
102 99989263.105232 
103 99989263.121443 
104 99989263.125720 
105 99989591.454949 
106 99989591.455651 
107 99989630.552820 
108 99989630.588756 
109 99990105.731216 
110 99990105.731269 
111 99991469.766329 
112 99991501.016388 
113 99991622.266211 
114 99991923.029635 
115 99991923.036853 
116 99992256.812734 
117 99992256.824673 
118 99993581.809444 
119 99993581.916063 
120 99993581.920062 
121 99993930.436969 
122 99995029.230510 
123 99995029.234945 
124 99995029.253682 
125 99995029.268319 
126 99995859.505776 
127 99995859.544835 
128 99995859.547698 
129 99996115.578952 
130 99996115.579885 
131 99996115.585246 
132 99996115.596707 
133 99996188.924901 
134 99996315.591952 
135 99996384.014639 
136 99996384.019675 
137 99996384.025502 
138 99996384.047997 
139 99996986.913387 
140 99997640.528027 
141 99997640.562161 
142 99997640.565005 
143 99997640.591672 
144 99997640.600368 
145 99997846.168528 
146 99997846.189298 
147 99997846.191340 
148 99997846.199009 
149 99997846.201783 
150 99998868.603438 
151 99998868.606408 
152 99998868.610486 
153 99998868.611778 
154 99998868.620904 
155 99998868.622673 
156 99998868.626890 
157 99998875.830821 
158 99999224.461186 
159 99999224.464969 
160 99999224.471221 
161 99999224.473491 
162 99999224.475639 
163 99999224.476753 
164 99999266.734556 
165 99999313.287354 
166 99999327.373467 
167 99999705.131992 
168 99999705.132975 
169 99999705.134616 
170 99999747.492215 
171 99999750.113573 
172 99999750.114914 
173 99999750.116673 
174 99999750.118701 
175 99999750.120604 
176 99999853.733514 
177 99999853.734278 
178 99999853.735778 
179 99999853.736581 
180 99999853.737849 
181 99999853.739261 
182 99999853.739953 
183 99999853.740362 
184 99999853.906748 
185 99999853.907779 
186 99999853.908802 
187 99999853.909426 
188 99999853.910320 
189 99999853.910630 
190 99999853.911071 
191 99999883.670892 
192 99999887.383963 
193 99999895.233967 
194 99999899.935168 
195 99999899.935132 
196 99999899.935863 
197 99999899.935917 
198 99999899.936546 
199 99999899.937053 
200 99999899.937519 
201 99999899.937882 
202 99999918.576922 
203 99999918.577076 
204 99999918.577783 
205 99999918.578180 
206 99999918.578409 
207 99999918.578473 
208 99999918.578741 
209 99999918.578793 
210 99999918.578845 
211 99999918.579027 
212 99999918.579115 
213 99999918.579339 
214 99999918.579383 
215 99999918.579485 
216 99999918.579669 
217 99999918.579601 
218 99999918.579662 
219 99999918.579649 
220 99999918.579866 
221 99999918.579968 
222 99999918.580133 
223 99999918.580433 
224 99999929.247899 
225 99999929.248061 
226 99999929.248073 
227 99999929.248206 
228 99999929.248220 
229 99999929.248158 
230 99999929.248269 
231 99999929.248313 
232 99999929.248304 
233 99999931.529758 
234 99999931.529846 
235 99999931.530096 
236 99999931.530188 
237 99999931.530278 
238 99999931.530389 
239 99999931.530484 
240 99999931.530553 
241 99999931.530686 
242 99999931.530793 
243 99999931.530798 
244 99999931.530842 
245 99999931.530796 
246 99999931.530729 
247 99999931.530823 
248 99999958.736605 
249 99999958.736686 
250 99999970.283718 
251 99999970.283715 
252 99999970.283811 
253 99999970.283783 
254 99999975.079061 
255 99999975.079030 
256 99999975.079105 
257 99999975.079139 
258 99999975.079147 
259 99999975.079236 
260 99999975.079270 
261 99999975.079377 
262 99999975.079392 
263 99999975.079481 
264 99999975.079648 
265 99999975.079640 
266 99999975.079571 
267 99999975.079515 
268 99999975.079697 
269 99999975.080044 
270 99999975.080033 
271 99999976.529145 
272 99999976.529051 
273 99999976.528982 
274 99999976.529130 
275 99999976.529251 
276 99999976.529285 
277 99999976.529551 
278 99999976.529649 
279 99999976.529680 
280 99999976.529677 
281 99999976.529678 
282 99999978.644006 
283 99999978.643938 
284 99999978.644051 
285 99999978.644020 
286 99999978.644135 
287 99999979.572155 
288 99999979.572163 
289 99999979.572125 
290 99999979.572197 
291 99999979.571997 
292 99999979.606998 
293 99999979.606974 
294 99999979.607250 
295 99999979.607352 
296 99999979.607358 
297 99999979.607321 
298 99999979.607292 
299 99999979.607217 
300 99999979.607420 
301 99999979.607385 
302 99999979.607272 
303 99999979.607259 
304 99999979.607438 
305 99999979.607389 
306 99999979.607407 
307 99999979.607301 
308 99999979.607389 
309 99999979.759731 
310 99999979.759803 
311 99999979.759927 
312 99999979.759975 
313 99999979.760072 
314 99999984.597291 
315 99999985.152246 
316 99999985.152225 
317 99999985.152312 
318 99999988.661567 
319 99999988.661574 
320 99999988.661644 
321 99999988.661632 
322 99999988.661586 
323 99999988.661613 
324 99999988.661607 
325 99999988.661409 
326 99999988.661477 
327 99999988.661592 
328 99999988.661635 
329 99999988.661571 
330 99999988.661813 
331 99999988.661702 
332 99999988.661957 
333 99999988.661964 
334 99999988.662172 
335 99999988.662029 
336 99999988.661972 
337 99999988.661805 
338 99999988.662051 
339 99999988.662037 
340 99999988.661988 
341 99999988.788672 
342 99999988.788808 
343 99999989.114252 
344 99999989.114163 
345 99999989.114120 
346 99999989.114099 
347 99999989.114195 
348 99999989.114231 
349 99999989.114299 
350 99999989.114329 
351 99999989.114248 
352 99999990.661019 
353 99999990.661101 
354 99999990.661214 
355 99999990.661132 
356 99999990.661146 
357 99999990.661048 
358 99999990.660969 
359 99999990.660934 
360 99999990.661175 
361 99999990.661236 
362 99999990.661238 
363 99999990.661182 
364 99999990.661315 
365 99999990.661353 
366 99999990.661249 
367 99999990.661206 
368 99999990.661327 
369 99999990.661131 
370 99999990.661132 
371 99999990.661173 
372 99999990.661197 
373 99999991.185075 
374 99999991.185134 
375 99999991.185162 
376 99999991.185223 
377 99999991.185337 
378 99999991.185339 
379 99999991.185494 
380 99999991.185434 
381 99999991.185275 
382 99999991.185281 
383 99999991.185405 
384 99999991.185434 
385 99999991.185496 
386 99999991.185438 
387 99999991.185249 
388 99999991.185231 
389 99999991.185161 
390 99999991.185261 
391 99999991.185257 
392 99999991.185130 
393 99999991.185481 
394 99999991.185658 
395 99999991.185622 
396 99999991.185549 
397 99999991.185614 
398 99999991.185594 
399 99999991.185495 
400 99999991.504029 
401 99999991.503969 
402 99999991.794920 
403 99999991.795076 
404 99999991.794987 
405 99999991.795105 
406 99999991.795114 
407 99999991.794966 
408 99999991.794915 
409 99999991.794915 
410 99999991.794954 
411 99999991.794880 
412 99999991.794821 
413 99999991.794876 
414 99999991.794822 
415 99999991.794826 
416 99999991.794973 
417 99999991.794810 
418 99999991.794898 
419 99999991.795017 
420 99999991.794987 
421 99999991.795039 
422 99999991.795075 
423 99999991.795063 
424 99999991.795122 
425 99999991.795005 
426 99999991.795002 
427 99999991.795040 
428 99999991.795094 
429 99999991.795034 
430 99999991.795152 
431 99999991.795151 
432 99999991.795057 
433 99999991.795111 
434 99999991.795164 
435 99999991.795192 
436 99999991.795205 
437 99999991.795146 
438 99999991.794982 
439 99999991.795122 
440 99999991.821787 
441 99999991.821716 
442 99999991.821773 
443 99999991.821744 
444 99999991.821759 
445 99999991.821534 
446 99999991.821488 
447 99999991.821452 
448 99999991.850400 
449 99999991.850596 
450 99999991.850615 
451 99999991.850733 
452 99999991.850681 
453 99999991.850539 
454 99999991.850495 
455 99999991.850643 
456 99999991.850801 
457 99999991.850796 
458 99999991.850736 
459 99999991.850938 
460 99999991.850832 
461 99999991.850789 
462 99999991.850729 
463 99999991.850629 
464 99999991.850536 
465 99999991.850530 
466 99999991.850617 
467 99999991.850872 
468 99999991.850887 
469 99999991.850955 
470 99999991.850906 
