1.651319e-08 1.008389e+00
9.978668e-01 6.924473e-03
6.255550e-01 2.153622e-01
4.176510e-01 3.622118e-01
9.875759e-01 1.101471e-02
4.070864e-01 3.687072e-01
6.181280e-01 2.209023e-01
4.668588e-01 3.259137e-01
7.164601e-01 1.586808e-01
7.054392e-01 1.683916e-01
2.013366e-01 5.599849e-01
4.630684e-04 9.941655e-01
9.536165e-01 3.008356e-02
2.706329e-01 4.885271e-01
9.764928e-01 1.657209e-02
4.760332e-01 3.175855e-01
2.904422e-01 4.676489e-01
4.597406e-01 3.308004e-01
3.288095e-01 4.338810e-01
1.931940e-01 5.706288e-01
9.141435e-01 5.055788e-02
3.057662e-02 8.353066e-01
2.822700e-01 4.814643e-01
7.772116e-01 1.262933e-01
6.064508e-01 2.261445e-01
2.155703e-01 5.483295e-01
5.319221e-02 7.834051e-01
9.421535e-01 3.800018e-02
2.741992e-02 8.475327e-01
6.391478e-01 2.090135e-01
4.262097e-01 3.553224e-01
4.399529e-01 3.438904e-01
6.932781e-01 1.734917e-01
4.504084e-01 3.359735e-01
2.593399e-01 5.011811e-01
9.624763e-03 9.111221e-01
1.240647e-01 6.553902e-01
6.774702e-01 1.841158e-01
1.525072e-01 6.191070e-01
2.830419e-01 4.753109e-01
4.013279e-02 8.127748e-01
9.332139e-04 9.807306e-01
1.783997e-01 5.873109e-01
3.235540e-01 4.421603e-01
1.132694e-01 6.782554e-01
7.964943e-01 1.121404e-01
1.195588e-01 6.701295e-01
7.502352e-01 1.423197e-01
8.097511e-03 9.227805e-01
9.205469e-01 4.860629e-02
7.508815e-02 7.434624e-01
3.063691e-01 4.548169e-01
7.408293e-01 1.460931e-01
7.295782e-01 1.521111e-01
5.437120e-01 2.718210e-01
1.039246e-01 6.867439e-01
1.655364e-01 6.005432e-01
5.587980e-01 2.592501e-01
1.504539e-01 6.253923e-01
9.712146e-01 2.173815e-02
8.264602e-01 9.649370e-02
3.635511e-02 8.226607e-01
9.918232e-02 6.976217e-01
3.224441e-03 9.558812e-01
6.729427e-03 9.292639e-01
8.204414e-01 1.009690e-01
7.244692e-01 1.580714e-01
5.066377e-01 2.984744e-01
7.646792e-01 1.329497e-01
1.790607e-03 9.736690e-01
1.226650e-01 6.628576e-01
2.136066e-03 9.626061e-01
1.340039e-02 8.967550e-01
9.284748e-01 4.398404e-02
2.053146e-02 8.683383e-01
1.429244e-01 6.300381e-01
8.692769e-01 7.375974e-02
2.222287e-01 5.386947e-01
4.180567e-02 8.062328e-01
6.923302e-02 7.468295e-01
1.508928e-02 8.883231e-01
4.504439e-02 7.988112e-01
7.720427e-02 7.339306e-01
9.021944e-01 5.642069e-02
4.466273e-01 3.402239e-01
5.355466e-01 2.763662e-01
6.687792e-01 1.877677e-01
8.502588e-02 7.191365e-01
1.111827e-02 9.035300e-01
5.873645e-02 7.724656e-01
3.938017e-03 9.445112e-01
5.913778e-03 9.404816e-01
8.899248e-02 7.115950e-01
2.286805e-01 5.328071e-01
1.613346e-01 6.083568e-01
3.663762e-01 4.018598e-01
2.053101e-01 5.540024e-01
5.966396e-01 2.397190e-01
6.495327e-01 2.001490e-01
1.719891e-01 5.936752e-01
1.414675e-01 6.354518e-01
7.357179e-01 1.485659e-01
6.998896e-01 1.712126e-01
3.952790e-01 3.786748e-01
5.187759e-01 2.903183e-01
3.010189e-01 4.618779e-01
3.193535e-01 4.460290e-01
4.321555e-01 3.492708e-01
7.861093e-01 1.202774e-01
9.648672e-01 2.527376e-02
8.331200e-01 9.335141e-02
3.547383e-01 4.129699e-01
6.575213e-01 1.967328e-01
2.975107e-01 4.631460e-01
5.864024e-01 2.403836e-01
3.361233e-01 4.283402e-01
4.007747e-01 3.753974e-01
9.588363e-01 2.615852e-02
5.276385e-01 2.807782e-01
2.540281e-01 5.058094e-01
2.103627e-01 5.512917e-01
7.646041e-01 1.331240e-01
6.606866e-02 7.532632e-01
5.555682e-01 2.622154e-01
3.816045e-01 3.907409e-01
8.179716e-02 7.262316e-01
7.530545e-01 1.372387e-01
5.665625e-01 2.526983e-01
1.031417e-01 6.887279e-01
5.060578e-02 7.887987e-01
4.731046e-02 7.931144e-01
3.740710e-01 3.955114e-01
5.771328e-01 2.509303e-01
6.103859e-02 7.656698e-01
5.861089e-01 2.453633e-01
6.461062e-01 2.028835e-01
6.653218e-01 1.902253e-01
3.491782e-01 4.222880e-01
4.819802e-01 3.142114e-01
7.813736e-01 1.242880e-01
8.556734e-01 8.011650e-02
8.872633e-01 6.518974e-02
9.328388e-01 4.175357e-02
2.661177e-01 4.954516e-01
1.374176e-01 6.418347e-01
1.307831e-01 6.487537e-01
5.781335e-01 2.474417e-01
1.136007e-01 6.750096e-01
2.465915e-01 5.165328e-01
9.439639e-02 7.026538e-01
6.605706e-01 1.947685e-01
1.784600e-02 8.774429e-01
8.843216e-01 6.741008e-02
3.892732e-01 3.842523e-01
9.021645e-01 5.694746e-02
3.715669e-01 3.977412e-01
6.848629e-01 1.790726e-01
8.644511e-01 7.793957e-02
2.416329e-01 5.207518e-01
5.523753e-01 2.685426e-01
1.715155e-01 5.979686e-01
8.491304e-01 8.558828e-02
6.422083e-01 2.081258e-01
2.571981e-02 8.547161e-01
9.373203e-01 3.813433e-02
1.819478e-01 5.820286e-01
2.531122e-01 5.109013e-01
2.321808e-01 5.281054e-01
8.056466e-01 1.097785e-01
3.625951e-01 4.064974e-01
3.597001e-01 4.077315e-01
6.826512e-01 1.795354e-01
8.758757e-01 7.037821e-02
8.391343e-01 9.240488e-02
5.678297e-01 2.526144e-01
2.245712e-01 5.384201e-01
1.345792e-01 6.431416e-01
5.318439e-01 2.783032e-01
2.342256e-01 5.254495e-01
3.809716e-01 3.916478e-01
8.044222e-02 7.302508e-01
4.969180e-01 3.047749e-01
2.490956e-01 5.138073e-01
2.376825e-01 5.212850e-01
8.151973e-01 1.049481e-01
8.500216e-01 8.302441e-02
4.313834e-01 3.522148e-01
5.128939e-01 2.945260e-01
5.486444e-01 2.688337e-01
3.138616e-01 4.494679e-01
3.433214e-01 4.229746e-01
6.025989e-01 2.302358e-01
8.938650e-01 6.218649e-02
3.391479e-02 8.280423e-01
3.892732e-01 3.842523e-01
4.909981e-01 3.055361e-01
5.979476e-01 2.342352e-01
8.732389e-02 7.135827e-01
2.676490e-01 4.948693e-01
8.773548e-01 6.944139e-02
