# This file contains stats about hypervolume
1 99976264.645945 
2 99976269.226127 
3 99976269.345860 
4 99978375.933013 
5 99983216.331988 
6 99983220.057212 
7 99983282.301945 
8 99984251.910091 
9 99986112.013859 
10 99986113.201068 
11 99987794.414145 
12 99988769.766793 
13 99989401.229031 
14 99989401.316921 
15 99990625.240294 
16 99990896.459292 
17 99991922.983558 
18 99992397.409877 
19 99993228.898636 
20 99994310.154291 
21 99994310.187971 
22 99995195.471550 
23 99995561.012469 
24 99995956.813156 
25 99995956.845253 
26 99996074.572289 
27 99996378.473979 
28 99997014.536967 
29 99997014.552857 
30 99997014.585961 
31 99997014.605554 
32 99997044.547849 
33 99997201.348595 
34 99997296.968886 
35 99997898.425522 
36 99997949.520975 
37 99997949.531496 
38 99998061.275259 
39 99998074.831302 
40 99998075.386262 
41 99998216.674941 
42 99998376.354856 
43 99998376.361978 
44 99998669.668086 
45 99998669.678565 
46 99998669.688996 
47 99998726.615724 
48 99998794.124553 
49 99998975.523553 
50 99999076.827535 
51 99999089.962907 
52 99999184.979269 
53 99999203.190301 
54 99999318.392118 
55 99999376.348942 
56 99999427.798109 
57 99999436.588567 
58 99999472.495113 
59 99999572.349717 
60 99999572.353784 
61 99999633.609582 
62 99999633.614143 
63 99999633.617405 
64 99999752.123847 
65 99999773.713436 
66 99999774.819195 
67 99999774.821497 
68 99999787.201948 
69 99999787.203337 
70 99999787.204815 
71 99999787.206913 
72 99999787.208529 
73 99999787.209614 
74 99999801.079504 
75 99999815.155375 
76 99999815.156652 
77 99999815.157713 
78 99999815.158907 
79 99999830.813206 
80 99999830.813825 
81 99999830.815089 
82 99999830.815896 
83 99999854.611574 
84 99999854.612433 
85 99999861.807254 
86 99999880.103961 
87 99999886.100639 
88 99999911.127913 
89 99999911.128512 
90 99999911.128859 
91 99999911.129359 
92 99999911.129763 
93 99999911.130182 
94 99999921.247796 
95 99999921.248273 
96 99999930.416557 
97 99999930.416698 
98 99999930.417105 
99 99999930.417345 
100 99999930.417562 
