# This file contains stats about hypervolume
1 99975625.084708 
2 99977802.222692 
3 99978047.594431 
4 99982568.121873 
5 99982568.262128 
6 99984144.845420 
7 99985698.279570 
8 99985961.156338 
9 99986588.542264 
10 99989259.572179 
11 99989259.674947 
12 99989260.030521 
13 99989260.082568 
14 99990162.855819 
15 99991291.644254 
16 99991454.103041 
17 99991454.177491 
18 99992261.344164 
19 99993552.582400 
20 99993756.695367 
21 99993927.724141 
22 99994007.754722 
23 99994007.788946 
24 99994474.618030 
25 99994500.213320 
26 99994714.292939 
27 99994978.609812 
28 99995125.581321 
29 99995419.028374 
30 99995718.112849 
31 99995995.398406 
32 99996333.493662 
33 99996333.509518 
34 99996520.111542 
35 99996590.719870 
36 99996731.057572 
37 99997150.196872 
38 99997150.332377 
39 99997202.270393 
40 99997214.249434 
41 99997422.137220 
42 99997637.814605 
43 99997637.827817 
44 99997637.837031 
45 99997714.981431 
46 99997855.850321 
47 99997953.645113 
48 99998045.803366 
49 99998164.029138 
50 99998164.039919 
51 99998288.570527 
52 99998288.581051 
53 99998288.590995 
54 99998288.598326 
55 99998413.001606 
56 99998515.388045 
57 99998536.156542 
58 99998536.166230 
59 99998630.805009 
60 99998647.039634 
61 99998716.118349 
62 99998723.861847 
63 99998901.654920 
64 99998926.076938 
65 99999036.387182 
66 99999126.671248 
67 99999189.899083 
68 99999257.096633 
69 99999257.101410 
70 99999257.105313 
71 99999398.625704 
72 99999417.149559 
73 99999417.154406 
74 99999417.157504 
75 99999446.530747 
76 99999446.534455 
77 99999446.539301 
78 99999457.669360 
79 99999478.591446 
80 99999536.009377 
81 99999536.011806 
82 99999562.140041 
83 99999567.867910 
84 99999615.095956 
85 99999629.996593 
86 99999629.998817 
87 99999702.195589 
88 99999730.646998 
89 99999730.648907 
90 99999730.651063 
91 99999750.079157 
92 99999755.817978 
93 99999755.819591 
94 99999808.795134 
95 99999820.558307 
96 99999820.559519 
97 99999820.560611 
98 99999820.561087 
99 99999821.101068 
100 99999821.102294 
101 99999821.103358 
102 99999821.104546 
103 99999822.839843 
104 99999822.840509 
105 99999831.695600 
106 99999844.492419 
107 99999846.117451 
108 99999846.118367 
109 99999846.119109 
110 99999868.271291 
111 99999868.271853 
112 99999871.247242 
113 99999871.247981 
114 99999888.764394 
115 99999888.764735 
116 99999888.765240 
117 99999888.765581 
118 99999891.436887 
119 99999892.699109 
120 99999892.699553 
121 99999896.760740 
122 99999896.760890 
123 99999896.761662 
124 99999900.853398 
125 99999903.115920 
126 99999906.685924 
127 99999911.851583 
128 99999915.409606 
129 99999930.820364 
130 99999930.820523 
131 99999932.316898 
132 99999932.317326 
133 99999932.317521 
134 99999932.317739 
135 99999939.684299 
136 99999939.684834 
137 99999939.996028 
138 99999944.354547 
139 99999944.354482 
140 99999944.354758 
141 99999948.663427 
142 99999948.663674 
143 99999948.663552 
144 99999948.664107 
145 99999948.664104 
146 99999951.186546 
147 99999951.186856 
148 99999951.187284 
149 99999952.579586 
150 99999952.579626 
151 99999952.579797 
152 99999952.579929 
153 99999952.582172 
154 99999952.582410 
155 99999952.582477 
156 99999954.093929 
157 99999954.094199 
158 99999954.094236 
159 99999956.898971 
160 99999956.899100 
161 99999965.560161 
162 99999965.560243 
163 99999965.560074 
164 99999966.056623 
165 99999966.057127 
166 99999969.331417 
167 99999970.221887 
168 99999973.750158 
169 99999973.750262 
170 99999976.549607 
171 99999976.549594 
172 99999976.549285 
173 99999976.549618 
174 99999976.549971 
175 99999976.549899 
176 99999976.549878 
177 99999976.550042 
178 99999976.550180 
179 99999977.217803 
180 99999977.217650 
181 99999977.217600 
182 99999977.217631 
183 99999977.286775 
184 99999977.286683 
185 99999977.286813 
186 99999977.287313 
187 99999977.287451 
188 99999978.314951 
189 99999978.474091 
190 99999978.474177 
191 99999979.520728 
192 99999982.642322 
193 99999982.642587 
194 99999982.642271 
195 99999982.642283 
196 99999982.642484 
197 99999982.642374 
198 99999982.642295 
199 99999982.642374 
200 99999982.642439 
