9.998960e-01 1.701022e-03
6.820141e-07 1.004158e+00
5.225535e-01 2.830303e-01
5.539298e-01 2.605614e-01
4.386619e-01 3.399716e-01
1.350459e-02 8.871084e-01
3.333890e-01 4.249183e-01
1.714237e-01 5.892420e-01
4.724664e-01 3.154842e-01
8.618213e-01 7.374382e-02
5.977377e-01 2.294754e-01
3.171625e-01 4.395596e-01
2.972363e-01 4.577473e-01
1.194764e-03 9.680804e-01
2.830035e-01 4.701944e-01
8.800213e-01 6.426235e-02
9.859056e-01 8.612251e-03
2.467251e-01 5.057584e-01
7.710977e-01 1.242477e-01
1.617971e-01 6.003853e-01
2.233835e-01 5.307109e-01
6.748742e-01 1.812180e-01
4.708103e-02 7.858145e-01
6.166234e-03 9.238303e-01
9.544013e-03 9.055878e-01
9.072423e-01 5.296090e-02
4.182081e-01 3.565704e-01
2.040138e-01 5.513957e-01
1.850543e-01 5.720922e-01
7.950804e-02 7.207716e-01
2.133896e-01 5.409916e-01
1.046232e-01 6.814160e-01
1.974489e-02 8.617581e-01
8.936208e-01 5.902448e-02
3.742751e-02 8.094554e-01
3.079470e-01 4.478754e-01
3.453636e-01 4.151346e-01
9.305761e-01 4.117161e-02
4.595953e-01 3.248215e-01
6.574842e-01 1.913105e-01
7.733178e-02 7.250002e-01
4.883079e-01 3.029958e-01
6.649892e-02 7.448781e-01
4.506098e-01 3.313242e-01
3.182181e-02 8.372053e-01
5.687386e-02 7.636319e-01
9.198098e-01 4.264248e-02
9.694130e-01 1.693953e-02
1.514056e-01 6.141080e-01
5.656591e-01 2.502459e-01
9.839670e-02 7.054710e-01
3.267511e-02 8.219876e-01
4.325958e-02 7.943690e-01
8.240830e-01 9.425242e-02
8.489612e-01 8.265412e-02
5.793510e-01 2.412205e-01
7.003759e-01 1.653049e-01
7.860789e-01 1.156899e-01
9.839670e-02 7.054710e-01
9.449717e-01 2.987937e-02
7.573676e-01 1.318527e-01
2.431419e-02 8.494778e-01
1.075123e-01 6.747760e-01
1.156397e-01 6.634608e-01
7.152931e-01 1.561338e-01
1.930310e-01 5.628992e-01
2.352772e-01 5.182355e-01
8.175749e-01 9.798645e-02
4.147093e-01 3.583026e-01
7.484711e-01 1.395208e-01
6.469364e-01 1.976041e-01
7.904864e-01 1.130988e-01
7.003759e-01 1.653049e-01
1.190094e-01 6.573547e-01
8.386850e-01 8.670020e-02
7.282472e-01 1.486197e-01
2.712493e-01 4.816658e-01
2.594493e-01 4.933549e-01
5.096869e-01 2.920702e-01
6.475993e-02 7.485437e-01
8.024857e-01 1.055894e-01
4.961530e-01 2.978768e-01
6.700701e-01 1.836021e-01
3.824832e-01 3.835644e-01
1.458370e-01 6.208906e-01
7.109102e-01 1.599337e-01
4.024531e-01 3.683316e-01
6.093333e-01 2.219412e-01
2.379699e-01 5.168400e-01
7.350945e-01 1.451596e-01
1.266893e-01 6.466571e-01
2.597196e-01 4.931001e-01
9.599547e-01 2.322519e-02
3.789746e-03 9.441543e-01
2.725855e-01 4.800580e-01
5.833879e-02 7.612380e-01
3.560109e-01 4.058276e-01
1.364555e-01 6.337104e-01
5.785129e-01 2.421608e-01
1.362690e-01 6.341258e-01
