# This file contains the data of final population
# of objectives = 2, # of constraints = 0, # of real_var = 10, # of bits of bin_var = 0, constr_violation, rank, crowding_distance
9.985645e-01	2.889002e-03	9.985645e-01	-7.189593e-04	1.021835e-03	-1.070286e-03	5.738881e-04	-4.872069e-06	8.204020e-04	5.086085e-04	-8.027894e-06	-1.230727e-03	0.000000e+00	1	1.000000e+14
1.828999e-17	1.002313e+00	1.828999e-17	1.043673e-04	1.168625e-03	-6.750783e-04	5.505276e-04	5.197628e-05	1.669296e-05	4.173756e-04	6.018521e-04	-5.012195e-04	0.000000e+00	1	1.000000e+14
3.469234e-01	4.134502e-01	3.469234e-01	-3.088268e-04	1.146550e-03	4.942247e-04	5.183045e-04	1.648498e-04	4.647430e-04	1.273558e-03	6.107109e-04	-4.840108e-04	0.000000e+00	1	2.094839e-02
3.599840e-01	4.018523e-01	3.599840e-01	-6.716931e-04	-5.398275e-04	-9.170368e-04	5.490488e-04	-8.856356e-04	3.383609e-04	5.186296e-04	3.559890e-04	-3.774914e-04	0.000000e+00	1	1.860863e-02
1.968413e-01	5.587201e-01	1.968413e-01	-4.754375e-04	-5.007499e-04	7.244374e-04	5.490405e-04	-9.154724e-04	8.220835e-04	5.246998e-04	8.240797e-04	-3.311159e-04	0.000000e+00	1	1.770479e-02
1.898943e-01	5.703872e-01	1.898943e-01	-4.979475e-04	2.298212e-03	-9.640491e-04	7.251740e-04	-1.096582e-03	9.389399e-04	4.812400e-04	1.636017e-04	-7.895092e-04	0.000000e+00	1	1.689220e-02
2.443126e-02	8.470400e-01	2.443126e-02	9.202713e-04	1.119928e-03	-8.717807e-04	5.507516e-04	3.567065e-04	4.436844e-05	4.147562e-04	6.101709e-04	-8.669507e-04	0.000000e+00	1	1.655254e-02
7.237548e-01	1.532303e-01	7.237548e-01	-6.791497e-04	2.296685e-03	-1.751445e-04	7.676468e-04	1.761568e-04	3.930991e-04	9.624982e-04	6.675780e-04	-9.002896e-04	0.000000e+00	1	1.623126e-02
4.228599e-01	3.515247e-01	4.228599e-01	-6.429841e-04	1.171937e-03	8.669884e-04	5.568686e-04	9.072812e-05	1.057145e-04	4.829802e-04	1.374312e-04	-5.053695e-04	0.000000e+00	1	1.612179e-02
1.565993e-01	6.072833e-01	1.565993e-01	-6.367100e-04	1.231866e-03	7.499183e-04	7.604032e-04	4.008442e-04	-1.042219e-04	4.831468e-04	6.828969e-05	-1.127792e-03	0.000000e+00	1	1.610590e-02
4.654812e-01	3.217628e-01	4.654812e-01	-6.429841e-04	1.171937e-03	8.669884e-04	5.568108e-04	9.072812e-05	-2.061764e-03	4.829802e-04	3.527517e-04	-5.053695e-04	0.000000e+00	1	1.591008e-02
4.920732e-01	3.006676e-01	4.920732e-01	-5.622351e-04	1.167361e-03	-9.292716e-04	5.571055e-04	8.980614e-06	1.173573e-05	4.447738e-04	7.009601e-04	-7.992472e-04	0.000000e+00	1	1.572784e-02
7.873849e-01	1.158993e-01	7.873849e-01	-6.367100e-04	2.236321e-03	-7.230303e-04	7.719178e-04	6.793955e-06	-1.046622e-04	4.476603e-04	7.006184e-05	-7.947906e-04	0.000000e+00	1	1.563499e-02
5.661734e-02	7.677146e-01	5.661734e-02	-6.837136e-04	2.295614e-03	-9.004283e-04	4.967311e-04	-6.229854e-06	4.491049e-05	4.157992e-05	1.418959e-04	-1.141984e-03	0.000000e+00	1	1.528162e-02
1.040747e-02	9.014080e-01	1.040747e-02	-6.786427e-04	1.074374e-03	-8.889390e-04	7.629204e-04	1.812334e-04	3.921042e-04	9.624982e-04	4.300355e-04	-5.291407e-04	0.000000e+00	1	1.508213e-02
4.826690e-01	3.073028e-01	4.826690e-01	-4.030770e-04	1.233085e-03	-2.265203e-04	5.536936e-04	5.087433e-04	8.087563e-05	4.974685e-04	1.148017e-04	-1.182509e-03	0.000000e+00	1	1.460104e-02
7.976997e-01	1.117815e-01	7.976997e-01	-6.494582e-04	2.440174e-03	-1.618817e-04	1.088767e-03	4.165592e-06	7.754496e-04	1.013440e-03	1.130624e-03	-8.575242e-04	0.000000e+00	1	1.452051e-02
7.463231e-03	9.169697e-01	7.463231e-03	-5.018369e-04	1.174663e-03	-8.973525e-04	4.921082e-04	4.011933e-04	6.047063e-05	5.001794e-04	1.087886e-04	-1.155769e-03	0.000000e+00	1	1.444519e-02
5.993386e-01	2.287912e-01	5.993386e-01	-5.622351e-04	1.072048e-03	-9.595978e-04	5.571055e-04	2.392847e-06	3.542672e-05	1.629361e-03	7.009601e-04	-5.117127e-04	0.000000e+00	1	1.418503e-02
1.661732e-01	5.949361e-01	1.661732e-01	-4.916996e-04	1.242855e-03	5.227445e-04	7.587708e-04	-9.116423e-04	2.303297e-04	4.939725e-04	2.718495e-04	-5.099917e-04	0.000000e+00	1	1.405470e-02
7.039770e-01	1.648354e-01	7.039770e-01	-7.045720e-04	2.298779e-03	-9.257373e-04	5.087004e-04	1.688745e-04	9.396329e-04	4.512063e-04	-2.809421e-04	-5.744939e-04	0.000000e+00	1	1.397179e-02
8.279142e-02	7.154927e-01	8.279142e-02	-1.115907e-03	1.171828e-03	-7.193125e-04	5.634941e-04	2.378212e-04	4.141675e-04	4.446123e-04	6.315711e-04	-7.000126e-04	0.000000e+00	1	1.392805e-02
5.608176e-01	2.527359e-01	5.608176e-01	4.701268e-05	1.160698e-03	4.848579e-04	5.492310e-04	4.858777e-04	8.072362e-04	5.049176e-04	1.061182e-04	-4.703728e-04	0.000000e+00	1	1.369474e-02
3.109797e-01	4.489410e-01	3.109797e-01	-4.855625e-04	2.505697e-03	-6.986185e-04	5.479925e-04	-7.516474e-05	2.296285e-04	1.889908e-03	6.137195e-04	-5.012195e-04	0.000000e+00	1	1.359556e-02
1.339474e-01	6.365370e-01	1.339474e-01	-3.741084e-04	1.131358e-03	7.321647e-04	4.811713e-04	3.783032e-04	8.229052e-04	4.874213e-04	3.263904e-04	-7.463736e-04	0.000000e+00	1	1.338392e-02
5.902042e-01	2.369756e-01	5.902042e-01	-4.456789e-04	2.339046e-03	-8.166963e-04	7.465161e-04	-1.746625e-04	5.801039e-04	-1.527208e-03	4.383032e-04	-9.634552e-04	0.000000e+00	1	1.333980e-02
4.555511e-01	3.272857e-01	4.555511e-01	-7.217989e-04	1.018198e-03	-1.940651e-04	7.693863e-04	6.357905e-05	4.122723e-04	1.234521e-03	5.904293e-04	-1.540934e-04	0.000000e+00	1	1.301432e-02
2.924528e-02	8.308442e-01	2.924528e-02	-4.931971e-04	-3.818727e-04	-2.184475e-04	5.538780e-04	4.988342e-04	8.367617e-05	4.288539e-04	1.993081e-04	-1.159768e-03	0.000000e+00	1	1.275726e-02
5.008879e-01	2.940997e-01	5.008879e-01	-6.888234e-04	1.217735e-03	-5.153967e-04	5.565852e-04	-7.442300e-07	-1.305835e-04	5.449002e-04	6.962610e-04	-5.075399e-04	0.000000e+00	1	1.271913e-02
2.639584e-01	4.896969e-01	2.639584e-01	-6.291408e-04	1.240828e-03	2.024151e-04	7.653191e-04	-9.006946e-04	8.682003e-04	7.917945e-04	-1.569045e-04	-1.057449e-03	0.000000e+00	1	1.262424e-02
6.249898e-01	2.112193e-01	6.249898e-01	-4.932169e-04	1.124736e-03	2.692076e-04	5.752059e-04	6.426993e-04	4.078509e-04	4.342875e-04	2.314125e-04	-9.965278e-04	0.000000e+00	1	1.256936e-02
4.867865e-02	7.834699e-01	4.867865e-02	-4.941176e-04	1.093384e-03	-8.972520e-04	5.570787e-04	4.919215e-06	3.571302e-05	1.759809e-03	1.713612e-04	-3.861837e-04	0.000000e+00	1	1.251626e-02
1.734232e-01	5.858462e-01	1.734232e-01	-2.998564e-04	1.194013e-03	-5.131493e-04	5.386386e-04	1.431522e-04	8.715247e-04	4.264939e-04	1.450534e-04	-7.755847e-04	0.000000e+00	1	1.250316e-02
5.832641e-01	2.393671e-01	5.832641e-01	-4.446946e-04	1.172746e-03	2.088168e-04	5.641360e-04	4.601839e-04	8.154190e-04	5.164382e-04	-1.516254e-03	-9.641273e-04	0.000000e+00	1	1.248596e-02
3.027696e-01	4.543401e-01	3.027696e-01	-6.283591e-04	1.134722e-03	-1.053446e-03	7.766128e-04	-8.688364e-05	8.744574e-04	1.170049e-03	1.535447e-04	1.560879e-03	0.000000e+00	1	1.235322e-02
2.070353e-01	5.521538e-01	2.070353e-01	-4.950667e-04	2.374260e-03	-2.299837e-04	5.378635e-04	-1.098221e-03	9.391648e-04	3.173733e-04	-1.474192e-03	-1.066968e-03	0.000000e+00	1	1.228155e-02
1.323337e-03	9.698975e-01	1.323337e-03	-4.893668e-04	2.293415e-03	-6.936877e-04	7.684707e-04	3.879630e-04	1.225323e-04	1.009207e-03	2.798306e-04	-5.014137e-04	0.000000e+00	1	1.216401e-02
3.400595e-01	4.237834e-01	3.400595e-01	-6.296045e-04	2.600463e-03	-6.748646e-04	4.921960e-04	-5.477002e-05	8.193369e-04	1.170049e-03	-1.697440e-04	1.559696e-03	0.000000e+00	1	1.207975e-02
7.758550e-01	1.211699e-01	7.758550e-01	-4.346934e-04	1.053792e-03	-2.198417e-04	7.776222e-04	2.129961e-04	9.447830e-04	3.503035e-04	5.979719e-04	-1.066968e-03	0.000000e+00	1	1.199355e-02
6.947623e-01	1.706565e-01	6.947623e-01	-1.128214e-03	2.561537e-03	-8.129297e-04	4.967958e-04	-9.162609e-06	4.059183e-05	4.746233e-04	1.106437e-04	-2.726076e-04	0.000000e+00	1	1.196999e-02
3.285219e-01	4.290961e-01	3.285219e-01	-6.296045e-04	1.019326e-03	-6.748646e-04	4.921960e-04	8.326560e-06	9.378781e-04	4.731394e-04	1.535447e-04	-8.679710e-04	0.000000e+00	1	1.194406e-02
3.213478e-01	4.358725e-01	3.213478e-01	-4.874245e-04	1.124736e-03	2.688269e-04	5.490669e-04	9.569524e-05	2.046905e-04	1.176033e-03	2.314125e-04	-1.218689e-03	0.000000e+00	1	1.192840e-02
5.583307e-01	2.583243e-01	5.583307e-01	-6.906056e-04	2.402568e-03	-7.314902e-04	7.652358e-04	3.228920e-04	9.080655e-04	1.043025e-03	-1.225322e-03	-5.331009e-04	0.000000e+00	1	1.181766e-02
3.175888e-01	4.419966e-01	3.175888e-01	-6.327033e-04	1.117698e-03	-7.321996e-04	7.603888e-04	-1.044399e-05	-2.125729e-03	-1.446161e-03	2.838004e-04	-5.541303e-04	0.000000e+00	1	1.172953e-02
2.431347e-01	5.094785e-01	2.431347e-01	-6.220820e-04	1.190376e-03	-8.487851e-04	5.434901e-04	-6.440402e-05	3.098570e-05	1.104060e-03	1.189434e-04	-4.975854e-04	0.000000e+00	1	1.169029e-02
8.065087e-01	1.060153e-01	8.065087e-01	-6.496676e-04	2.401560e-03	-1.510891e-04	7.616663e-04	3.127396e-04	9.080655e-04	1.077579e-03	4.223630e-04	-5.331009e-04	0.000000e+00	1	1.166611e-02
1.817878e-01	5.774185e-01	1.817878e-01	-4.793805e-04	1.274895e-03	-9.286104e-04	5.368861e-04	-1.259399e-05	9.311356e-04	9.225888e-04	5.926540e-04	-1.003280e-03	0.000000e+00	1	1.165594e-02
6.177688e-01	2.170572e-01	6.177688e-01	9.454684e-04	1.063232e-03	1.217954e-03	5.481416e-04	6.217946e-04	2.436284e-04	6.794245e-04	7.071371e-04	-1.055355e-03	0.000000e+00	1	1.159746e-02
2.825670e-01	4.757572e-01	2.825670e-01	-7.067434e-04	2.712494e-03	-8.156837e-04	5.468516e-04	3.161969e-04	8.223731e-04	1.163303e-03	-1.255602e-03	-2.929558e-04	0.000000e+00	1	1.148191e-02
2.862893e-01	4.672126e-01	2.862893e-01	-8.135635e-04	1.115343e-03	4.871487e-04	7.527541e-04	5.042012e-05	5.095207e-04	5.155792e-04	6.532097e-04	-5.092361e-04	0.000000e+00	1	1.140823e-02
6.437688e-01	2.001207e-01	6.437688e-01	9.555864e-04	1.171197e-03	-8.717807e-04	5.799233e-04	3.567065e-04	4.459467e-05	5.004320e-04	-8.409817e-04	-8.669507e-04	0.000000e+00	1	1.139235e-02
1.406996e-01	6.310334e-01	1.406996e-01	-3.037619e-04	2.524366e-03	-5.006074e-04	5.161264e-04	3.599499e-04	5.291713e-05	1.222268e-03	1.698177e-04	-9.528672e-04	0.000000e+00	1	1.135363e-02
1.471484e-01	6.198352e-01	1.471484e-01	-7.068333e-04	1.285496e-03	-8.042324e-04	5.156654e-04	4.044129e-04	8.507448e-04	6.977644e-04	1.654695e-04	-9.527361e-04	0.000000e+00	1	1.133832e-02
7.417263e-01	1.409996e-01	7.417263e-01	-6.621023e-04	1.079245e-03	7.344716e-04	6.020638e-04	4.326298e-05	8.197960e-04	5.119892e-04	5.968617e-05	-1.231558e-03	0.000000e+00	1	1.131054e-02
4.495281e-01	3.318095e-01	4.495281e-01	-6.898279e-04	1.018198e-03	-7.359944e-04	7.693863e-04	6.357905e-05	4.157085e-04	1.068439e-03	5.874714e-04	-1.520677e-04	0.000000e+00	1	1.118637e-02
5.484274e-01	2.639567e-01	5.484274e-01	-4.980851e-04	1.209959e-03	8.424552e-04	5.586928e-04	5.818631e-05	-2.069432e-03	4.344363e-04	-1.232142e-03	-5.781852e-04	0.000000e+00	1	1.118557e-02
7.669952e-02	7.308573e-01	7.669952e-02	-1.147960e-03	2.561176e-03	-8.129297e-04	4.967958e-04	5.526222e-04	6.184275e-05	-1.507976e-03	1.096771e-04	-2.726076e-04	0.000000e+00	1	1.114065e-02
1.610916e-01	6.015971e-01	1.610916e-01	-3.051715e-04	1.194013e-03	-4.886096e-04	5.386386e-04	1.816046e-04	8.715247e-04	1.084050e-03	2.960814e-04	-7.608973e-04	0.000000e+00	1	1.097099e-02
7.526091e-01	1.386119e-01	7.526091e-01	-1.125637e-03	2.586578e-03	6.686456e-04	5.920800e-04	-8.841720e-04	8.207755e-04	-1.469096e-03	6.830165e-05	-1.149127e-03	0.000000e+00	1	1.095590e-02
2.724117e-01	4.823930e-01	2.724117e-01	-4.753619e-04	1.015684e-03	6.762553e-04	5.611804e-04	6.851711e-05	8.227154e-04	-1.512407e-03	1.142139e-03	-1.045719e-03	0.000000e+00	1	1.094820e-02
6.618134e-03	9.264891e-01	6.618134e-03	1.021350e-04	2.440174e-03	-1.890724e-04	1.088767e-03	3.896152e-06	3.341527e-04	1.013440e-03	1.130624e-03	-8.575242e-04	0.000000e+00	1	1.086770e-02
6.501453e-02	7.476557e-01	6.501453e-02	1.254609e-04	1.069628e-03	2.735871e-04	5.818723e-04	4.534438e-04	2.080448e-04	1.364135e-03	2.267088e-04	-2.925112e-04	0.000000e+00	1	1.079817e-02
2.503509e-01	5.022796e-01	2.503509e-01	-6.430291e-04	1.165728e-03	-2.693657e-04	7.435785e-04	6.429773e-05	3.651031e-04	1.276252e-03	2.429586e-04	-4.614011e-04	0.000000e+00	1	1.076726e-02
8.002683e-02	7.227539e-01	8.002683e-02	-4.829360e-04	2.295611e-03	-7.333284e-04	5.454044e-04	9.833730e-05	8.560925e-04	5.101925e-04	2.146788e-04	-9.624788e-04	0.000000e+00	1	1.073709e-02
3.295926e-04	9.915016e-01	3.295926e-04	-4.856110e-04	2.505697e-03	-6.750783e-04	4.948613e-04	-6.921485e-05	9.525380e-04	1.889908e-03	6.137195e-04	-5.012195e-04	0.000000e+00	1	1.063528e-02
2.142108e-01	5.402752e-01	2.142108e-01	-1.050137e-03	-3.978179e-04	1.213525e-03	5.492605e-04	-8.835685e-04	9.300851e-04	5.013088e-04	1.538972e-04	-3.891413e-04	0.000000e+00	1	1.057779e-02
1.619931e-02	8.759793e-01	1.619931e-02	-4.941176e-04	1.156645e-03	-9.187080e-04	5.571055e-04	-5.290758e-06	3.571302e-05	7.283773e-04	7.009601e-04	-7.990531e-04	0.000000e+00	1	1.056646e-02
8.426818e-01	8.424885e-02	8.426818e-01	-4.346934e-04	1.156649e-03	-2.339359e-04	5.466785e-04	2.085191e-04	9.429729e-04	2.931998e-04	-1.480923e-03	-3.281096e-04	0.000000e+00	1	1.056615e-02
9.410094e-01	3.371312e-02	9.410094e-01	-1.045719e-03	2.301411e-03	7.394937e-04	5.632805e-04	1.652705e-04	9.389399e-04	5.340008e-04	8.215790e-04	-3.468674e-04	0.000000e+00	1	1.055378e-02
4.021143e-01	3.684506e-01	4.021143e-01	-7.068333e-04	1.272462e-03	2.496516e-04	5.472747e-04	4.061635e-04	8.214599e-04	6.977644e-04	2.544085e-04	-9.466086e-04	0.000000e+00	1	1.046833e-02
7.345003e-01	1.470430e-01	7.345003e-01	-6.860503e-04	2.296677e-03	-9.163081e-04	7.656960e-04	1.860423e-04	4.459467e-05	9.594494e-04	-2.792581e-04	-8.927560e-04	0.000000e+00	1	1.045075e-02
9.454340e-01	2.855531e-02	9.454340e-01	-6.517624e-04	-4.948131e-04	8.717405e-04	5.462757e-04	-5.539152e-05	2.465096e-04	4.636723e-04	2.322815e-04	-3.582798e-04	0.000000e+00	1	1.044683e-02
4.109200e-02	8.007458e-01	4.109200e-02	-4.374953e-04	1.230781e-03	4.780817e-04	7.628322e-04	3.715003e-04	8.847221e-04	9.810993e-04	4.313908e-04	-5.291747e-04	0.000000e+00	1	1.025426e-02
4.130810e-01	3.603531e-01	4.130810e-01	-6.890714e-04	1.078468e-03	7.007551e-04	7.622431e-04	2.135155e-06	-1.948489e-04	5.107162e-04	-1.378257e-03	-8.971816e-04	0.000000e+00	1	1.013990e-02
5.745529e-01	2.471868e-01	5.745529e-01	-6.463409e-04	2.486657e-03	-7.957674e-04	4.931632e-04	3.384684e-04	9.153695e-04	1.162463e-03	2.201849e-04	-8.410036e-04	0.000000e+00	1	1.011316e-02
9.324984e-01	3.670395e-02	9.324984e-01	-6.714582e-04	1.198585e-03	-9.022939e-04	7.665241e-04	-3.639668e-05	4.029979e-04	1.095446e-03	6.514022e-04	-8.351440e-04	0.000000e+00	1	1.008518e-02
1.293273e-01	6.464037e-01	1.293273e-01	-1.159446e-03	2.561537e-03	-9.191456e-04	4.769886e-04	-9.162609e-06	5.212258e-06	4.746233e-04	1.032528e-04	-2.726076e-04	0.000000e+00	1	1.006770e-02
3.771701e-02	8.099710e-01	3.771701e-02	-4.941176e-04	1.093384e-03	-9.222407e-04	5.380597e-04	4.919215e-06	3.571302e-05	1.759809e-03	1.713612e-04	-3.843207e-04	0.000000e+00	1	1.004083e-02
6.064802e-01	2.249119e-01	6.064802e-01	9.361703e-04	1.063232e-03	1.217954e-03	5.570326e-04	6.217946e-04	4.451133e-04	9.632010e-04	9.214619e-05	1.514950e-03	0.000000e+00	1	1.003760e-02
8.918634e-01	5.823373e-02	8.918634e-01	-1.028310e-03	1.194013e-03	-9.277204e-04	5.386386e-04	1.329377e-04	8.715247e-04	1.077688e-03	3.030603e-04	-7.779436e-04	0.000000e+00	1	9.949077e-03
2.367129e-01	5.167562e-01	2.367129e-01	-1.050137e-03	-4.803694e-04	-8.139701e-04	5.492605e-04	-9.400624e-04	9.488352e-04	7.257541e-04	5.292821e-04	-7.777646e-04	0.000000e+00	1	9.943035e-03
1.241557e-02	8.917795e-01	1.241557e-02	-5.014150e-04	1.093384e-03	-9.222407e-04	5.389206e-04	4.247501e-04	9.704826e-06	1.168049e-03	-1.042772e-04	-3.860360e-04	0.000000e+00	1	9.865998e-03
1.059704e-01	6.768690e-01	1.059704e-01	-4.842967e-04	1.127967e-03	-8.702017e-04	5.478125e-04	1.105680e-06	7.992033e-04	4.130154e-04	1.192022e-04	-4.875208e-04	0.000000e+00	1	9.846960e-03
1.382258e-02	8.851054e-01	1.382258e-02	9.776628e-05	1.152602e-03	2.465248e-04	5.756435e-04	5.820125e-05	8.106053e-04	4.586998e-04	6.802605e-04	-7.285988e-04	0.000000e+00	1	9.799195e-03
5.443228e-01	2.666627e-01	5.443228e-01	-4.980851e-04	1.209959e-03	-7.408499e-04	5.586928e-04	5.818631e-05	-2.069432e-03	4.344363e-04	-1.232142e-03	-5.781852e-04	0.000000e+00	1	9.690020e-03
5.106600e-01	2.875600e-01	5.106600e-01	1.276328e-04	1.152479e-03	-1.406244e-04	7.629204e-04	2.768406e-04	8.648818e-04	5.069224e-04	6.629346e-04	-8.895121e-04	0.000000e+00	1	9.637479e-03
1.018782e-01	6.873247e-01	1.018782e-01	-4.701785e-04	2.587805e-03	5.846222e-04	5.059674e-04	1.800117e-04	4.752014e-04	5.025440e-04	5.939537e-04	-1.189050e-03	0.000000e+00	1	9.624021e-03
6.142999e-02	7.556237e-01	6.142999e-02	-6.859972e-04	1.118751e-03	-8.228945e-04	4.959549e-04	-1.087820e-05	9.496268e-04	4.948637e-04	-2.792581e-04	-1.070404e-03	0.000000e+00	1	9.607158e-03
4.313222e-01	3.463850e-01	4.313222e-01	-6.328873e-04	1.270090e-03	-9.247543e-04	5.497115e-04	4.572881e-04	8.530009e-04	6.686565e-04	-1.762286e-04	-1.147780e-03	0.000000e+00	1	9.590219e-03
6.119344e-01	2.213342e-01	6.119344e-01	-6.891334e-04	2.406144e-03	-2.579246e-04	5.848641e-04	5.246695e-04	2.399786e-04	6.195921e-04	8.972599e-06	-2.743611e-04	0.000000e+00	1	9.582027e-03
9.169821e-01	4.551326e-02	9.169821e-01	-7.054266e-04	2.299702e-03	2.642621e-04	5.569976e-04	2.406915e-04	9.456751e-04	3.478228e-04	2.331186e-04	-4.816626e-04	0.000000e+00	1	9.565895e-03
2.289692e-01	5.241213e-01	2.289692e-01	-7.201013e-04	1.150871e-03	6.111432e-04	5.059627e-04	-5.908998e-06	4.713355e-04	4.951926e-04	-6.706682e-05	-1.193777e-03	0.000000e+00	1	9.556641e-03
2.583723e-01	4.935755e-01	2.583723e-01	-4.334881e-04	1.129089e-03	1.647842e-04	5.445461e-04	4.051493e-04	9.824323e-05	9.743957e-04	1.421729e-04	-5.057582e-04	0.000000e+00	1	9.556061e-03
2.083267e-01	5.456663e-01	2.083267e-01	-4.783971e-04	1.190902e-03	-8.316492e-04	4.685885e-04	-9.162609e-06	3.378885e-04	5.183986e-04	5.732649e-04	-4.027366e-04	0.000000e+00	1	9.535610e-03
2.172096e-02	8.563995e-01	2.172096e-02	-4.872458e-04	1.227955e-03	-9.415455e-04	7.587708e-04	-9.116423e-04	4.639679e-04	4.955689e-04	6.336800e-04	-5.099917e-04	0.000000e+00	1	9.475010e-03
3.882626e-01	3.803923e-01	3.882626e-01	7.396534e-05	1.160675e-03	-1.219716e-03	5.504441e-04	5.206595e-05	3.579520e-05	1.739443e-03	1.120595e-04	-4.905903e-04	0.000000e+00	1	9.438546e-03
2.973383e-01	4.599801e-01	2.973383e-01	-6.036144e-04	1.209959e-03	8.259810e-04	5.586928e-04	5.818631e-05	-2.069432e-03	4.344363e-04	-1.234002e-03	-5.781852e-04	0.000000e+00	1	9.422321e-03
8.207590e-01	9.655441e-02	8.207590e-01	-8.090649e-04	1.227955e-03	4.747852e-04	7.587708e-04	4.600014e-04	8.825411e-04	1.166540e-03	6.336800e-04	-2.941638e-04	0.000000e+00	1	9.421477e-03
9.735824e-01	1.549781e-02	9.735824e-01	-4.412429e-04	1.064379e-03	-8.138616e-04	5.059400e-04	6.565310e-05	4.601002e-04	1.434301e-03	1.974524e-04	-9.644860e-04	0.000000e+00	1	9.414712e-03
9.030427e-02	7.052002e-01	9.030427e-02	-6.860503e-04	2.329731e-03	-7.649230e-04	4.959549e-04	-5.957956e-06	4.459467e-05	5.418404e-04	-2.792581e-04	-1.178977e-03	0.000000e+00	1	9.359161e-03
2.166306e-03	9.567212e-01	2.166306e-03	1.114002e-04	1.227955e-03	5.194368e-04	7.587708e-04	3.450607e-04	8.847221e-04	5.325077e-04	6.332406e-04	-5.252616e-04	0.000000e+00	1	9.348754e-03
4.742449e-01	3.141938e-01	4.742449e-01	-6.495677e-04	1.074623e-03	7.809698e-04	6.017015e-04	1.834928e-04	7.962943e-04	4.828347e-04	-1.326878e-03	-5.305696e-04	0.000000e+00	1	9.267716e-03
3.686448e-01	3.979944e-01	3.686448e-01	-4.900266e-04	2.499801e-03	2.755370e-04	5.805369e-04	4.564053e-04	8.207916e-04	1.217860e-03	2.293035e-04	-1.937688e-04	0.000000e+00	1	9.266570e-03
7.270995e-02	7.376992e-01	7.270995e-02	-6.841164e-04	2.526671e-03	5.320588e-04	5.582533e-04	4.269629e-04	8.226044e-04	1.223135e-03	1.698177e-04	-9.528672e-04	0.000000e+00	1	9.237888e-03
1.246053e-01	6.541353e-01	1.246053e-01	-4.287462e-04	2.445160e-03	-9.150375e-04	8.083895e-04	5.566640e-04	9.136842e-04	1.009428e-03	9.783372e-04	-4.160759e-04	0.000000e+00	1	9.229515e-03
2.922161e-01	4.626113e-01	2.922161e-01	9.978000e-05	1.169035e-03	-6.750783e-04	5.505276e-04	5.197628e-05	9.272741e-04	4.173756e-04	1.520705e-04	1.522301e-03	0.000000e+00	1	9.150781e-03
8.693792e-01	7.121359e-02	8.693792e-01	-4.817843e-04	2.218996e-03	-2.016711e-04	5.203061e-04	2.321943e-04	4.194470e-04	9.928288e-04	1.011837e-03	-9.251675e-04	0.000000e+00	1	9.067784e-03
6.877725e-01	1.725431e-01	6.877725e-01	1.089333e-04	1.335058e-03	-6.699600e-04	5.356387e-04	-7.867684e-04	1.560912e-05	5.065592e-04	6.007379e-04	-5.082484e-04	0.000000e+00	1	9.055086e-03
6.651647e-01	1.883180e-01	6.651647e-01	-7.028892e-04	2.561537e-03	-8.129297e-04	4.967958e-04	-9.162609e-06	4.059183e-05	5.086768e-04	1.106437e-04	-2.703221e-04	0.000000e+00	1	8.965522e-03
3.807980e-01	3.868232e-01	3.807980e-01	-5.260401e-04	1.129074e-03	-1.187545e-03	5.498491e-04	4.852744e-04	8.762238e-04	1.393835e-03	2.485839e-04	-9.376121e-04	0.000000e+00	1	8.925455e-03
6.350913e-01	2.068303e-01	6.350913e-01	-3.172011e-04	2.487739e-03	-2.568513e-04	5.361979e-04	5.244851e-04	2.399786e-04	6.195921e-04	8.972599e-06	-7.292197e-04	0.000000e+00	1	8.922424e-03
6.723707e-01	1.826282e-01	6.723707e-01	-4.896412e-04	1.194623e-03	3.936095e-04	6.002591e-04	1.767814e-04	5.625866e-04	5.601201e-04	-1.344213e-03	-9.703113e-04	0.000000e+00	1	8.854258e-03
6.921660e-02	7.418331e-01	6.921660e-02	-6.821317e-04	2.295614e-03	-8.228945e-04	4.959549e-04	8.814914e-05	4.459467e-05	5.463376e-04	-2.792581e-04	-3.543616e-04	0.000000e+00	1	8.834350e-03
5.180579e-01	2.819873e-01	5.180579e-01	-6.913888e-04	1.129089e-03	1.647842e-04	5.811984e-04	5.311303e-04	9.824323e-05	9.743957e-04	1.421729e-04	-2.774683e-04	0.000000e+00	1	8.770602e-03
8.122724e-01	1.030479e-01	8.122724e-01	-4.979475e-04	2.289663e-03	-9.640491e-04	7.313517e-04	-1.096582e-03	9.317340e-04	4.808912e-04	1.641717e-04	-7.895092e-04	0.000000e+00	1	8.743711e-03
4.066933e-01	3.643987e-01	4.066933e-01	-4.351175e-04	1.280140e-03	7.415723e-04	5.504441e-04	5.206595e-05	8.076704e-04	5.944879e-04	1.120595e-04	-4.905903e-04	0.000000e+00	1	8.715662e-03
3.514646e-02	8.201821e-01	3.514646e-02	-4.023781e-04	2.925135e-03	-6.750783e-04	5.514872e-04	-1.655588e-04	5.563974e-04	4.247515e-04	6.615251e-04	-5.012195e-04	0.000000e+00	1	8.704717e-03
2.202903e-01	5.364969e-01	2.202903e-01	-4.716677e-04	2.562015e-03	6.109622e-04	5.059627e-04	4.681686e-04	4.713355e-04	4.770640e-04	3.877635e-04	-1.193777e-03	0.000000e+00	1	8.682729e-03
3.748327e-01	3.910394e-01	3.748327e-01	-6.327033e-04	1.070247e-03	5.980499e-04	7.603888e-04	-8.850224e-04	4.730168e-04	-1.446161e-03	2.838004e-04	-5.541303e-04	0.000000e+00	1	8.674276e-03
9.879571e-01	8.667404e-03	9.879571e-01	1.194421e-05	1.231677e-03	-6.531307e-04	7.604032e-04	4.008442e-04	9.057695e-04	1.349230e-03	6.332693e-05	-1.127792e-03	0.000000e+00	1	8.665159e-03
9.788791e-02	6.939919e-01	9.788791e-02	-1.005700e-03	2.375322e-03	-2.308362e-04	7.729895e-04	-1.052965e-03	3.682532e-04	1.225293e-03	1.547671e-04	-4.611145e-04	0.000000e+00	1	8.603053e-03
8.391586e-01	8.607913e-02	8.391586e-01	-1.055279e-03	1.167773e-03	-9.292716e-04	5.571055e-04	8.980614e-06	1.335073e-05	4.447738e-04	7.009601e-04	-7.990683e-04	0.000000e+00	1	8.580704e-03
8.294030e-01	9.261984e-02	8.294030e-01	-6.799833e-04	2.416605e-03	-6.881987e-04	3.204337e-04	-2.117934e-05	5.916564e-04	5.202418e-04	2.811418e-04	-3.978967e-04	0.000000e+00	1	8.552818e-03
9.823084e-01	1.098146e-02	9.823084e-01	-4.472562e-04	1.064379e-03	-8.138616e-04	5.059400e-04	6.565310e-05	8.393476e-04	1.153651e-03	-1.726784e-04	-9.644860e-04	0.000000e+00	1	8.552053e-03
1.437434e-01	6.236473e-01	1.437434e-01	-3.767218e-04	1.099612e-03	-2.060659e-04	7.589458e-04	-3.795490e-05	5.373552e-04	1.171347e-03	6.644591e-04	-5.182441e-04	0.000000e+00	1	8.504843e-03
9.026731e-01	5.496836e-02	9.026731e-01	-4.861420e-04	1.225039e-03	-2.777986e-03	7.590307e-04	2.516200e-04	9.194404e-04	9.789665e-04	1.343615e-04	-5.000873e-04	0.000000e+00	1	8.488306e-03
8.524878e-01	7.829960e-02	8.524878e-01	-4.839048e-04	1.122910e-03	-2.017493e-04	5.382519e-04	2.129961e-04	8.120461e-04	2.931998e-04	7.001054e-05	-1.068238e-03	0.000000e+00	1	8.466593e-03
8.878374e-01	6.000658e-02	8.878374e-01	-6.201111e-04	1.070046e-03	2.745322e-04	7.765060e-04	4.384797e-04	2.040781e-04	1.366122e-03	2.364691e-04	-1.015381e-03	0.000000e+00	1	8.441625e-03
3.336653e-01	4.243262e-01	3.336653e-01	-6.610008e-04	1.019326e-03	-6.685153e-04	4.898758e-04	8.326560e-06	9.023895e-04	5.841277e-04	1.535447e-04	-3.874010e-04	0.000000e+00	1	8.434994e-03
9.634976e-01	2.009965e-02	9.634976e-01	-6.786427e-04	1.074374e-03	-6.962657e-04	7.629204e-04	1.812334e-04	2.471626e-04	9.624982e-04	4.300355e-04	-5.291407e-04	0.000000e+00	1	8.423514e-03
2.749449e-01	4.788090e-01	2.749449e-01	-6.602917e-04	1.159296e-03	5.463162e-04	7.588578e-04	4.649371e-04	8.847221e-04	4.813128e-04	6.484898e-04	-1.054280e-03	0.000000e+00	1	8.404758e-03
1.778732e-01	5.816542e-01	1.778732e-01	-6.916436e-04	1.176712e-03	-9.286104e-04	5.352304e-04	-1.259399e-05	9.180647e-04	4.934630e-04	5.920711e-04	-1.003280e-03	0.000000e+00	1	8.404558e-03
4.428091e-01	3.368926e-01	4.428091e-01	-6.857185e-04	1.216624e-03	-5.132474e-04	7.631812e-04	3.618184e-04	-1.634128e-05	5.008013e-04	1.482729e-04	-1.103488e-03	0.000000e+00	1	8.384749e-03
2.546509e-01	4.994824e-01	2.546509e-01	-1.034925e-03	-5.045040e-04	1.578068e-03	5.633516e-04	1.615078e-04	9.389399e-04	9.986615e-04	8.215790e-04	-4.898722e-04	0.000000e+00	1	8.371061e-03
1.186989e-01	6.598476e-01	1.186989e-01	-5.288902e-04	1.080772e-03	2.343705e-04	5.565437e-04	-8.646194e-05	9.447830e-04	1.347482e-03	1.402802e-04	1.461292e-03	0.000000e+00	1	8.290488e-03
3.193708e-02	8.290525e-01	3.193708e-02	-6.370227e-04	2.491539e-03	8.722888e-04	7.704536e-04	4.671762e-04	9.151905e-04	1.193184e-03	2.835053e-04	-5.019534e-04	0.000000e+00	1	8.288982e-03
9.952300e-01	6.593845e-03	9.952300e-01	-8.108439e-04	2.649813e-03	-7.406285e-04	5.546894e-04	-1.281015e-03	2.262587e-05	4.948637e-04	1.056762e-04	-4.013605e-04	0.000000e+00	1	8.202171e-03
3.360487e-03	9.455634e-01	3.360487e-03	-4.897254e-04	1.293713e-03	-1.682644e-04	4.812833e-04	4.235832e-04	8.151570e-04	1.171949e-03	-1.185890e-04	-4.444563e-04	0.000000e+00	1	8.178990e-03
5.073795e-01	2.905635e-01	5.073795e-01	1.179423e-04	1.160502e-03	-7.927360e-04	7.713620e-04	4.661237e-04	8.748643e-04	4.832994e-04	1.316852e-03	-3.148872e-04	0.000000e+00	1	8.164871e-03
8.313947e-01	9.010351e-02	8.313947e-01	-6.435535e-04	1.080884e-03	-7.233710e-04	5.800044e-04	4.769689e-05	7.750910e-04	5.336712e-04	-8.409817e-04	-6.360106e-04	0.000000e+00	1	8.157055e-03
1.133097e-01	6.705075e-01	1.133097e-01	-4.896412e-04	2.623642e-03	3.626365e-04	5.045416e-04	1.767814e-04	4.753335e-04	5.601201e-04	-1.344213e-03	-9.703113e-04	0.000000e+00	1	8.031483e-03
7.115871e-01	1.595682e-01	7.115871e-01	-6.430291e-04	1.094758e-03	3.596917e-04	7.435785e-04	6.429773e-05	4.639679e-04	1.243686e-03	4.103529e-04	1.612319e-03	0.000000e+00	1	7.953672e-03
9.249720e-01	4.361426e-02	9.249720e-01	-4.905076e-04	2.519181e-03	-1.982395e-04	5.986845e-04	4.014955e-04	9.447812e-04	4.606554e-04	-1.655361e-03	1.435568e-03	0.000000e+00	1	7.849207e-03
5.746123e-01	2.463278e-01	5.746123e-01	-4.943380e-04	2.374452e-03	-7.785047e-04	4.948646e-04	9.177069e-06	1.023860e-03	4.528410e-04	4.203027e-04	-8.413150e-04	0.000000e+00	1	7.814486e-03
7.131283e-01	1.580964e-01	7.131283e-01	-6.921313e-04	1.135401e-03	-1.051793e-03	7.708287e-04	-9.359624e-05	3.217885e-05	1.201848e-03	6.089375e-04	-5.647429e-04	0.000000e+00	1	7.755309e-03
6.561814e-01	1.923011e-01	6.561814e-01	1.258392e-04	1.079129e-03	2.758451e-04	6.017015e-04	4.326298e-05	8.212816e-04	5.119892e-04	-1.275052e-03	-9.016460e-04	0.000000e+00	1	7.687410e-03
4.750561e-01	3.128211e-01	4.750561e-01	-4.358354e-04	1.051044e-03	-2.262621e-04	5.536936e-04	5.247195e-04	8.087563e-05	4.974685e-04	6.343407e-04	-1.182509e-03	0.000000e+00	1	7.665604e-03
8.732279e-01	6.781909e-02	8.732279e-01	-4.384702e-04	1.245878e-03	-2.013811e-04	5.202116e-04	-5.023829e-05	9.129470e-04	1.123043e-03	2.682046e-04	-1.094119e-03	0.000000e+00	1	7.663080e-03
7.732802e-01	1.257557e-01	7.732802e-01	-4.455653e-04	2.580919e-03	-6.820813e-04	7.711008e-04	4.590112e-04	2.031124e-04	-1.467417e-03	2.322630e-04	-1.076137e-03	0.000000e+00	1	7.530809e-03
8.161919e-01	9.822941e-02	8.161919e-01	-4.911322e-04	1.084943e-03	5.582830e-04	5.496116e-04	4.017261e-04	2.842205e-04	4.490105e-04	5.957740e-04	-1.001477e-03	0.000000e+00	1	7.498002e-03
4.418334e-01	3.408681e-01	4.418334e-01	-6.860592e-04	1.229155e-03	1.744590e-03	5.604391e-04	2.135155e-06	1.657331e-03	5.140993e-04	1.028992e-04	1.479320e-03	0.000000e+00	1	7.453868e-03
1.042921e-01	6.811647e-01	1.042921e-01	-4.808897e-04	1.030933e-03	-8.866373e-04	7.658377e-04	1.947348e-04	3.981168e-04	-1.534894e-03	1.240481e-04	-9.800049e-04	0.000000e+00	1	7.279925e-03
9.100584e-01	4.882047e-02	9.100584e-01	-4.971793e-04	1.070046e-03	2.745322e-04	5.607418e-04	4.384797e-04	-2.041402e-03	4.284262e-04	2.364691e-04	-5.994984e-04	0.000000e+00	1	7.279893e-03
1.822819e-02	8.683941e-01	1.822819e-02	-5.013533e-04	1.293713e-03	-1.682644e-04	4.812833e-04	4.235832e-04	8.147710e-04	1.174708e-03	-1.185890e-04	-4.444563e-04	0.000000e+00	1	7.265197e-03
6.340598e-01	2.082380e-01	6.340598e-01	-3.021047e-04	2.487928e-03	-8.127512e-04	5.338294e-04	4.939154e-04	7.348784e-04	9.124815e-04	2.549746e-04	-7.570665e-04	0.000000e+00	1	7.253755e-03
9.277350e-01	4.058606e-02	9.277350e-01	-6.714279e-04	2.229061e-03	-8.991123e-04	7.665239e-04	1.761568e-04	3.930991e-04	9.643859e-04	6.675780e-04	-9.065491e-04	0.000000e+00	1	7.225762e-03
9.490786e-02	6.975445e-01	9.490786e-02	-6.403127e-04	1.158001e-03	-3.577670e-04	7.593294e-04	3.293338e-04	2.117746e-04	2.017104e-03	6.574408e-04	-1.133479e-03	0.000000e+00	1	7.209928e-03
8.811468e-01	6.438138e-02	8.811468e-01	-6.904217e-04	2.299702e-03	1.375876e-04	5.569976e-04	2.404343e-04	8.207777e-04	4.815177e-04	2.360798e-04	-4.568506e-04	0.000000e+00	1	7.185990e-03
9.552297e-01	2.706401e-02	9.552297e-01	-6.752166e-04	2.264336e-03	4.690828e-04	5.487086e-04	-1.496872e-03	8.506675e-04	6.966788e-04	6.484588e-04	-9.716932e-04	0.000000e+00	1	7.026628e-03
3.873918e-01	3.857686e-01	3.873918e-01	-5.260401e-04	3.002171e-03	-1.187545e-03	5.364967e-04	5.375454e-05	9.411783e-04	1.393835e-03	5.463495e-04	-9.376121e-04	0.000000e+00	1	6.954997e-03
6.821905e-01	1.761736e-01	6.821905e-01	-4.346934e-04	1.123059e-03	-2.299837e-04	5.378635e-04	2.129961e-04	9.447830e-04	2.931998e-04	2.287783e-04	1.304053e-03	0.000000e+00	1	6.937166e-03
2.239141e-01	5.326314e-01	2.239141e-01	-6.752166e-04	1.166465e-03	-1.051793e-03	7.528113e-04	4.344809e-04	8.676871e-04	1.791595e-03	6.461359e-04	-1.261372e-03	0.000000e+00	1	6.877089e-03
1.133097e-01	6.705075e-01	1.133097e-01	-4.896412e-04	2.623642e-03	3.626365e-04	5.045416e-04	1.767814e-04	4.753335e-04	5.601201e-04	-1.344213e-03	-9.703113e-04	0.000000e+00	1	6.857491e-03
2.397257e-01	5.150124e-01	2.397257e-01	-4.334881e-04	2.361019e-03	1.647842e-04	7.530822e-04	4.006866e-04	9.824323e-05	9.743957e-04	1.421729e-04	-5.057582e-04	0.000000e+00	1	6.856453e-03
5.059306e-03	9.362866e-01	5.059306e-03	-4.979429e-04	2.503705e-03	-5.293515e-04	4.938536e-04	-6.926451e-05	1.809022e-04	1.274186e-03	6.137195e-04	-8.045715e-04	0.000000e+00	1	6.840120e-03
3.959041e-01	3.754221e-01	3.959041e-01	-4.602969e-04	2.519346e-03	-2.482302e-04	5.858502e-04	-2.818292e-06	8.825602e-04	4.140242e-04	1.111832e-04	-7.838349e-04	0.000000e+00	1	6.761672e-03
8.625023e-01	7.520939e-02	8.625023e-01	-4.839048e-04	2.590680e-03	-1.874327e-04	5.382519e-04	2.135068e-04	8.295527e-04	2.931998e-04	1.009227e-04	-1.068238e-03	0.000000e+00	1	6.716534e-03
7.557027e-01	1.330890e-01	7.557027e-01	-1.052585e-03	1.167808e-03	-9.324772e-04	5.571055e-04	2.304066e-04	1.344258e-05	7.283773e-04	7.021090e-04	-7.990531e-04	0.000000e+00	1	6.673662e-03
5.268985e-01	2.787669e-01	5.268985e-01	-4.731238e-04	2.305151e-03	6.914615e-04	5.005383e-04	-6.357120e-05	-3.254070e-06	1.057111e-03	-1.252577e-03	-5.064124e-04	0.000000e+00	1	6.648232e-03
7.356801e-01	1.442764e-01	7.356801e-01	1.179423e-04	1.156642e-03	9.475027e-04	7.754768e-04	-1.569856e-05	8.748643e-04	4.571574e-04	7.044645e-04	-3.039122e-04	0.000000e+00	1	6.641576e-03
9.761741e-01	1.396849e-02	9.761741e-01	-1.125463e-03	1.171828e-03	-8.245620e-04	5.634941e-04	2.401510e-04	4.141675e-04	4.437698e-04	6.315711e-04	-7.014618e-04	0.000000e+00	1	6.628774e-03
3.960621e-01	3.746829e-01	3.960621e-01	-4.646577e-04	1.229155e-03	-8.446943e-05	5.604391e-04	3.412865e-06	1.657331e-03	5.140993e-04	1.049001e-04	1.529817e-03	0.000000e+00	1	6.597283e-03
3.716639e-01	3.950198e-01	3.716639e-01	-6.490422e-04	1.170388e-03	2.740200e-04	7.534374e-04	4.384797e-04	-1.914505e-03	1.392881e-03	2.300284e-04	-4.390988e-04	0.000000e+00	1	6.577944e-03
9.558142e-01	2.489930e-02	9.558142e-01	-4.327595e-04	1.075603e-03	-8.006271e-04	7.676841e-04	-1.168274e-03	2.368970e-04	1.429796e-03	4.834078e-04	-2.144617e-04	0.000000e+00	1	6.552452e-03
4.507486e-02	7.927914e-01	4.507486e-02	-4.428836e-04	1.125470e-03	7.974541e-04	7.497903e-04	1.813700e-04	5.501382e-04	1.783253e-03	3.568792e-04	-9.549927e-04	0.000000e+00	1	6.529286e-03
6.610039e-01	1.891723e-01	6.610039e-01	-4.701785e-04	1.158786e-03	6.155951e-04	6.016848e-04	1.800117e-04	5.624545e-04	5.025440e-04	5.939537e-04	-1.189050e-03	0.000000e+00	1	6.490814e-03
4.760893e-02	7.837166e-01	4.760893e-02	-4.334881e-04	9.736434e-04	1.814330e-04	5.561611e-04	1.745316e-05	9.824323e-05	9.743957e-04	1.421729e-04	-5.057582e-04	0.000000e+00	1	6.467913e-03
6.519436e-01	1.954701e-01	6.519436e-01	-4.938195e-04	1.194627e-03	-5.196523e-04	6.002591e-04	1.781701e-04	8.673860e-04	5.601201e-04	-1.344213e-03	-9.703113e-04	0.000000e+00	1	6.436642e-03
6.493554e-01	1.983350e-01	6.493554e-01	-3.021047e-04	2.504917e-03	3.722241e-04	5.338294e-04	6.939877e-05	7.348784e-04	9.124815e-04	2.549746e-04	-7.570665e-04	0.000000e+00	1	6.419911e-03
3.543559e-02	8.151546e-01	3.543559e-02	-3.100620e-04	1.146390e-03	-9.541981e-04	5.186887e-04	1.659456e-04	3.251740e-05	1.290746e-03	5.569042e-04	-3.870307e-04	0.000000e+00	1	6.395594e-03
7.594364e-01	1.321055e-01	7.594364e-01	-6.363532e-04	1.135422e-03	-1.140799e-03	5.534654e-04	5.976210e-05	7.936911e-04	1.298336e-03	6.181772e-04	1.404359e-03	0.000000e+00	1	6.315739e-03
9.626804e-01	2.142371e-02	9.626804e-01	-6.752166e-04	1.082294e-03	-1.070286e-03	5.750602e-04	4.118307e-04	8.498972e-04	6.966788e-04	6.474134e-04	-1.230727e-03	0.000000e+00	1	6.248410e-03
6.612414e-04	9.795289e-01	6.612414e-04	1.121276e-04	1.160502e-03	-8.720322e-04	7.793361e-04	-5.452584e-05	8.704875e-04	1.219293e-03	1.291010e-03	-2.788007e-04	0.000000e+00	1	6.244545e-03
1.268103e-01	6.495175e-01	1.268103e-01	-6.756061e-04	2.562118e-03	-7.406285e-04	8.090361e-04	-9.240235e-06	2.262587e-05	5.020811e-04	1.056762e-04	-4.013605e-04	0.000000e+00	1	6.232442e-03
5.304004e-01	2.764974e-01	5.304004e-01	-4.726276e-04	2.524366e-03	7.555610e-04	5.156817e-04	-6.882605e-05	5.291713e-05	1.058126e-03	1.951358e-04	-9.528672e-04	0.000000e+00	1	6.230150e-03
2.521057e-03	9.524095e-01	2.521057e-03	-4.334881e-04	1.033412e-03	1.647842e-04	7.575302e-04	4.006866e-04	9.824323e-05	8.182051e-04	6.641342e-04	-5.111395e-04	0.000000e+00	1	6.180076e-03
7.635137e-01	1.282824e-01	7.635137e-01	-5.666852e-04	1.167361e-03	-9.292716e-04	5.571055e-04	8.980614e-06	1.173573e-05	4.311766e-04	7.009601e-04	-1.059637e-03	0.000000e+00	1	6.161228e-03
4.987818e-04	9.815541e-01	4.987818e-04	1.121276e-04	1.160502e-03	-7.927360e-04	4.949048e-04	-2.730834e-05	8.704875e-04	4.832994e-04	1.291010e-03	-2.853820e-04	0.000000e+00	1	6.155869e-03
7.661543e-01	1.265138e-01	7.661543e-01	-7.050234e-04	1.217231e-03	-6.478876e-04	5.181395e-04	6.152898e-05	7.872280e-04	4.229579e-04	6.018521e-04	-5.012195e-04	0.000000e+00	1	6.154355e-03
5.224968e-01	2.818758e-01	5.224968e-01	-4.471967e-04	2.467368e-03	-1.640408e-04	6.002971e-04	3.959050e-04	8.916052e-04	4.930072e-04	2.584238e-04	-1.180729e-03	0.000000e+00	1	6.037761e-03
8.613041e-01	7.655687e-02	8.613041e-01	-7.067434e-04	2.690656e-03	-8.156837e-04	5.379464e-04	2.112026e-04	8.331135e-04	1.163303e-03	-1.269759e-04	-2.929558e-04	0.000000e+00	1	5.980239e-03
6.754384e-01	1.809022e-01	6.754384e-01	-4.031235e-04	1.234241e-03	3.936095e-04	6.002591e-04	4.830533e-04	5.568383e-04	5.601201e-04	-1.383884e-03	-9.658571e-04	0.000000e+00	1	5.820225e-03
6.799161e-01	1.785463e-01	6.799161e-01	-6.921313e-04	1.135401e-03	-1.051793e-03	7.708287e-04	-9.359624e-05	3.767042e-05	1.201848e-03	1.977518e-04	1.318749e-03	0.000000e+00	1	5.746577e-03
9.093579e-02	7.014454e-01	9.093579e-02	-4.869020e-04	1.127967e-03	-8.702017e-04	7.616645e-04	1.105680e-06	7.992033e-04	4.130154e-04	1.192022e-04	-8.938950e-04	0.000000e+00	1	5.686995e-03
8.802670e-01	6.679335e-02	8.802670e-01	-8.218501e-04	2.634584e-03	-6.649330e-04	5.482140e-04	3.619384e-04	8.117871e-04	1.313345e-03	-9.950865e-06	-1.029451e-03	0.000000e+00	1	5.684973e-03
5.347036e-01	2.741256e-01	5.347036e-01	-6.463409e-04	2.491539e-03	8.722888e-04	7.704416e-04	3.374068e-04	9.153695e-04	1.201112e-03	2.201849e-04	-5.019534e-04	0.000000e+00	1	5.610399e-03
1.186989e-01	6.598476e-01	1.186989e-01	-5.288902e-04	1.080772e-03	2.343705e-04	5.565437e-04	-8.646194e-05	9.447830e-04	1.347482e-03	1.402802e-04	1.461292e-03	0.000000e+00	1	5.556199e-03
4.280072e-03	9.378214e-01	4.280072e-03	-6.104419e-04	1.014812e-03	-3.520591e-04	5.495596e-04	1.930549e-04	2.130333e-04	8.193892e-04	6.574408e-04	-1.107676e-03	0.000000e+00	1	5.491691e-03
9.026731e-01	5.496836e-02	9.026731e-01	-4.861420e-04	1.225039e-03	-2.777986e-03	7.590307e-04	2.516200e-04	9.194404e-04	9.789665e-04	1.343615e-04	-5.000873e-04	0.000000e+00	1	5.331608e-03
2.072662e-02	8.622713e-01	2.072662e-02	-1.159446e-03	2.561537e-03	2.275501e-04	4.795899e-04	5.883080e-05	4.223794e-05	4.746233e-04	1.032528e-04	-2.726076e-04	0.000000e+00	1	5.295179e-03
