# This file contains stats about hypervolume
1 99244178.246730 
2 99244201.944497 
3 99305371.406413 
4 99379818.134249 
5 99515687.946260 
6 99616697.890962 
7 99730098.851991 
8 99730105.547479 
9 99730105.764626 
10 99730105.784498 
11 99740069.264415 
12 99740069.314513 
13 99756290.056600 
14 99756434.554045 
15 99768510.574996 
16 99823244.525831 
17 99823245.600975 
18 99828269.978946 
19 99848087.449322 
20 99848087.761696 
21 99848088.007299 
22 99848088.691078 
23 99848089.450611 
24 99860978.872173 
25 99892341.113893 
26 99910939.952166 
27 99910939.955674 
28 99914134.900425 
29 99914134.918055 
30 99914134.918068 
31 99914134.923536 
32 99914134.923546 
33 99934684.057536 
34 99934684.110110 
35 99934684.114477 
36 99934684.114477 
37 99934684.202447 
38 99934684.252780 
39 99934684.390039 
40 99934684.915538 
41 99934684.946187 
42 99934684.946642 
43 99934685.011975 
44 99934685.011975 
45 99952471.267449 
46 99952471.399901 
47 99952471.451409 
48 99952471.529671 
49 99952471.530522 
50 99952471.637415 
51 99952471.818757 
52 99954035.640677 
53 99955271.729203 
54 99958110.326645 
55 99958110.330623 
56 99971333.152758 
57 99971333.152758 
58 99971333.152758 
59 99971333.323561 
60 99971333.323561 
61 99971333.341376 
62 99978677.312334 
63 99978677.327715 
64 99978677.329603 
65 99978677.331644 
66 99978677.456216 
67 99978677.494540 
68 99978677.654448 
69 99979071.871886 
70 99982594.808816 
71 99982594.875133 
72 99982594.875133 
73 99982594.875484 
74 99982594.875942 
75 99982594.875942 
76 99982594.945395 
77 99988134.240207 
78 99988134.279268 
79 99988134.282550 
80 99988134.282551 
81 99988690.646893 
82 99988690.646895 
83 99988690.646895 
84 99988690.658183 
85 99988690.670305 
86 99988690.670305 
87 99988690.693067 
88 99988690.702700 
89 99989090.221163 
90 99989834.800648 
91 99989834.803431 
92 99989834.811039 
93 99989834.814748 
94 99992670.507957 
95 99992670.521016 
96 99992670.532468 
97 99992949.088311 
98 99992949.088517 
99 99992949.103218 
100 99993317.518504 
101 99994323.205097 
102 99994323.208765 
103 99995172.735135 
104 99995172.766427 
105 99995238.925430 
106 99995238.927275 
107 99995238.933733 
108 99995238.939621 
109 99995238.939644 
110 99996049.188505 
111 99996215.013430 
112 99996215.018029 
113 99996215.022652 
114 99996215.029868 
115 99996215.047622 
116 99996215.060006 
117 99996215.063639 
118 99996215.063900 
119 99996578.575970 
120 99996578.581564 
121 99996578.581971 
122 99996753.403564 
123 99996753.407121 
124 99996890.249955 
125 99996890.251807 
126 99997860.896884 
127 99997860.898653 
128 99998082.599702 
129 99998178.820233 
130 99998178.823701 
131 99998178.827599 
132 99998178.828561 
133 99998178.832267 
134 99998312.438697 
135 99998312.440937 
136 99998356.150685 
137 99998356.151570 
138 99998356.154788 
139 99998530.692915 
140 99998530.694821 
141 99998530.695491 
142 99998531.442469 
143 99998531.443737 
144 99998531.444845 
145 99998566.354912 
146 99998566.356180 
147 99998577.695905 
148 99999115.914569 
149 99999115.915445 
150 99999232.538397 
151 99999250.199238 
152 99999250.201360 
153 99999311.740717 
154 99999311.741595 
155 99999311.742728 
156 99999311.743331 
157 99999618.038930 
158 99999618.039688 
159 99999618.040381 
160 99999618.041238 
161 99999672.730461 
162 99999822.085247 
163 99999912.979758 
164 99999912.980296 
165 99999927.433594 
166 99999930.013135 
167 99999930.013408 
168 99999930.013556 
169 99999930.013668 
170 99999930.013781 
171 99999935.594564 
172 99999935.594793 
173 99999935.595126 
174 99999935.595266 
175 99999935.595286 
176 99999935.595387 
177 99999935.595550 
178 99999935.595717 
179 99999935.595955 
180 99999935.596143 
181 99999935.596186 
182 99999935.596326 
183 99999935.596480 
184 99999935.596678 
185 99999935.596770 
186 99999935.596880 
187 99999935.597003 
188 99999935.597068 
189 99999935.597213 
190 99999935.597306 
191 99999935.597335 
192 99999935.597564 
193 99999935.597692 
194 99999935.597773 
195 99999935.597914 
196 99999935.597982 
197 99999935.598083 
198 99999935.598135 
199 99999935.598196 
200 99999935.598283 
201 99999935.598349 
202 99999935.598500 
203 99999941.059598 
204 99999941.059690 
205 99999941.059816 
206 99999941.059967 
207 99999945.270502 
208 99999945.270509 
209 99999945.270555 
210 99999948.307174 
211 99999950.220974 
212 99999951.783460 
213 99999951.783525 
214 99999951.783531 
215 99999951.783581 
216 99999951.783615 
217 99999951.783791 
218 99999951.783887 
219 99999951.783959 
220 99999951.784014 
221 99999951.784118 
222 99999951.784270 
223 99999951.784284 
224 99999951.784317 
225 99999951.784494 
226 99999951.784685 
227 99999968.495541 
228 99999968.495588 
229 99999968.495643 
230 99999968.495784 
231 99999968.495848 
232 99999970.773142 
233 99999970.773137 
234 99999970.773234 
235 99999970.773318 
