9.985645e-01 2.889002e-03
1.828999e-17 1.002313e+00
3.469234e-01 4.134502e-01
3.599840e-01 4.018523e-01
1.968413e-01 5.587201e-01
1.898943e-01 5.703872e-01
2.443126e-02 8.470400e-01
7.237548e-01 1.532303e-01
4.228599e-01 3.515247e-01
1.565993e-01 6.072833e-01
4.654812e-01 3.217628e-01
4.920732e-01 3.006676e-01
7.873849e-01 1.158993e-01
5.661734e-02 7.677146e-01
1.040747e-02 9.014080e-01
4.826690e-01 3.073028e-01
7.976997e-01 1.117815e-01
7.463231e-03 9.169697e-01
5.993386e-01 2.287912e-01
1.661732e-01 5.949361e-01
7.039770e-01 1.648354e-01
8.279142e-02 7.154927e-01
5.608176e-01 2.527359e-01
3.109797e-01 4.489410e-01
1.339474e-01 6.365370e-01
5.902042e-01 2.369756e-01
4.555511e-01 3.272857e-01
2.924528e-02 8.308442e-01
5.008879e-01 2.940997e-01
2.639584e-01 4.896969e-01
6.249898e-01 2.112193e-01
4.867865e-02 7.834699e-01
1.734232e-01 5.858462e-01
5.832641e-01 2.393671e-01
3.027696e-01 4.543401e-01
2.070353e-01 5.521538e-01
1.323337e-03 9.698975e-01
3.400595e-01 4.237834e-01
7.758550e-01 1.211699e-01
6.947623e-01 1.706565e-01
3.285219e-01 4.290961e-01
3.213478e-01 4.358725e-01
5.583307e-01 2.583243e-01
3.175888e-01 4.419966e-01
2.431347e-01 5.094785e-01
8.065087e-01 1.060153e-01
1.817878e-01 5.774185e-01
6.177688e-01 2.170572e-01
2.825670e-01 4.757572e-01
2.862893e-01 4.672126e-01
6.437688e-01 2.001207e-01
1.406996e-01 6.310334e-01
1.471484e-01 6.198352e-01
7.417263e-01 1.409996e-01
4.495281e-01 3.318095e-01
5.484274e-01 2.639567e-01
7.669952e-02 7.308573e-01
1.610916e-01 6.015971e-01
7.526091e-01 1.386119e-01
2.724117e-01 4.823930e-01
6.618134e-03 9.264891e-01
6.501453e-02 7.476557e-01
2.503509e-01 5.022796e-01
8.002683e-02 7.227539e-01
3.295926e-04 9.915016e-01
2.142108e-01 5.402752e-01
1.619931e-02 8.759793e-01
8.426818e-01 8.424885e-02
9.410094e-01 3.371312e-02
4.021143e-01 3.684506e-01
7.345003e-01 1.470430e-01
9.454340e-01 2.855531e-02
4.109200e-02 8.007458e-01
4.130810e-01 3.603531e-01
5.745529e-01 2.471868e-01
9.324984e-01 3.670395e-02
1.293273e-01 6.464037e-01
3.771701e-02 8.099710e-01
6.064802e-01 2.249119e-01
8.918634e-01 5.823373e-02
2.367129e-01 5.167562e-01
1.241557e-02 8.917795e-01
1.059704e-01 6.768690e-01
1.382258e-02 8.851054e-01
5.443228e-01 2.666627e-01
5.106600e-01 2.875600e-01
1.018782e-01 6.873247e-01
6.142999e-02 7.556237e-01
4.313222e-01 3.463850e-01
6.119344e-01 2.213342e-01
9.169821e-01 4.551326e-02
2.289692e-01 5.241213e-01
2.583723e-01 4.935755e-01
2.083267e-01 5.456663e-01
2.172096e-02 8.563995e-01
3.882626e-01 3.803923e-01
2.973383e-01 4.599801e-01
8.207590e-01 9.655441e-02
9.735824e-01 1.549781e-02
9.030427e-02 7.052002e-01
2.166306e-03 9.567212e-01
4.742449e-01 3.141938e-01
3.686448e-01 3.979944e-01
7.270995e-02 7.376992e-01
1.246053e-01 6.541353e-01
2.922161e-01 4.626113e-01
8.693792e-01 7.121359e-02
6.877725e-01 1.725431e-01
6.651647e-01 1.883180e-01
3.807980e-01 3.868232e-01
6.350913e-01 2.068303e-01
6.723707e-01 1.826282e-01
6.921660e-02 7.418331e-01
5.180579e-01 2.819873e-01
8.122724e-01 1.030479e-01
4.066933e-01 3.643987e-01
3.514646e-02 8.201821e-01
2.202903e-01 5.364969e-01
3.748327e-01 3.910394e-01
9.879571e-01 8.667404e-03
9.788791e-02 6.939919e-01
8.391586e-01 8.607913e-02
8.294030e-01 9.261984e-02
9.823084e-01 1.098146e-02
1.437434e-01 6.236473e-01
9.026731e-01 5.496836e-02
8.524878e-01 7.829960e-02
8.878374e-01 6.000658e-02
3.336653e-01 4.243262e-01
9.634976e-01 2.009965e-02
2.749449e-01 4.788090e-01
1.778732e-01 5.816542e-01
4.428091e-01 3.368926e-01
2.546509e-01 4.994824e-01
1.186989e-01 6.598476e-01
3.193708e-02 8.290525e-01
9.952300e-01 6.593845e-03
3.360487e-03 9.455634e-01
5.073795e-01 2.905635e-01
8.313947e-01 9.010351e-02
1.133097e-01 6.705075e-01
7.115871e-01 1.595682e-01
9.249720e-01 4.361426e-02
5.746123e-01 2.463278e-01
7.131283e-01 1.580964e-01
6.561814e-01 1.923011e-01
4.750561e-01 3.128211e-01
8.732279e-01 6.781909e-02
7.732802e-01 1.257557e-01
8.161919e-01 9.822941e-02
4.418334e-01 3.408681e-01
1.042921e-01 6.811647e-01
9.100584e-01 4.882047e-02
1.822819e-02 8.683941e-01
6.340598e-01 2.082380e-01
9.277350e-01 4.058606e-02
9.490786e-02 6.975445e-01
8.811468e-01 6.438138e-02
9.552297e-01 2.706401e-02
3.873918e-01 3.857686e-01
6.821905e-01 1.761736e-01
2.239141e-01 5.326314e-01
1.133097e-01 6.705075e-01
2.397257e-01 5.150124e-01
5.059306e-03 9.362866e-01
3.959041e-01 3.754221e-01
8.625023e-01 7.520939e-02
7.557027e-01 1.330890e-01
5.268985e-01 2.787669e-01
7.356801e-01 1.442764e-01
9.761741e-01 1.396849e-02
3.960621e-01 3.746829e-01
3.716639e-01 3.950198e-01
9.558142e-01 2.489930e-02
4.507486e-02 7.927914e-01
6.610039e-01 1.891723e-01
4.760893e-02 7.837166e-01
6.519436e-01 1.954701e-01
6.493554e-01 1.983350e-01
3.543559e-02 8.151546e-01
7.594364e-01 1.321055e-01
9.626804e-01 2.142371e-02
6.612414e-04 9.795289e-01
1.268103e-01 6.495175e-01
5.304004e-01 2.764974e-01
2.521057e-03 9.524095e-01
7.635137e-01 1.282824e-01
4.987818e-04 9.815541e-01
7.661543e-01 1.265138e-01
5.224968e-01 2.818758e-01
8.613041e-01 7.655687e-02
6.754384e-01 1.809022e-01
6.799161e-01 1.785463e-01
9.093579e-02 7.014454e-01
8.802670e-01 6.679335e-02
5.347036e-01 2.741256e-01
1.186989e-01 6.598476e-01
4.280072e-03 9.378214e-01
9.026731e-01 5.496836e-02
2.072662e-02 8.622713e-01
