# This file contains information about inputs as read by the program

 Population size = 200
 Number of generations = 235
 Number of objective functions = 2
 Number of constraints = 0
 Number of real variables = 10
 Lower limit of real variable 1 = 0.000000e+00
 Upper limit of real variable 1 = 1.000000e+00
 Lower limit of real variable 2 = -5.000000e+00
 Upper limit of real variable 2 = 5.000000e+00
 Lower limit of real variable 3 = -5.000000e+00
 Upper limit of real variable 3 = 5.000000e+00
 Lower limit of real variable 4 = -5.000000e+00
 Upper limit of real variable 4 = 5.000000e+00
 Lower limit of real variable 5 = -5.000000e+00
 Upper limit of real variable 5 = 5.000000e+00
 Lower limit of real variable 6 = -5.000000e+00
 Upper limit of real variable 6 = 5.000000e+00
 Lower limit of real variable 7 = -5.000000e+00
 Upper limit of real variable 7 = 5.000000e+00
 Lower limit of real variable 8 = -5.000000e+00
 Upper limit of real variable 8 = 5.000000e+00
 Lower limit of real variable 9 = -5.000000e+00
 Upper limit of real variable 9 = 5.000000e+00
 Lower limit of real variable 10 = -5.000000e+00
 Upper limit of real variable 10 = 5.000000e+00
 Probability of crossover of real variable = 9.000000e-01
 Probability of mutation of real variable = 1.500000e-01
 Distribution index for crossover = 1.500000e+01
 Distribution index for mutation = 2.000000e+01
 Number of binary variables = 0
 Seed for random number generator = 9.200000e-01
 Number of crossover of real variable = 21085
 Number of mutation of real variable = 70155