# This file contains stats about hypervolume
1 98927704.507823 
2 98927719.516221 
3 99058067.468415 
4 99058069.733489 
5 99080733.696255 
6 99337367.073230 
7 99401952.802844 
8 99401960.238599 
9 99401963.750611 
10 99460422.411875 
11 99460443.991763 
12 99469551.959014 
13 99469551.975556 
14 99597351.685943 
15 99619290.740495 
16 99619291.645514 
17 99668882.769229 
18 99679506.141256 
19 99679506.412862 
20 99688543.379419 
21 99694352.825977 
22 99706120.083685 
23 99778554.354586 
24 99778554.577874 
25 99778556.446142 
26 99795796.070550 
27 99795797.469926 
28 99795798.597961 
29 99795800.303187 
30 99822148.690246 
31 99822149.056015 
32 99822149.064147 
33 99822149.837637 
34 99822654.606143 
35 99826228.650689 
36 99826229.714742 
37 99840507.801111 
38 99840507.911922 
39 99840508.855581 
40 99840632.134431 
41 99840632.134513 
42 99840632.728508 
43 99842934.363546 
44 99851768.177516 
45 99861316.606561 
46 99861316.693949 
47 99861317.482991 
48 99876505.964563 
49 99876505.970023 
50 99897210.676637 
51 99897210.907394 
52 99906489.728399 
53 99906490.443641 
54 99906490.741381 
55 99907131.411370 
56 99907132.242608 
57 99912396.460872 
58 99914325.157386 
59 99929493.691731 
60 99929493.711739 
61 99929493.717012 
62 99935301.383785 
63 99936261.364724 
64 99936261.434277 
65 99936261.660951 
66 99936270.187572 
67 99936270.250301 
68 99936802.777551 
69 99944662.484637 
70 99944662.646050 
71 99945861.389334 
72 99945861.405838 
73 99946414.796522 
74 99946414.872664 
75 99952587.978238 
76 99952587.986439 
77 99953821.771513 
78 99953949.813675 
79 99953949.929711 
80 99953949.999147 
81 99953950.002864 
82 99954255.709229 
83 99954302.301751 
84 99954302.325055 
85 99954302.337227 
86 99975909.266468 
87 99976786.713475 
88 99981697.559130 
89 99982209.286483 
90 99982209.311968 
91 99982209.312028 
92 99983001.368764 
93 99983001.411004 
94 99983758.800714 
95 99983758.837570 
96 99983758.840548 
97 99983758.845835 
98 99984120.188065 
99 99984120.194175 
100 99985935.482350 
101 99985935.507657 
102 99985935.564403 
103 99985935.572027 
104 99985935.607853 
105 99985935.612719 
106 99986455.006635 
107 99986504.182759 
108 99986504.191364 
109 99986504.212632 
110 99986725.570957 
111 99986725.575505 
112 99986725.586426 
113 99987836.917681 
114 99987836.940119 
115 99987836.947687 
116 99987836.963575 
117 99988300.623696 
118 99988479.889166 
119 99988671.284569 
120 99989002.061039 
121 99989002.071405 
122 99989215.425312 
123 99989215.430629 
124 99989215.440668 
125 99989215.442210 
126 99989215.451722 
127 99989363.859420 
128 99989363.860442 
129 99989363.871899 
130 99989363.890251 
131 99989460.724707 
132 99989460.735277 
133 99989943.828004 
134 99989943.834481 
135 99989993.605926 
136 99990132.495334 
137 99990132.498081 
138 99990132.515920 
139 99990140.098928 
140 99990140.107214 
141 99990140.118464 
142 99990479.696249 
143 99990479.699414 
144 99990479.702982 
145 99990479.717382 
146 99990530.126218 
147 99990530.129014 
148 99990762.336458 
149 99990839.643995 
150 99990839.644992 
151 99990846.303341 
152 99990846.310282 
153 99990846.312767 
154 99990846.844583 
155 99991148.773503 
156 99991913.772615 
157 99991937.387065 
158 99991942.177765 
159 99991942.195239 
160 99991942.201468 
161 99991942.216438 
162 99991942.224502 
163 99991942.228504 
164 99991942.256110 
165 99991942.259755 
166 99991942.269382 
167 99991942.272621 
168 99991942.521550 
169 99991942.531070 
170 99991955.338741 
171 99991955.360087 
172 99991955.366946 
173 99992988.474993 
174 99992988.506228 
175 99992988.521081 
176 99992988.531362 
177 99992988.537637 
178 99992988.557850 
179 99994163.762376 
180 99994163.783821 
181 99994168.683397 
182 99994168.687212 
183 99994615.391643 
184 99994663.415367 
185 99994663.423679 
186 99994857.048330 
187 99995154.552100 
188 99995154.571660 
189 99995154.575499 
190 99995154.595892 
191 99995154.613262 
192 99995557.251357 
193 99995728.836768 
194 99995728.846256 
195 99995728.859848 
196 99995756.033046 
197 99995756.655355 
198 99995756.659051 
199 99995756.663093 
200 99995965.997983 
201 99995966.002705 
202 99995966.007152 
203 99995966.008260 
204 99995966.009502 
205 99995979.706066 
206 99996020.230262 
207 99996425.353215 
208 99996425.353666 
209 99996426.034914 
210 99996426.037071 
211 99996426.038557 
212 99996426.038129 
213 99996426.039319 
214 99996426.709430 
215 99996426.710230 
216 99996530.063809 
217 99996530.063923 
218 99996609.414609 
219 99996609.414861 
220 99996764.852740 
221 99996764.857347 
222 99996764.858375 
223 99996764.857797 
224 99996771.243991 
225 99996771.628251 
226 99996771.628565 
227 99996771.629246 
228 99996776.005100 
229 99996776.004516 
230 99996776.739294 
231 99996776.739579 
232 99996776.740245 
233 99996778.861254 
234 99996778.861317 
235 99996778.862613 
236 99996778.863202 
237 99996826.329942 
238 99996828.434176 
239 99996828.434348 
240 99996828.434772 
241 99996945.465974 
242 99996945.500875 
243 99996959.739089 
244 99996959.740250 
245 99997024.861012 
246 99998495.701946 
247 99998495.723032 
248 99998495.764890 
249 99998495.784913 
250 99998495.807322 
251 99998495.812110 
252 99998503.945551 
253 99998503.964421 
254 99998503.995302 
255 99998509.593312 
256 99998514.397861 
257 99998514.885816 
258 99998519.032561 
259 99998519.039854 
260 99998521.266592 
261 99998521.268102 
262 99998521.269471 
263 99998521.270244 
264 99998521.271835 
265 99998521.275773 
266 99998523.404074 
267 99998523.420420 
268 99998523.422010 
269 99998525.770301 
270 99998525.786936 
271 99999011.299026 
272 99999011.320031 
273 99999256.469026 
274 99999326.717566 
275 99999482.208949 
276 99999581.363487 
277 99999581.365471 
278 99999581.366326 
279 99999583.800229 
280 99999798.006263 
281 99999798.012081 
282 99999798.013792 
283 99999856.767442 
284 99999856.770124 
285 99999856.769996 
286 99999856.770498 
287 99999856.772949 
288 99999868.731632 
289 99999870.071610 
290 99999870.070917 
291 99999870.072155 
292 99999870.072481 
293 99999870.073707 
294 99999870.073213 
295 99999871.214038 
296 99999871.213324 
297 99999871.212874 
298 99999871.246058 
299 99999871.245868 
300 99999871.673656 
301 99999871.963640 
302 99999874.301489 
303 99999874.301771 
304 99999874.303091 
305 99999880.317437 
306 99999880.402907 
307 99999880.403244 
308 99999880.562628 
309 99999880.563367 
310 99999880.561994 
311 99999880.562086 
312 99999880.562149 
313 99999880.562136 
314 99999880.561826 
315 99999890.592140 
316 99999890.592811 
317 99999890.593340 
318 99999890.593292 
319 99999890.593513 
320 99999890.593850 
321 99999890.593373 
322 99999890.593540 
323 99999890.593554 
324 99999890.593497 
325 99999890.593986 
326 99999890.592787 
327 99999890.592484 
328 99999890.835363 
329 99999890.835103 
330 99999890.835516 
331 99999890.836469 
332 99999890.835385 
333 99999891.073829 
334 99999891.290688 
335 99999891.289569 
336 99999891.290231 
337 99999891.289922 
338 99999891.290261 
339 99999891.289889 
340 99999891.423289 
341 99999891.422883 
342 99999891.423119 
343 99999891.599014 
344 99999891.629511 
345 99999891.851152 
346 99999891.850991 
347 99999891.849664 
348 99999892.016449 
349 99999892.015858 
350 99999892.150101 
351 99999892.150717 
352 99999892.152041 
353 99999892.152000 
354 99999892.152409 
355 99999892.152778 
356 99999892.172267 
357 99999892.673757 
358 99999893.243230 
359 99999893.242733 
360 99999893.241450 
361 99999893.498017 
362 99999894.347254 
363 99999894.347859 
364 99999894.347548 
365 99999894.347399 
366 99999894.347078 
367 99999894.347283 
368 99999894.348157 
369 99999894.346928 
370 99999894.348117 
371 99999894.348566 
372 99999894.347199 
373 99999894.346441 
374 99999894.346961 
375 99999894.347911 
376 99999894.349151 
377 99999894.381941 
378 99999894.381867 
379 99999894.381675 
380 99999894.380389 
381 99999894.405946 
382 99999894.669186 
383 99999894.669129 
384 99999894.777274 
385 99999894.776846 
386 99999894.776277 
387 99999894.775774 
388 99999904.783274 
389 99999904.783581 
390 99999904.784840 
391 99999904.784778 
392 99999904.784354 
393 99999904.784196 
394 99999904.784403 
395 99999904.782594 
396 99999904.783018 
397 99999904.784284 
398 99999904.858527 
399 99999904.859030 
400 99999904.858347 
401 99999904.857700 
402 99999904.957639 
403 99999911.443586 
404 99999911.633904 
405 99999911.634099 
406 99999911.633953 
407 99999911.633119 
408 99999911.633224 
409 99999911.633416 
410 99999911.631518 
411 99999911.702319 
412 99999911.702844 
413 99999913.951575 
414 99999913.984935 
415 99999913.983551 
416 99999913.985836 
417 99999913.985265 
418 99999913.995930 
419 99999916.757485 
420 99999916.757295 
421 99999916.757127 
422 99999916.757487 
423 99999916.758135 
424 99999916.791044 
425 99999916.790979 
426 99999916.791720 
427 99999916.792481 
428 99999916.792488 
429 99999917.074189 
430 99999917.074898 
431 99999917.074953 
432 99999917.074164 
433 99999917.073349 
434 99999917.073707 
435 99999917.081512 
436 99999917.082459 
437 99999917.083415 
438 99999917.084085 
439 99999968.764849 
440 99999968.764190 
441 99999968.764909 
442 99999968.765469 
443 99999968.765280 
444 99999968.765856 
445 99999968.765568 
446 99999968.764875 
447 99999968.763054 
448 99999968.764398 
449 99999968.766138 
450 99999968.842336 
451 99999968.843339 
452 99999968.843319 
453 99999968.842699 
454 99999968.842956 
455 99999968.843511 
456 99999968.844078 
457 99999969.017137 
458 99999969.017092 
459 99999969.016519 
460 99999969.015900 
461 99999969.474577 
462 99999969.475308 
463 99999969.475598 
464 99999969.474654 
465 99999969.474687 
466 99999969.475079 
467 99999969.475100 
468 99999969.542155 
469 99999969.542827 
470 99999969.542636 
471 99999969.542463 
472 99999969.542861 
473 99999969.543125 
474 99999969.869722 
475 99999969.874784 
476 99999969.873846 
477 99999969.873891 
478 99999969.873063 
479 99999969.873304 
480 99999969.876359 
481 99999969.877117 
482 99999969.876678 
483 99999969.876012 
484 99999969.876265 
485 99999969.876095 
486 99999969.874441 
487 99999969.875036 
488 99999969.877995 
489 99999969.877918 
490 99999969.878219 
491 99999969.877028 
492 99999969.880158 
493 99999969.880216 
494 99999969.878877 
495 99999969.879651 
496 99999969.887051 
497 99999969.901135 
498 99999969.901229 
499 99999969.901286 
500 99999969.900348 
501 99999969.901365 
502 99999969.901363 
503 99999969.902158 
504 99999969.902170 
505 99999969.901818 
506 99999969.900976 
507 99999969.900881 
508 99999969.901632 
509 99999969.902106 
510 99999969.901011 
511 99999969.901686 
512 99999969.901168 
513 99999969.900741 
514 99999969.900786 
515 99999969.901008 
516 99999969.900405 
517 99999969.900989 
518 99999969.901008 
519 99999969.901429 
520 99999969.902023 
521 99999969.901516 
522 99999969.901954 
523 99999969.902440 
524 99999969.902539 
525 99999969.902766 
526 99999969.899942 
527 99999969.899890 
528 99999969.901249 
529 99999970.110581 
530 99999970.110362 
531 99999970.110409 
532 99999970.110954 
533 99999970.111256 
534 99999970.111596 
535 99999970.111721 
536 99999970.166581 
537 99999970.166284 
538 99999970.166501 
539 99999983.481473 
540 99999983.480967 
541 99999983.480788 
542 99999983.549750 
543 99999983.895733 
544 99999983.907354 
545 99999983.907250 
546 99999983.908396 
547 99999983.908005 
548 99999983.909118 
549 99999983.908644 
550 99999983.908215 
551 99999983.907824 
552 99999983.907883 
553 99999983.908182 
554 99999983.908812 
555 99999983.908747 
556 99999983.909094 
557 99999983.920090 
558 99999984.237934 
559 99999984.237480 
560 99999984.236842 
561 99999984.236931 
562 99999984.237963 
563 99999984.237784 
564 99999984.237276 
565 99999984.251818 
566 99999984.251932 
567 99999984.252662 
568 99999984.251538 
569 99999984.250376 
570 99999984.251259 
571 99999984.251111 
572 99999984.329658 
573 99999984.329630 
574 99999984.329898 
575 99999984.330179 
576 99999984.333170 
577 99999984.333368 
578 99999984.338489 
579 99999984.338491 
580 99999984.338828 
581 99999984.338983 
582 99999984.338627 
583 99999984.339255 
584 99999984.339119 
585 99999984.346067 
586 99999984.345665 
587 99999984.345328 
588 99999984.345259 
589 99999984.345803 
590 99999984.345595 
591 99999984.345303 
592 99999984.344437 
593 99999984.344906 
594 99999984.378092 
595 99999984.377832 
596 99999984.377814 
597 99999984.378811 
598 99999984.378696 
599 99999984.377502 
600 99999984.381414 
601 99999984.381368 
602 99999984.381971 
603 99999984.381621 
604 99999984.381829 
605 99999984.382482 
606 99999984.382741 
607 99999984.382873 
608 99999984.382203 
609 99999984.411582 
610 99999984.410330 
611 99999984.410732 
612 99999984.506060 
613 99999984.527755 
614 99999984.527401 
615 99999984.527652 
616 99999984.527391 
617 99999984.526794 
618 99999987.388397 
619 99999987.401079 
620 99999987.401743 
621 99999987.401416 
622 99999987.401309 
623 99999987.401473 
624 99999987.401388 
625 99999987.401346 
626 99999987.401888 
627 99999987.404355 
628 99999987.430212 
629 99999987.430124 
630 99999987.430657 
631 99999987.431348 
632 99999987.430928 
633 99999987.431548 
634 99999987.430319 
635 99999987.430532 
636 99999987.430812 
637 99999987.430977 
638 99999987.430974 
639 99999987.431250 
640 99999987.430174 
641 99999987.429933 
642 99999987.430257 
643 99999987.430178 
644 99999987.433998 
645 99999987.473744 
646 99999987.475117 
647 99999987.474676 
648 99999987.475106 
649 99999987.474939 
650 99999987.473195 
651 99999987.473580 
652 99999987.474636 
653 99999987.474880 
654 99999987.475566 
655 99999987.475812 
656 99999987.475723 
657 99999987.475818 
658 99999987.475253 
659 99999987.474619 
660 99999987.475105 
661 99999987.476188 
662 99999987.474075 
663 99999987.483700 
664 99999987.483578 
665 99999987.483590 
666 99999987.483911 
667 99999987.483679 
668 99999987.482990 
669 99999987.484372 
670 99999987.484930 
671 99999987.485200 
672 99999987.495063 
673 99999987.494787 
674 99999987.495706 
675 99999987.494689 
676 99999987.494710 
677 99999987.492550 
678 99999987.493631 
679 99999987.493046 
680 99999987.493115 
681 99999987.492821 
682 99999987.493281 
683 99999987.493426 
684 99999987.494670 
685 99999987.494751 
686 99999987.530639 
687 99999987.531771 
688 99999987.532194 
689 99999987.530376 
690 99999987.531410 
691 99999987.545617 
692 99999987.545242 
693 99999987.544702 
694 99999987.544287 
695 99999987.544076 
696 99999987.544569 
697 99999987.545330 
698 99999987.545227 
699 99999987.546337 
700 99999987.546217 
701 99999987.546053 
702 99999987.545955 
703 99999987.545675 
704 99999987.546224 
705 99999987.545197 
706 99999987.544348 
707 99999987.544749 
708 99999987.545297 
709 99999987.544832 
710 99999987.545619 
711 99999987.545698 
712 99999987.546387 
713 99999987.636398 
714 99999987.636386 
715 99999987.637209 
716 99999987.637038 
717 99999987.637334 
718 99999987.637088 
719 99999987.637004 
720 99999987.637696 
721 99999987.636162 
722 99999987.637460 
723 99999987.637934 
724 99999987.639016 
725 99999987.643748 
726 99999987.642189 
727 99999987.644869 
728 99999987.643675 
729 99999987.644585 
730 99999987.645643 
731 99999987.646112 
732 99999987.645142 
733 99999987.644633 
734 99999987.645079 
735 99999987.645022 
736 99999987.645187 
737 99999987.645634 
738 99999987.646019 
739 99999987.644473 
740 99999987.644228 
741 99999987.643580 
742 99999987.644350 
743 99999987.645172 
744 99999987.645440 
745 99999987.665574 
746 99999987.665259 
747 99999987.665861 
748 99999987.665537 
749 99999987.666997 
750 99999987.666713 
751 99999987.666595 
752 99999987.666922 
753 99999987.667379 
754 99999987.666775 
755 99999987.667494 
756 99999987.667284 
757 99999987.667350 
758 99999987.667549 
759 99999987.667275 
760 99999987.666294 
761 99999987.664486 
762 99999987.668762 
763 99999987.670116 
764 99999987.670305 
765 99999987.670131 
766 99999987.671053 
767 99999987.670645 
768 99999987.670696 
769 99999987.671059 
770 99999987.671837 
771 99999987.669837 
772 99999987.670177 
773 99999987.671011 
774 99999987.669602 
775 99999987.670126 
776 99999987.671996 
777 99999987.671948 
778 99999987.672661 
779 99999987.673128 
780 99999987.673327 
781 99999987.673313 
782 99999987.672688 
783 99999987.672062 
784 99999987.672643 
785 99999987.672629 
786 99999987.671833 
787 99999987.671920 
788 99999987.672364 
789 99999987.672187 
790 99999987.671573 
791 99999987.672167 
792 99999987.672314 
793 99999987.671646 
794 99999987.671976 
795 99999987.672464 
796 99999987.672570 
797 99999987.671764 
798 99999987.671830 
799 99999987.671288 
800 99999987.670373 
801 99999987.671046 
802 99999987.671983 
803 99999987.672574 
804 99999987.673028 
805 99999987.672881 
806 99999987.673151 
807 99999987.672759 
808 99999987.672918 
809 99999987.671934 
810 99999987.673824 
811 99999987.673761 
812 99999987.674693 
813 99999987.674982 
814 99999987.674588 
815 99999987.674469 
816 99999987.674184 
817 99999987.674501 
818 99999987.674054 
819 99999987.675216 
820 99999987.674773 
821 99999987.674934 
822 99999987.674560 
823 99999987.674646 
824 99999987.675197 
825 99999987.674957 
826 99999987.675322 
827 99999987.674878 
828 99999987.674589 
829 99999987.675030 
830 99999987.675238 
831 99999987.674044 
832 99999987.673090 
833 99999987.673253 
834 99999987.674915 
835 99999987.675551 
836 99999987.675562 
837 99999987.676778 
838 99999987.676139 
839 99999987.676248 
840 99999987.676069 
841 99999987.675001 
842 99999987.676093 
843 99999987.675378 
844 99999987.673488 
845 99999987.673394 
846 99999987.673859 
847 99999987.674547 
848 99999987.675467 
849 99999987.676671 
850 99999987.677612 
851 99999987.676275 
852 99999987.675627 
853 99999987.675935 
854 99999987.675124 
855 99999987.675897 
856 99999987.676742 
857 99999987.676373 
858 99999987.675900 
859 99999987.675716 
860 99999987.676371 
861 99999987.674859 
862 99999987.675663 
863 99999987.676069 
864 99999987.676196 
865 99999987.675880 
866 99999987.675746 
867 99999987.674974 
868 99999987.675814 
869 99999987.674509 
870 99999987.675477 
871 99999987.674962 
872 99999987.675561 
873 99999987.676442 
874 99999987.676578 
875 99999987.677176 
876 99999987.677179 
877 99999987.677461 
878 99999987.676726 
879 99999987.677229 
880 99999987.676699 
881 99999987.677318 
882 99999987.677013 
883 99999987.676465 
884 99999987.676286 
885 99999987.675756 
886 99999987.675078 
887 99999987.676873 
888 99999987.676946 
889 99999987.677210 
890 99999987.677124 
891 99999987.675830 
892 99999987.676922 
893 99999987.677636 
894 99999987.676951 
895 99999987.677480 
896 99999987.677480 
897 99999987.676595 
898 99999987.675562 
899 99999987.676472 
900 99999987.676453 
901 99999987.675574 
902 99999987.676437 
903 99999987.676146 
904 99999987.675418 
905 99999987.676469 
906 99999987.676738 
907 99999987.676598 
908 99999987.676333 
909 99999987.676094 
910 99999987.676386 
911 99999987.676241 
912 99999987.676326 
913 99999987.677379 
914 99999987.675909 
915 99999987.675822 
916 99999987.676207 
917 99999987.675773 
918 99999987.675771 
919 99999987.676102 
920 99999987.676913 
921 99999987.677186 
922 99999987.677580 
923 99999987.676989 
924 99999987.677760 
925 99999987.677426 
926 99999987.677251 
927 99999987.677244 
928 99999987.677510 
929 99999987.676977 
930 99999987.677464 
931 99999987.677257 
932 99999987.677709 
933 99999987.679145 
934 99999987.722931 
935 99999987.722225 
936 99999987.721379 
937 99999987.722122 
938 99999987.722873 
939 99999987.723258 
940 99999987.725530 
941 99999987.724237 
942 99999987.723594 
943 99999987.724264 
944 99999987.725047 
945 99999987.740132 
946 99999987.739948 
947 99999987.739649 
948 99999987.739605 
949 99999987.740277 
950 99999987.740133 
951 99999987.738711 
952 99999987.738919 
953 99999987.739568 
954 99999987.739827 
955 99999987.740150 
956 99999987.739406 
957 99999987.740370 
958 99999987.739909 
959 99999987.742810 
960 99999987.742589 
961 99999987.742340 
962 99999987.742520 
963 99999987.742187 
964 99999987.742501 
965 99999987.742497 
966 99999987.742646 
967 99999987.742855 
968 99999987.743162 
969 99999987.743192 
970 99999987.742860 
971 99999987.743405 
972 99999987.743596 
973 99999987.742805 
974 99999987.742755 
975 99999987.744996 
976 99999987.746043 
977 99999987.745977 
978 99999987.744346 
979 99999987.744611 
980 99999987.749439 
981 99999987.749720 
982 99999987.749349 
983 99999987.756920 
984 99999987.756958 
985 99999987.758113 
986 99999987.757519 
987 99999987.757891 
988 99999987.758419 
989 99999987.757556 
990 99999987.814199 
991 99999987.811965 
992 99999987.813994 
993 99999987.815136 
994 99999987.815228 
995 99999987.814851 
996 99999987.814524 
997 99999987.814421 
998 99999987.814728 
999 99999987.814631 
1000 99999987.815318 
1001 99999987.815025 
1002 99999987.814405 
1003 99999987.814485 
1004 99999987.815086 
1005 99999987.815184 
1006 99999987.814994 
1007 99999987.814150 
1008 99999987.814437 
1009 99999987.814596 
1010 99999987.814230 
1011 99999987.814950 
1012 99999987.814826 
1013 99999987.814782 
1014 99999987.815129 
1015 99999987.813894 
1016 99999987.813650 
1017 99999987.814415 
1018 99999987.814028 
1019 99999987.813312 
1020 99999987.815060 
1021 99999987.815472 
1022 99999987.814437 
1023 99999987.814679 
1024 99999987.814681 
1025 99999987.814475 
1026 99999987.813879 
1027 99999987.814047 
1028 99999987.813754 
1029 99999987.813431 
1030 99999987.813906 
1031 99999987.814730 
1032 99999987.813915 
1033 99999987.814390 
1034 99999987.813937 
1035 99999987.814134 
1036 99999987.814153 
1037 99999987.814904 
1038 99999987.814449 
1039 99999987.813678 
1040 99999987.813854 
1041 99999987.814535 
1042 99999987.814379 
1043 99999987.814568 
1044 99999987.814245 
1045 99999987.815020 
1046 99999987.814410 
1047 99999987.814817 
1048 99999987.814826 
1049 99999987.817904 
1050 99999987.817793 
1051 99999987.817831 
1052 99999987.816898 
1053 99999987.817692 
1054 99999987.822514 
1055 99999987.822016 
1056 99999987.821237 
1057 99999987.822212 
1058 99999987.822327 
1059 99999987.822252 
1060 99999987.823245 
1061 99999987.823404 
1062 99999987.822445 
1063 99999987.822899 
1064 99999987.823161 
1065 99999987.823422 
1066 99999987.823407 
1067 99999987.823640 
1068 99999987.823115 
1069 99999987.823110 
1070 99999987.822629 
1071 99999987.822430 
1072 99999987.822682 
1073 99999987.822463 
1074 99999987.822492 
1075 99999987.823460 
1076 99999987.823534 
1077 99999987.823845 
1078 99999987.822664 
1079 99999987.823989 
1080 99999987.823282 
1081 99999987.823736 
1082 99999987.823383 
1083 99999987.822861 
1084 99999987.828902 
1085 99999987.830048 
1086 99999987.829907 
1087 99999987.830338 
1088 99999987.829569 
1089 99999987.829520 
1090 99999987.829550 
1091 99999987.829984 
1092 99999987.829651 
1093 99999987.831018 
1094 99999987.830572 
1095 99999987.830790 
1096 99999987.830782 
1097 99999987.830781 
1098 99999987.829078 
1099 99999987.829969 
1100 99999987.830407 
1101 99999987.830892 
1102 99999987.829323 
1103 99999987.828993 
1104 99999989.612437 
1105 99999989.612502 
1106 99999989.612826 
1107 99999989.613273 
1108 99999989.613499 
1109 99999989.613402 
1110 99999989.613335 
1111 99999989.613641 
1112 99999989.613694 
1113 99999989.613281 
1114 99999989.613517 
1115 99999989.612720 
1116 99999989.612460 
1117 99999989.613071 
1118 99999989.613918 
1119 99999989.613388 
1120 99999989.613170 
1121 99999989.613328 
1122 99999992.016258 
1123 99999992.016201 
1124 99999992.016081 
1125 99999992.015578 
1126 99999992.015409 
1127 99999992.015189 
1128 99999992.015755 
1129 99999992.016382 
1130 99999992.016956 
1131 99999992.016395 
1132 99999992.017103 
1133 99999992.016763 
1134 99999992.015958 
1135 99999992.025658 
1136 99999992.026071 
1137 99999992.025414 
1138 99999992.026042 
1139 99999992.027582 
1140 99999992.027589 
1141 99999992.027954 
1142 99999992.027837 
1143 99999992.027290 
1144 99999992.027800 
1145 99999992.044887 
1146 99999992.044840 
1147 99999992.045013 
1148 99999992.045433 
1149 99999992.045493 
1150 99999992.044335 
1151 99999992.055701 
1152 99999992.056276 
1153 99999993.098534 
1154 99999993.098780 
1155 99999993.097555 
1156 99999993.517030 
1157 99999993.514667 
1158 99999993.514701 
1159 99999993.516081 
1160 99999993.670545 
1161 99999993.670448 
1162 99999993.708201 
1163 99999993.708508 
1164 99999993.710267 
1165 99999993.710308 
1166 99999993.708743 
1167 99999993.709297 
1168 99999993.709122 
1169 99999993.709944 
1170 99999993.710740 
1171 99999993.710874 
1172 99999993.711056 
1173 99999993.760674 
1174 99999993.760936 
1175 99999994.069024 
